[0.009s] Invoking command in '/home/abdullrahmman/turtlesim_ws/build/turtlesim_interfaces': CMAKE_PREFIX_PATH=${CMAKE_PREFIX_PATH}:/home/abdullrahmman/ros2_ws/install/simple_py_pkg:/home/abdullrahmman/turtlesim_ws/install/turtlesim_py_pkg:/opt/ros/humble /usr/bin/cmake --build /home/abdullrahmman/turtlesim_ws/build/turtlesim_interfaces -- -j12 -l12
[0.053s] [35m[1mConsolidate compiler generated dependencies of target turtlesim_interfaces__rosidl_generator_c[0m
[0.066s] [  2%] Built target turtlesim_interfaces__cpp
[0.069s] [ 12%] Built target turtlesim_interfaces__rosidl_generator_c
[0.073s] [ 12%] Built target ament_cmake_python_copy_turtlesim_interfaces
[0.085s] [35m[1mConsolidate compiler generated dependencies of target turtlesim_interfaces__rosidl_typesupport_fastrtps_c[0m
[0.085s] [35m[1mConsolidate compiler generated dependencies of target turtlesim_interfaces__rosidl_typesupport_introspection_c[0m
[0.087s] [35m[1mConsolidate compiler generated dependencies of target turtlesim_interfaces__rosidl_typesupport_cpp[0m
[0.088s] [35m[1mConsolidate compiler generated dependencies of target turtlesim_interfaces__rosidl_typesupport_fastrtps_cpp[0m
[0.088s] [35m[1mConsolidate compiler generated dependencies of target turtlesim_interfaces__rosidl_typesupport_introspection_cpp[0m
[0.090s] [35m[1mConsolidate compiler generated dependencies of target turtlesim_interfaces__rosidl_typesupport_c[0m
[0.099s] [ 28%] Built target turtlesim_interfaces__rosidl_typesupport_fastrtps_c
[0.100s] [ 33%] Built target turtlesim_interfaces__rosidl_typesupport_introspection_c
[0.104s] [ 43%] Built target turtlesim_interfaces__rosidl_typesupport_c
[0.105s] [ 53%] Built target turtlesim_interfaces__rosidl_typesupport_cpp
[0.106s] [ 69%] Built target turtlesim_interfaces__rosidl_typesupport_fastrtps_cpp
[0.107s] [ 74%] Built target turtlesim_interfaces__rosidl_typesupport_introspection_cpp
[0.129s] [ 74%] Built target turtlesim_interfaces
[0.153s] [ 76%] Built target turtlesim_interfaces__py
[0.167s] [35m[1mConsolidate compiler generated dependencies of target turtlesim_interfaces__rosidl_generator_py[0m
[0.184s] [ 84%] Built target turtlesim_interfaces__rosidl_generator_py
[0.197s] [35m[1mConsolidate compiler generated dependencies of target turtlesim_interfaces__rosidl_typesupport_c__pyext[0m
[0.197s] [35m[1mConsolidate compiler generated dependencies of target turtlesim_interfaces__rosidl_typesupport_fastrtps_c__pyext[0m
[0.197s] [35m[1mConsolidate compiler generated dependencies of target turtlesim_interfaces__rosidl_typesupport_introspection_c__pyext[0m
[0.210s] [ 89%] Built target turtlesim_interfaces__rosidl_typesupport_c__pyext
[0.212s] [ 94%] Built target turtlesim_interfaces__rosidl_typesupport_fastrtps_c__pyext
[0.214s] [100%] Built target turtlesim_interfaces__rosidl_typesupport_introspection_c__pyext
[0.354s] running egg_info
[0.354s] writing turtlesim_interfaces.egg-info/PKG-INFO
[0.354s] writing dependency_links to turtlesim_interfaces.egg-info/dependency_links.txt
[0.354s] writing top-level names to turtlesim_interfaces.egg-info/top_level.txt
[0.356s] reading manifest file 'turtlesim_interfaces.egg-info/SOURCES.txt'
[0.356s] writing manifest file 'turtlesim_interfaces.egg-info/SOURCES.txt'
[0.384s] [100%] Built target ament_cmake_python_build_turtlesim_interfaces_egg
[0.396s] Invoked command in '/home/abdullrahmman/turtlesim_ws/build/turtlesim_interfaces' returned '0': CMAKE_PREFIX_PATH=${CMAKE_PREFIX_PATH}:/home/abdullrahmman/ros2_ws/install/simple_py_pkg:/home/abdullrahmman/turtlesim_ws/install/turtlesim_py_pkg:/opt/ros/humble /usr/bin/cmake --build /home/abdullrahmman/turtlesim_ws/build/turtlesim_interfaces -- -j12 -l12
[0.408s] Invoking command in '/home/abdullrahmman/turtlesim_ws/build/turtlesim_interfaces': CMAKE_PREFIX_PATH=${CMAKE_PREFIX_PATH}:/home/abdullrahmman/ros2_ws/install/simple_py_pkg:/home/abdullrahmman/turtlesim_ws/install/turtlesim_py_pkg:/opt/ros/humble /usr/bin/cmake --install /home/abdullrahmman/turtlesim_ws/build/turtlesim_interfaces
[0.419s] -- Install configuration: ""
[0.419s] -- Up-to-date: /home/abdullrahmman/turtlesim_ws/install/turtlesim_interfaces/share/ament_index/resource_index/rosidl_interfaces/turtlesim_interfaces
[0.419s] -- Up-to-date: /home/abdullrahmman/turtlesim_ws/install/turtlesim_interfaces/include/turtlesim_interfaces/turtlesim_interfaces
[0.419s] -- Up-to-date: /home/abdullrahmman/turtlesim_ws/install/turtlesim_interfaces/include/turtlesim_interfaces/turtlesim_interfaces/msg
[0.419s] -- Up-to-date: /home/abdullrahmman/turtlesim_ws/install/turtlesim_interfaces/include/turtlesim_interfaces/turtlesim_interfaces/msg/turtle.h
[0.419s] -- Up-to-date: /home/abdullrahmman/turtlesim_ws/install/turtlesim_interfaces/include/turtlesim_interfaces/turtlesim_interfaces/msg/turtle_array.h
[0.419s] -- Up-to-date: /home/abdullrahmman/turtlesim_ws/install/turtlesim_interfaces/include/turtlesim_interfaces/turtlesim_interfaces/msg/detail
[0.419s] -- Up-to-date: /home/abdullrahmman/turtlesim_ws/install/turtlesim_interfaces/include/turtlesim_interfaces/turtlesim_interfaces/msg/detail/turtle__functions.h
[0.419s] -- Up-to-date: /home/abdullrahmman/turtlesim_ws/install/turtlesim_interfaces/include/turtlesim_interfaces/turtlesim_interfaces/msg/detail/turtle_array__struct.h
[0.419s] -- Up-to-date: /home/abdullrahmman/turtlesim_ws/install/turtlesim_interfaces/include/turtlesim_interfaces/turtlesim_interfaces/msg/detail/turtle__struct.h
[0.420s] -- Up-to-date: /home/abdullrahmman/turtlesim_ws/install/turtlesim_interfaces/include/turtlesim_interfaces/turtlesim_interfaces/msg/detail/turtle_array__functions.h
[0.420s] -- Up-to-date: /home/abdullrahmman/turtlesim_ws/install/turtlesim_interfaces/include/turtlesim_interfaces/turtlesim_interfaces/msg/detail/turtle_array__type_support.h
[0.420s] -- Up-to-date: /home/abdullrahmman/turtlesim_ws/install/turtlesim_interfaces/include/turtlesim_interfaces/turtlesim_interfaces/msg/detail/turtle__functions.c
[0.420s] -- Up-to-date: /home/abdullrahmman/turtlesim_ws/install/turtlesim_interfaces/include/turtlesim_interfaces/turtlesim_interfaces/msg/detail/turtle__type_support.h
[0.420s] -- Up-to-date: /home/abdullrahmman/turtlesim_ws/install/turtlesim_interfaces/include/turtlesim_interfaces/turtlesim_interfaces/msg/detail/turtle_array__functions.c
[0.420s] -- Up-to-date: /home/abdullrahmman/turtlesim_ws/install/turtlesim_interfaces/include/turtlesim_interfaces/turtlesim_interfaces/msg/rosidl_generator_c__visibility_control.h
[0.420s] -- Up-to-date: /home/abdullrahmman/turtlesim_ws/install/turtlesim_interfaces/share/turtlesim_interfaces/environment/library_path.sh
[0.420s] -- Up-to-date: /home/abdullrahmman/turtlesim_ws/install/turtlesim_interfaces/share/turtlesim_interfaces/environment/library_path.dsv
[0.420s] -- Up-to-date: /home/abdullrahmman/turtlesim_ws/install/turtlesim_interfaces/lib/libturtlesim_interfaces__rosidl_generator_c.so
[0.420s] -- Up-to-date: /home/abdullrahmman/turtlesim_ws/install/turtlesim_interfaces/include/turtlesim_interfaces/turtlesim_interfaces
[0.420s] -- Up-to-date: /home/abdullrahmman/turtlesim_ws/install/turtlesim_interfaces/include/turtlesim_interfaces/turtlesim_interfaces/msg
[0.420s] -- Up-to-date: /home/abdullrahmman/turtlesim_ws/install/turtlesim_interfaces/include/turtlesim_interfaces/turtlesim_interfaces/msg/rosidl_typesupport_fastrtps_c__visibility_control.h
[0.420s] -- Up-to-date: /home/abdullrahmman/turtlesim_ws/install/turtlesim_interfaces/include/turtlesim_interfaces/turtlesim_interfaces/msg/detail
[0.420s] -- Up-to-date: /home/abdullrahmman/turtlesim_ws/install/turtlesim_interfaces/include/turtlesim_interfaces/turtlesim_interfaces/msg/detail/turtle__rosidl_typesupport_fastrtps_c.h
[0.420s] -- Up-to-date: /home/abdullrahmman/turtlesim_ws/install/turtlesim_interfaces/include/turtlesim_interfaces/turtlesim_interfaces/msg/detail/turtle_array__rosidl_typesupport_fastrtps_c.h
[0.420s] -- Up-to-date: /home/abdullrahmman/turtlesim_ws/install/turtlesim_interfaces/lib/libturtlesim_interfaces__rosidl_typesupport_fastrtps_c.so
[0.420s] -- Up-to-date: /home/abdullrahmman/turtlesim_ws/install/turtlesim_interfaces/include/turtlesim_interfaces/turtlesim_interfaces
[0.420s] -- Up-to-date: /home/abdullrahmman/turtlesim_ws/install/turtlesim_interfaces/include/turtlesim_interfaces/turtlesim_interfaces/msg
[0.420s] -- Up-to-date: /home/abdullrahmman/turtlesim_ws/install/turtlesim_interfaces/include/turtlesim_interfaces/turtlesim_interfaces/msg/detail
[0.420s] -- Up-to-date: /home/abdullrahmman/turtlesim_ws/install/turtlesim_interfaces/include/turtlesim_interfaces/turtlesim_interfaces/msg/detail/turtle_array__rosidl_typesupport_introspection_c.h
[0.420s] -- Up-to-date: /home/abdullrahmman/turtlesim_ws/install/turtlesim_interfaces/include/turtlesim_interfaces/turtlesim_interfaces/msg/detail/turtle__rosidl_typesupport_introspection_c.h
[0.420s] -- Up-to-date: /home/abdullrahmman/turtlesim_ws/install/turtlesim_interfaces/include/turtlesim_interfaces/turtlesim_interfaces/msg/detail/turtle_array__type_support.c
[0.421s] -- Up-to-date: /home/abdullrahmman/turtlesim_ws/install/turtlesim_interfaces/include/turtlesim_interfaces/turtlesim_interfaces/msg/detail/turtle__type_support.c
[0.421s] -- Up-to-date: /home/abdullrahmman/turtlesim_ws/install/turtlesim_interfaces/include/turtlesim_interfaces/turtlesim_interfaces/msg/rosidl_typesupport_introspection_c__visibility_control.h
[0.421s] -- Up-to-date: /home/abdullrahmman/turtlesim_ws/install/turtlesim_interfaces/lib/libturtlesim_interfaces__rosidl_typesupport_introspection_c.so
[0.421s] -- Up-to-date: /home/abdullrahmman/turtlesim_ws/install/turtlesim_interfaces/lib/libturtlesim_interfaces__rosidl_typesupport_c.so
[0.421s] -- Up-to-date: /home/abdullrahmman/turtlesim_ws/install/turtlesim_interfaces/include/turtlesim_interfaces/turtlesim_interfaces
[0.421s] -- Up-to-date: /home/abdullrahmman/turtlesim_ws/install/turtlesim_interfaces/include/turtlesim_interfaces/turtlesim_interfaces/msg
[0.421s] -- Up-to-date: /home/abdullrahmman/turtlesim_ws/install/turtlesim_interfaces/include/turtlesim_interfaces/turtlesim_interfaces/msg/rosidl_generator_cpp__visibility_control.hpp
[0.421s] -- Up-to-date: /home/abdullrahmman/turtlesim_ws/install/turtlesim_interfaces/include/turtlesim_interfaces/turtlesim_interfaces/msg/detail
[0.421s] -- Up-to-date: /home/abdullrahmman/turtlesim_ws/install/turtlesim_interfaces/include/turtlesim_interfaces/turtlesim_interfaces/msg/detail/turtle__type_support.hpp
[0.421s] -- Up-to-date: /home/abdullrahmman/turtlesim_ws/install/turtlesim_interfaces/include/turtlesim_interfaces/turtlesim_interfaces/msg/detail/turtle_array__traits.hpp
[0.421s] -- Up-to-date: /home/abdullrahmman/turtlesim_ws/install/turtlesim_interfaces/include/turtlesim_interfaces/turtlesim_interfaces/msg/detail/turtle_array__type_support.hpp
[0.421s] -- Up-to-date: /home/abdullrahmman/turtlesim_ws/install/turtlesim_interfaces/include/turtlesim_interfaces/turtlesim_interfaces/msg/detail/turtle__builder.hpp
[0.421s] -- Up-to-date: /home/abdullrahmman/turtlesim_ws/install/turtlesim_interfaces/include/turtlesim_interfaces/turtlesim_interfaces/msg/detail/turtle__struct.hpp
[0.421s] -- Up-to-date: /home/abdullrahmman/turtlesim_ws/install/turtlesim_interfaces/include/turtlesim_interfaces/turtlesim_interfaces/msg/detail/turtle_array__struct.hpp
[0.421s] -- Up-to-date: /home/abdullrahmman/turtlesim_ws/install/turtlesim_interfaces/include/turtlesim_interfaces/turtlesim_interfaces/msg/detail/turtle_array__builder.hpp
[0.421s] -- Up-to-date: /home/abdullrahmman/turtlesim_ws/install/turtlesim_interfaces/include/turtlesim_interfaces/turtlesim_interfaces/msg/detail/turtle__traits.hpp
[0.422s] -- Up-to-date: /home/abdullrahmman/turtlesim_ws/install/turtlesim_interfaces/include/turtlesim_interfaces/turtlesim_interfaces/msg/turtle.hpp
[0.422s] -- Up-to-date: /home/abdullrahmman/turtlesim_ws/install/turtlesim_interfaces/include/turtlesim_interfaces/turtlesim_interfaces/msg/turtle_array.hpp
[0.422s] -- Up-to-date: /home/abdullrahmman/turtlesim_ws/install/turtlesim_interfaces/include/turtlesim_interfaces/turtlesim_interfaces
[0.422s] -- Up-to-date: /home/abdullrahmman/turtlesim_ws/install/turtlesim_interfaces/include/turtlesim_interfaces/turtlesim_interfaces/msg
[0.422s] -- Up-to-date: /home/abdullrahmman/turtlesim_ws/install/turtlesim_interfaces/include/turtlesim_interfaces/turtlesim_interfaces/msg/rosidl_typesupport_fastrtps_cpp__visibility_control.h
[0.422s] -- Up-to-date: /home/abdullrahmman/turtlesim_ws/install/turtlesim_interfaces/include/turtlesim_interfaces/turtlesim_interfaces/msg/detail
[0.422s] -- Up-to-date: /home/abdullrahmman/turtlesim_ws/install/turtlesim_interfaces/include/turtlesim_interfaces/turtlesim_interfaces/msg/detail/turtle_array__rosidl_typesupport_fastrtps_cpp.hpp
[0.422s] -- Up-to-date: /home/abdullrahmman/turtlesim_ws/install/turtlesim_interfaces/include/turtlesim_interfaces/turtlesim_interfaces/msg/detail/turtle__rosidl_typesupport_fastrtps_cpp.hpp
[0.422s] -- Up-to-date: /home/abdullrahmman/turtlesim_ws/install/turtlesim_interfaces/include/turtlesim_interfaces/turtlesim_interfaces/msg/detail/dds_fastrtps
[0.422s] -- Up-to-date: /home/abdullrahmman/turtlesim_ws/install/turtlesim_interfaces/lib/libturtlesim_interfaces__rosidl_typesupport_fastrtps_cpp.so
[0.422s] -- Up-to-date: /home/abdullrahmman/turtlesim_ws/install/turtlesim_interfaces/include/turtlesim_interfaces/turtlesim_interfaces
[0.422s] -- Up-to-date: /home/abdullrahmman/turtlesim_ws/install/turtlesim_interfaces/include/turtlesim_interfaces/turtlesim_interfaces/msg
[0.422s] -- Up-to-date: /home/abdullrahmman/turtlesim_ws/install/turtlesim_interfaces/include/turtlesim_interfaces/turtlesim_interfaces/msg/detail
[0.422s] -- Up-to-date: /home/abdullrahmman/turtlesim_ws/install/turtlesim_interfaces/include/turtlesim_interfaces/turtlesim_interfaces/msg/detail/turtle__rosidl_typesupport_introspection_cpp.hpp
[0.422s] -- Up-to-date: /home/abdullrahmman/turtlesim_ws/install/turtlesim_interfaces/include/turtlesim_interfaces/turtlesim_interfaces/msg/detail/turtle_array__rosidl_typesupport_introspection_cpp.hpp
[0.422s] -- Up-to-date: /home/abdullrahmman/turtlesim_ws/install/turtlesim_interfaces/include/turtlesim_interfaces/turtlesim_interfaces/msg/detail/turtle__type_support.cpp
[0.422s] -- Up-to-date: /home/abdullrahmman/turtlesim_ws/install/turtlesim_interfaces/include/turtlesim_interfaces/turtlesim_interfaces/msg/detail/turtle_array__type_support.cpp
[0.422s] -- Up-to-date: /home/abdullrahmman/turtlesim_ws/install/turtlesim_interfaces/lib/libturtlesim_interfaces__rosidl_typesupport_introspection_cpp.so
[0.422s] -- Up-to-date: /home/abdullrahmman/turtlesim_ws/install/turtlesim_interfaces/lib/libturtlesim_interfaces__rosidl_typesupport_cpp.so
[0.423s] -- Up-to-date: /home/abdullrahmman/turtlesim_ws/install/turtlesim_interfaces/share/turtlesim_interfaces/environment/pythonpath.sh
[0.423s] -- Up-to-date: /home/abdullrahmman/turtlesim_ws/install/turtlesim_interfaces/share/turtlesim_interfaces/environment/pythonpath.dsv
[0.423s] -- Up-to-date: /home/abdullrahmman/turtlesim_ws/install/turtlesim_interfaces/local/lib/python3.10/dist-packages/turtlesim_interfaces-0.0.0-py3.10.egg-info
[0.423s] -- Installing: /home/abdullrahmman/turtlesim_ws/install/turtlesim_interfaces/local/lib/python3.10/dist-packages/turtlesim_interfaces-0.0.0-py3.10.egg-info/top_level.txt
[0.423s] -- Installing: /home/abdullrahmman/turtlesim_ws/install/turtlesim_interfaces/local/lib/python3.10/dist-packages/turtlesim_interfaces-0.0.0-py3.10.egg-info/SOURCES.txt
[0.424s] -- Installing: /home/abdullrahmman/turtlesim_ws/install/turtlesim_interfaces/local/lib/python3.10/dist-packages/turtlesim_interfaces-0.0.0-py3.10.egg-info/PKG-INFO
[0.424s] -- Installing: /home/abdullrahmman/turtlesim_ws/install/turtlesim_interfaces/local/lib/python3.10/dist-packages/turtlesim_interfaces-0.0.0-py3.10.egg-info/dependency_links.txt
[0.424s] -- Up-to-date: /home/abdullrahmman/turtlesim_ws/install/turtlesim_interfaces/local/lib/python3.10/dist-packages/turtlesim_interfaces
[0.424s] -- Up-to-date: /home/abdullrahmman/turtlesim_ws/install/turtlesim_interfaces/local/lib/python3.10/dist-packages/turtlesim_interfaces/__init__.py
[0.424s] -- Up-to-date: /home/abdullrahmman/turtlesim_ws/install/turtlesim_interfaces/local/lib/python3.10/dist-packages/turtlesim_interfaces/turtlesim_interfaces_s__rosidl_typesupport_introspection_c.cpython-310-x86_64-linux-gnu.so
[0.425s] -- Up-to-date: /home/abdullrahmman/turtlesim_ws/install/turtlesim_interfaces/local/lib/python3.10/dist-packages/turtlesim_interfaces/turtlesim_interfaces_s__rosidl_typesupport_fastrtps_c.cpython-310-x86_64-linux-gnu.so
[0.425s] -- Up-to-date: /home/abdullrahmman/turtlesim_ws/install/turtlesim_interfaces/local/lib/python3.10/dist-packages/turtlesim_interfaces/turtlesim_interfaces_s__rosidl_typesupport_c.cpython-310-x86_64-linux-gnu.so
[0.425s] -- Up-to-date: /home/abdullrahmman/turtlesim_ws/install/turtlesim_interfaces/local/lib/python3.10/dist-packages/turtlesim_interfaces/_turtlesim_interfaces_s.ep.rosidl_typesupport_c.c
[0.425s] -- Up-to-date: /home/abdullrahmman/turtlesim_ws/install/turtlesim_interfaces/local/lib/python3.10/dist-packages/turtlesim_interfaces/_turtlesim_interfaces_s.ep.rosidl_typesupport_fastrtps_c.c
[0.425s] -- Up-to-date: /home/abdullrahmman/turtlesim_ws/install/turtlesim_interfaces/local/lib/python3.10/dist-packages/turtlesim_interfaces/msg
[0.425s] -- Up-to-date: /home/abdullrahmman/turtlesim_ws/install/turtlesim_interfaces/local/lib/python3.10/dist-packages/turtlesim_interfaces/msg/__init__.py
[0.425s] -- Up-to-date: /home/abdullrahmman/turtlesim_ws/install/turtlesim_interfaces/local/lib/python3.10/dist-packages/turtlesim_interfaces/msg/_turtle_array.py
[0.426s] -- Up-to-date: /home/abdullrahmman/turtlesim_ws/install/turtlesim_interfaces/local/lib/python3.10/dist-packages/turtlesim_interfaces/msg/_turtle_array_s.c
[0.426s] -- Up-to-date: /home/abdullrahmman/turtlesim_ws/install/turtlesim_interfaces/local/lib/python3.10/dist-packages/turtlesim_interfaces/msg/_turtle_s.c
[0.426s] -- Up-to-date: /home/abdullrahmman/turtlesim_ws/install/turtlesim_interfaces/local/lib/python3.10/dist-packages/turtlesim_interfaces/msg/_turtle.py
[0.426s] -- Up-to-date: /home/abdullrahmman/turtlesim_ws/install/turtlesim_interfaces/local/lib/python3.10/dist-packages/turtlesim_interfaces/libturtlesim_interfaces__rosidl_generator_py.so
[0.426s] -- Up-to-date: /home/abdullrahmman/turtlesim_ws/install/turtlesim_interfaces/local/lib/python3.10/dist-packages/turtlesim_interfaces/_turtlesim_interfaces_s.ep.rosidl_typesupport_introspection_c.c
[0.469s] Listing '/home/abdullrahmman/turtlesim_ws/install/turtlesim_interfaces/local/lib/python3.10/dist-packages/turtlesim_interfaces'...
[0.469s] Listing '/home/abdullrahmman/turtlesim_ws/install/turtlesim_interfaces/local/lib/python3.10/dist-packages/turtlesim_interfaces/msg'...
[0.474s] -- Up-to-date: /home/abdullrahmman/turtlesim_ws/install/turtlesim_interfaces/local/lib/python3.10/dist-packages/turtlesim_interfaces/turtlesim_interfaces_s__rosidl_typesupport_fastrtps_c.cpython-310-x86_64-linux-gnu.so
[0.474s] -- Up-to-date: /home/abdullrahmman/turtlesim_ws/install/turtlesim_interfaces/local/lib/python3.10/dist-packages/turtlesim_interfaces/turtlesim_interfaces_s__rosidl_typesupport_introspection_c.cpython-310-x86_64-linux-gnu.so
[0.474s] -- Up-to-date: /home/abdullrahmman/turtlesim_ws/install/turtlesim_interfaces/local/lib/python3.10/dist-packages/turtlesim_interfaces/turtlesim_interfaces_s__rosidl_typesupport_c.cpython-310-x86_64-linux-gnu.so
[0.475s] -- Up-to-date: /home/abdullrahmman/turtlesim_ws/install/turtlesim_interfaces/lib/libturtlesim_interfaces__rosidl_generator_py.so
[0.475s] -- Up-to-date: /home/abdullrahmman/turtlesim_ws/install/turtlesim_interfaces/share/turtlesim_interfaces/msg/Turtle.idl
[0.475s] -- Up-to-date: /home/abdullrahmman/turtlesim_ws/install/turtlesim_interfaces/share/turtlesim_interfaces/msg/TurtleArray.idl
[0.475s] -- Up-to-date: /home/abdullrahmman/turtlesim_ws/install/turtlesim_interfaces/share/turtlesim_interfaces/msg/Turtle.msg
[0.476s] -- Up-to-date: /home/abdullrahmman/turtlesim_ws/install/turtlesim_interfaces/share/turtlesim_interfaces/msg/TurtleArray.msg
[0.476s] -- Up-to-date: /home/abdullrahmman/turtlesim_ws/install/turtlesim_interfaces/share/ament_index/resource_index/package_run_dependencies/turtlesim_interfaces
[0.476s] -- Up-to-date: /home/abdullrahmman/turtlesim_ws/install/turtlesim_interfaces/share/ament_index/resource_index/parent_prefix_path/turtlesim_interfaces
[0.476s] -- Up-to-date: /home/abdullrahmman/turtlesim_ws/install/turtlesim_interfaces/share/turtlesim_interfaces/environment/ament_prefix_path.sh
[0.476s] -- Up-to-date: /home/abdullrahmman/turtlesim_ws/install/turtlesim_interfaces/share/turtlesim_interfaces/environment/ament_prefix_path.dsv
[0.476s] -- Up-to-date: /home/abdullrahmman/turtlesim_ws/install/turtlesim_interfaces/share/turtlesim_interfaces/environment/path.sh
[0.477s] -- Up-to-date: /home/abdullrahmman/turtlesim_ws/install/turtlesim_interfaces/share/turtlesim_interfaces/environment/path.dsv
[0.477s] -- Up-to-date: /home/abdullrahmman/turtlesim_ws/install/turtlesim_interfaces/share/turtlesim_interfaces/local_setup.bash
[0.477s] -- Up-to-date: /home/abdullrahmman/turtlesim_ws/install/turtlesim_interfaces/share/turtlesim_interfaces/local_setup.sh
[0.477s] -- Up-to-date: /home/abdullrahmman/turtlesim_ws/install/turtlesim_interfaces/share/turtlesim_interfaces/local_setup.zsh
[0.477s] -- Up-to-date: /home/abdullrahmman/turtlesim_ws/install/turtlesim_interfaces/share/turtlesim_interfaces/local_setup.dsv
[0.477s] -- Installing: /home/abdullrahmman/turtlesim_ws/install/turtlesim_interfaces/share/turtlesim_interfaces/package.dsv
[0.477s] -- Up-to-date: /home/abdullrahmman/turtlesim_ws/install/turtlesim_interfaces/share/ament_index/resource_index/packages/turtlesim_interfaces
[0.478s] -- Up-to-date: /home/abdullrahmman/turtlesim_ws/install/turtlesim_interfaces/share/turtlesim_interfaces/cmake/export_turtlesim_interfaces__rosidl_generator_cExport.cmake
[0.478s] -- Up-to-date: /home/abdullrahmman/turtlesim_ws/install/turtlesim_interfaces/share/turtlesim_interfaces/cmake/export_turtlesim_interfaces__rosidl_generator_cExport-noconfig.cmake
[0.478s] -- Up-to-date: /home/abdullrahmman/turtlesim_ws/install/turtlesim_interfaces/share/turtlesim_interfaces/cmake/export_turtlesim_interfaces__rosidl_typesupport_fastrtps_cExport.cmake
[0.478s] -- Up-to-date: /home/abdullrahmman/turtlesim_ws/install/turtlesim_interfaces/share/turtlesim_interfaces/cmake/export_turtlesim_interfaces__rosidl_typesupport_fastrtps_cExport-noconfig.cmake
[0.478s] -- Up-to-date: /home/abdullrahmman/turtlesim_ws/install/turtlesim_interfaces/share/turtlesim_interfaces/cmake/turtlesim_interfaces__rosidl_typesupport_introspection_cExport.cmake
[0.478s] -- Up-to-date: /home/abdullrahmman/turtlesim_ws/install/turtlesim_interfaces/share/turtlesim_interfaces/cmake/turtlesim_interfaces__rosidl_typesupport_introspection_cExport-noconfig.cmake
[0.478s] -- Up-to-date: /home/abdullrahmman/turtlesim_ws/install/turtlesim_interfaces/share/turtlesim_interfaces/cmake/turtlesim_interfaces__rosidl_typesupport_cExport.cmake
[0.478s] -- Up-to-date: /home/abdullrahmman/turtlesim_ws/install/turtlesim_interfaces/share/turtlesim_interfaces/cmake/turtlesim_interfaces__rosidl_typesupport_cExport-noconfig.cmake
[0.479s] -- Up-to-date: /home/abdullrahmman/turtlesim_ws/install/turtlesim_interfaces/share/turtlesim_interfaces/cmake/export_turtlesim_interfaces__rosidl_generator_cppExport.cmake
[0.479s] -- Up-to-date: /home/abdullrahmman/turtlesim_ws/install/turtlesim_interfaces/share/turtlesim_interfaces/cmake/export_turtlesim_interfaces__rosidl_typesupport_fastrtps_cppExport.cmake
[0.479s] -- Up-to-date: /home/abdullrahmman/turtlesim_ws/install/turtlesim_interfaces/share/turtlesim_interfaces/cmake/export_turtlesim_interfaces__rosidl_typesupport_fastrtps_cppExport-noconfig.cmake
[0.479s] -- Up-to-date: /home/abdullrahmman/turtlesim_ws/install/turtlesim_interfaces/share/turtlesim_interfaces/cmake/turtlesim_interfaces__rosidl_typesupport_introspection_cppExport.cmake
[0.479s] -- Up-to-date: /home/abdullrahmman/turtlesim_ws/install/turtlesim_interfaces/share/turtlesim_interfaces/cmake/turtlesim_interfaces__rosidl_typesupport_introspection_cppExport-noconfig.cmake
[0.479s] -- Up-to-date: /home/abdullrahmman/turtlesim_ws/install/turtlesim_interfaces/share/turtlesim_interfaces/cmake/turtlesim_interfaces__rosidl_typesupport_cppExport.cmake
[0.479s] -- Up-to-date: /home/abdullrahmman/turtlesim_ws/install/turtlesim_interfaces/share/turtlesim_interfaces/cmake/turtlesim_interfaces__rosidl_typesupport_cppExport-noconfig.cmake
[0.479s] -- Up-to-date: /home/abdullrahmman/turtlesim_ws/install/turtlesim_interfaces/share/turtlesim_interfaces/cmake/export_turtlesim_interfaces__rosidl_generator_pyExport.cmake
[0.479s] -- Up-to-date: /home/abdullrahmman/turtlesim_ws/install/turtlesim_interfaces/share/turtlesim_interfaces/cmake/export_turtlesim_interfaces__rosidl_generator_pyExport-noconfig.cmake
[0.479s] -- Up-to-date: /home/abdullrahmman/turtlesim_ws/install/turtlesim_interfaces/share/turtlesim_interfaces/cmake/rosidl_cmake-extras.cmake
[0.479s] -- Up-to-date: /home/abdullrahmman/turtlesim_ws/install/turtlesim_interfaces/share/turtlesim_interfaces/cmake/ament_cmake_export_include_directories-extras.cmake
[0.479s] -- Up-to-date: /home/abdullrahmman/turtlesim_ws/install/turtlesim_interfaces/share/turtlesim_interfaces/cmake/ament_cmake_export_libraries-extras.cmake
[0.479s] -- Up-to-date: /home/abdullrahmman/turtlesim_ws/install/turtlesim_interfaces/share/turtlesim_interfaces/cmake/ament_cmake_export_targets-extras.cmake
[0.480s] -- Up-to-date: /home/abdullrahmman/turtlesim_ws/install/turtlesim_interfaces/share/turtlesim_interfaces/cmake/rosidl_cmake_export_typesupport_targets-extras.cmake
[0.480s] -- Up-to-date: /home/abdullrahmman/turtlesim_ws/install/turtlesim_interfaces/share/turtlesim_interfaces/cmake/ament_cmake_export_dependencies-extras.cmake
[0.480s] -- Up-to-date: /home/abdullrahmman/turtlesim_ws/install/turtlesim_interfaces/share/turtlesim_interfaces/cmake/rosidl_cmake_export_typesupport_libraries-extras.cmake
[0.480s] -- Up-to-date: /home/abdullrahmman/turtlesim_ws/install/turtlesim_interfaces/share/turtlesim_interfaces/cmake/turtlesim_interfacesConfig.cmake
[0.480s] -- Up-to-date: /home/abdullrahmman/turtlesim_ws/install/turtlesim_interfaces/share/turtlesim_interfaces/cmake/turtlesim_interfacesConfig-version.cmake
[0.480s] -- Up-to-date: /home/abdullrahmman/turtlesim_ws/install/turtlesim_interfaces/share/turtlesim_interfaces/package.xml
[0.481s] Invoked command in '/home/abdullrahmman/turtlesim_ws/build/turtlesim_interfaces' returned '0': CMAKE_PREFIX_PATH=${CMAKE_PREFIX_PATH}:/home/abdullrahmman/ros2_ws/install/simple_py_pkg:/home/abdullrahmman/turtlesim_ws/install/turtlesim_py_pkg:/opt/ros/humble /usr/bin/cmake --install /home/abdullrahmman/turtlesim_ws/build/turtlesim_interfaces
