[0.361s] Invoking command in '/home/abdullrahmman/turtlesim_ws/src/turtlesim_py_pkg': CMAKE_PREFIX_PATH=/home/abdullrahmman/turtlesim_ws/install/turtlesim_interfaces:/home/abdullrahmman/ros2_ws/install/simple_interfaces_pkg LD_LIBRARY_PATH=/home/abdullrahmman/turtlesim_ws/install/turtlesim_interfaces/lib:/home/abdullrahmman/ros2_ws/install/simple_interfaces_pkg/lib:/opt/ros/humble/opt/rviz_ogre_vendor/lib:/opt/ros/humble/lib/x86_64-linux-gnu:/opt/ros/humble/lib PYTHONPATH=/home/abdullrahmman/turtlesim_ws/build/turtlesim_py_pkg/prefix_override:/usr/lib/python3/dist-packages/colcon_core/task/python/colcon_distutils_commands:/home/abdullrahmman/turtlesim_ws/install/turtlesim_py_pkg/lib/python3.10/site-packages:${PYTHONPATH} /usr/bin/python3 -W ignore:setup.py install is deprecated -W ignore:easy_install command is deprecated setup.py egg_info --egg-base ../../build/turtlesim_py_pkg build --build-base /home/abdullrahmman/turtlesim_ws/build/turtlesim_py_pkg/build install --record /home/abdullrahmman/turtlesim_ws/build/turtlesim_py_pkg/install.log --single-version-externally-managed install_data
[0.499s] running egg_info
[0.499s] writing ../../build/turtlesim_py_pkg/turtlesim_py_pkg.egg-info/PKG-INFO
[0.499s] writing dependency_links to ../../build/turtlesim_py_pkg/turtlesim_py_pkg.egg-info/dependency_links.txt
[0.499s] writing entry points to ../../build/turtlesim_py_pkg/turtlesim_py_pkg.egg-info/entry_points.txt
[0.499s] writing requirements to ../../build/turtlesim_py_pkg/turtlesim_py_pkg.egg-info/requires.txt
[0.499s] writing top-level names to ../../build/turtlesim_py_pkg/turtlesim_py_pkg.egg-info/top_level.txt
[0.501s] reading manifest file '../../build/turtlesim_py_pkg/turtlesim_py_pkg.egg-info/SOURCES.txt'
[0.501s] writing manifest file '../../build/turtlesim_py_pkg/turtlesim_py_pkg.egg-info/SOURCES.txt'
[0.501s] running build
[0.501s] running build_py
[0.501s] running install
[0.502s] running install_lib
[0.502s] running install_data
[0.502s] running install_egg_info
[0.504s] removing '/home/abdullrahmman/turtlesim_ws/install/turtlesim_py_pkg/lib/python3.10/site-packages/turtlesim_py_pkg-0.0.0-py3.10.egg-info' (and everything under it)
[0.504s] Copying ../../build/turtlesim_py_pkg/turtlesim_py_pkg.egg-info to /home/abdullrahmman/turtlesim_ws/install/turtlesim_py_pkg/lib/python3.10/site-packages/turtlesim_py_pkg-0.0.0-py3.10.egg-info
[0.504s] running install_scripts
[0.516s] Installing go_to_loc script to /home/abdullrahmman/turtlesim_ws/install/turtlesim_py_pkg/lib/turtlesim_py_pkg
[0.517s] Installing spawn_turtle script to /home/abdullrahmman/turtlesim_ws/install/turtlesim_py_pkg/lib/turtlesim_py_pkg
[0.517s] Installing vel_controller script to /home/abdullrahmman/turtlesim_ws/install/turtlesim_py_pkg/lib/turtlesim_py_pkg
[0.517s] writing list of installed files to '/home/abdullrahmman/turtlesim_ws/build/turtlesim_py_pkg/install.log'
[0.532s] Invoked command in '/home/abdullrahmman/turtlesim_ws/src/turtlesim_py_pkg' returned '0': CMAKE_PREFIX_PATH=/home/abdullrahmman/turtlesim_ws/install/turtlesim_interfaces:/home/abdullrahmman/ros2_ws/install/simple_interfaces_pkg LD_LIBRARY_PATH=/home/abdullrahmman/turtlesim_ws/install/turtlesim_interfaces/lib:/home/abdullrahmman/ros2_ws/install/simple_interfaces_pkg/lib:/opt/ros/humble/opt/rviz_ogre_vendor/lib:/opt/ros/humble/lib/x86_64-linux-gnu:/opt/ros/humble/lib PYTHONPATH=/home/abdullrahmman/turtlesim_ws/build/turtlesim_py_pkg/prefix_override:/usr/lib/python3/dist-packages/colcon_core/task/python/colcon_distutils_commands:/home/abdullrahmman/turtlesim_ws/install/turtlesim_py_pkg/lib/python3.10/site-packages:${PYTHONPATH} /usr/bin/python3 -W ignore:setup.py install is deprecated -W ignore:easy_install command is deprecated setup.py egg_info --egg-base ../../build/turtlesim_py_pkg build --build-base /home/abdullrahmman/turtlesim_ws/build/turtlesim_py_pkg/build install --record /home/abdullrahmman/turtlesim_ws/build/turtlesim_py_pkg/install.log --single-version-externally-managed install_data
