[0.008s] Invoking command in '/home/abdullrahmman/turtlesim_ws/build/turtlesim_interfaces': CMAKE_PREFIX_PATH=${CMAKE_PREFIX_PATH}:/home/abdullrahmman/ros2_ws/install/simple_py_pkg:/home/abdullrahmman/turtlesim_ws/install/turtlesim_py_pkg:/opt/ros/humble /usr/bin/cmake --build /home/abdullrahmman/turtlesim_ws/build/turtlesim_interfaces -- -j12 -l12
[0.029s] -- Found ament_cmake: 1.3.12 (/opt/ros/humble/share/ament_cmake/cmake)
[0.114s] -- Found rosidl_default_generators: 1.2.0 (/opt/ros/humble/share/rosidl_default_generators/cmake)
[0.115s] -- Using all available rosidl_typesupport_c: rosidl_typesupport_fastrtps_c;rosidl_typesupport_introspection_c
[0.117s] -- Found rosidl_adapter: 3.1.7 (/opt/ros/humble/share/rosidl_adapter/cmake)
[0.134s] -- Using all available rosidl_typesupport_cpp: rosidl_typesupport_fastrtps_cpp;rosidl_typesupport_introspection_cpp
[0.326s] -- Found ament_cmake_ros: 0.10.0 (/opt/ros/humble/share/ament_cmake_ros/cmake)
[0.463s] -- Using all available rosidl_typesupport_c: rosidl_typesupport_fastrtps_c;rosidl_typesupport_introspection_c
[0.646s] -- Using all available rosidl_typesupport_cpp: rosidl_typesupport_fastrtps_cpp;rosidl_typesupport_introspection_cpp
[0.661s] -- Found python_cmake_module: 0.10.0 (/opt/ros/humble/share/python_cmake_module/cmake)
[0.682s] -- Using PYTHON_EXECUTABLE: /usr/bin/python3
[0.682s] -- Using PYTHON_INCLUDE_DIRS: /usr/include/python3.10
[0.682s] -- Using PYTHON_LIBRARIES: /usr/lib/x86_64-linux-gnu/libpython3.10.so
[0.694s] -- Configuring done
[0.714s] -- Generating done
[0.721s] -- Build files have been written to: /home/abdullrahmman/turtlesim_ws/build/turtlesim_interfaces
[0.740s] [  2%] [34m[1mGenerating C code for ROS interfaces[0m
[0.750s] [  4%] [34m[1mGenerating C++ code for ROS interfaces[0m
[0.757s] [  4%] Built target ament_cmake_python_copy_turtlesim_interfaces
[0.929s] running egg_info
[0.930s] writing turtlesim_interfaces.egg-info/PKG-INFO
[0.930s] writing dependency_links to turtlesim_interfaces.egg-info/dependency_links.txt
[0.930s] writing top-level names to turtlesim_interfaces.egg-info/top_level.txt
[0.932s] reading manifest file 'turtlesim_interfaces.egg-info/SOURCES.txt'
[0.933s] writing manifest file 'turtlesim_interfaces.egg-info/SOURCES.txt'
[0.954s] [  4%] Built target ament_cmake_python_build_turtlesim_interfaces_egg
[1.021s] [35m[1mConsolidate compiler generated dependencies of target turtlesim_interfaces__rosidl_generator_c[0m
[1.032s] [ 10%] [32mBuilding C object CMakeFiles/turtlesim_interfaces__rosidl_generator_c.dir/rosidl_generator_c/turtlesim_interfaces/msg/detail/turtle_array__functions.c.o[0m
[1.032s] [ 10%] [32mBuilding C object CMakeFiles/turtlesim_interfaces__rosidl_generator_c.dir/rosidl_generator_c/turtlesim_interfaces/msg/detail/turtle__functions.c.o[0m
[1.032s] [ 10%] [32mBuilding C object CMakeFiles/turtlesim_interfaces__rosidl_generator_c.dir/rosidl_generator_c/turtlesim_interfaces/srv/detail/catch_turtle__functions.c.o[0m
[1.084s] [ 10%] Built target turtlesim_interfaces__cpp
[1.096s] [ 12%] [34m[1mGenerating C++ type support dispatch for ROS interfaces[0m
[1.096s] [ 14%] [34m[1mGenerating C++ type support for eProsima Fast-RTPS[0m
[1.097s] [ 17%] [34m[1mGenerating C++ introspection for ROS interfaces[0m
[1.114s] [ 19%] [32m[1mLinking C shared library libturtlesim_interfaces__rosidl_generator_c.so[0m
[1.160s] [ 19%] Built target turtlesim_interfaces__rosidl_generator_c
[1.172s] [ 23%] [34m[1mGenerating C type support for eProsima Fast-RTPS[0m
[1.172s] [ 23%] [34m[1mGenerating C introspection for ROS interfaces[0m
[1.172s] [ 25%] [34m[1mGenerating C type support dispatch for ROS interfaces[0m
[1.321s] [35m[1mConsolidate compiler generated dependencies of target turtlesim_interfaces__rosidl_typesupport_cpp[0m
[1.334s] [ 27%] [32mBuilding CXX object CMakeFiles/turtlesim_interfaces__rosidl_typesupport_cpp.dir/rosidl_typesupport_cpp/turtlesim_interfaces/msg/turtle_array__type_support.cpp.o[0m
[1.336s] [ 29%] [32mBuilding CXX object CMakeFiles/turtlesim_interfaces__rosidl_typesupport_cpp.dir/rosidl_typesupport_cpp/turtlesim_interfaces/msg/turtle__type_support.cpp.o[0m
[1.336s] [ 31%] [32mBuilding CXX object CMakeFiles/turtlesim_interfaces__rosidl_typesupport_cpp.dir/rosidl_typesupport_cpp/turtlesim_interfaces/srv/catch_turtle__type_support.cpp.o[0m
[1.400s] [35m[1mConsolidate compiler generated dependencies of target turtlesim_interfaces__rosidl_typesupport_fastrtps_cpp[0m
[1.412s] [ 34%] [32mBuilding CXX object CMakeFiles/turtlesim_interfaces__rosidl_typesupport_fastrtps_cpp.dir/rosidl_typesupport_fastrtps_cpp/turtlesim_interfaces/msg/detail/dds_fastrtps/turtle_array__type_support.cpp.o[0m
[1.413s] [ 36%] [32mBuilding CXX object CMakeFiles/turtlesim_interfaces__rosidl_typesupport_fastrtps_cpp.dir/rosidl_typesupport_fastrtps_cpp/turtlesim_interfaces/msg/detail/dds_fastrtps/turtle__type_support.cpp.o[0m
[1.414s] [ 38%] [32mBuilding CXX object CMakeFiles/turtlesim_interfaces__rosidl_typesupport_fastrtps_cpp.dir/rosidl_typesupport_fastrtps_cpp/turtlesim_interfaces/srv/detail/dds_fastrtps/catch_turtle__type_support.cpp.o[0m
[1.487s] [35m[1mConsolidate compiler generated dependencies of target turtlesim_interfaces__rosidl_typesupport_c[0m
[1.488s] [35m[1mConsolidate compiler generated dependencies of target turtlesim_interfaces__rosidl_typesupport_introspection_cpp[0m
[1.500s] [ 42%] [32mBuilding CXX object CMakeFiles/turtlesim_interfaces__rosidl_typesupport_c.dir/rosidl_typesupport_c/turtlesim_interfaces/msg/turtle_array__type_support.cpp.o[0m
[1.500s] [ 42%] [32mBuilding CXX object CMakeFiles/turtlesim_interfaces__rosidl_typesupport_c.dir/rosidl_typesupport_c/turtlesim_interfaces/srv/catch_turtle__type_support.cpp.o[0m
[1.504s] [ 44%] [32mBuilding CXX object CMakeFiles/turtlesim_interfaces__rosidl_typesupport_c.dir/rosidl_typesupport_c/turtlesim_interfaces/msg/turtle__type_support.cpp.o[0m
[1.506s] [ 46%] [32mBuilding CXX object CMakeFiles/turtlesim_interfaces__rosidl_typesupport_introspection_cpp.dir/rosidl_typesupport_introspection_cpp/turtlesim_interfaces/msg/detail/turtle__type_support.cpp.o[0m
[1.551s] [ 51%] [32mBuilding CXX object CMakeFiles/turtlesim_interfaces__rosidl_typesupport_introspection_cpp.dir/rosidl_typesupport_introspection_cpp/turtlesim_interfaces/srv/detail/catch_turtle__type_support.cpp.o[0m
[1.551s] [ 51%] [32mBuilding CXX object CMakeFiles/turtlesim_interfaces__rosidl_typesupport_introspection_cpp.dir/rosidl_typesupport_introspection_cpp/turtlesim_interfaces/msg/detail/turtle_array__type_support.cpp.o[0m
[1.561s] [ 53%] [32m[1mLinking CXX shared library libturtlesim_interfaces__rosidl_typesupport_c.so[0m
[1.617s] [35m[1mConsolidate compiler generated dependencies of target turtlesim_interfaces__rosidl_typesupport_introspection_c[0m
[1.626s] [ 53%] Built target turtlesim_interfaces__rosidl_typesupport_c
[1.633s] [ 55%] [32mBuilding C object CMakeFiles/turtlesim_interfaces__rosidl_typesupport_introspection_c.dir/rosidl_typesupport_introspection_c/turtlesim_interfaces/msg/detail/turtle__type_support.c.o[0m
[1.662s] [ 57%] [32mBuilding C object CMakeFiles/turtlesim_interfaces__rosidl_typesupport_introspection_c.dir/rosidl_typesupport_introspection_c/turtlesim_interfaces/msg/detail/turtle_array__type_support.c.o[0m
[1.675s] [35m[1mConsolidate compiler generated dependencies of target turtlesim_interfaces__rosidl_typesupport_fastrtps_c[0m
[1.682s] [ 59%] [32mBuilding C object CMakeFiles/turtlesim_interfaces__rosidl_typesupport_introspection_c.dir/rosidl_typesupport_introspection_c/turtlesim_interfaces/srv/detail/catch_turtle__type_support.c.o[0m
[1.691s] [ 61%] [32mBuilding CXX object CMakeFiles/turtlesim_interfaces__rosidl_typesupport_fastrtps_c.dir/rosidl_typesupport_fastrtps_c/turtlesim_interfaces/msg/detail/turtle__type_support_c.cpp.o[0m
[1.738s] [ 63%] [32mBuilding CXX object CMakeFiles/turtlesim_interfaces__rosidl_typesupport_fastrtps_c.dir/rosidl_typesupport_fastrtps_c/turtlesim_interfaces/msg/detail/turtle_array__type_support_c.cpp.o[0m
[1.738s] [ 65%] [32m[1mLinking C shared library libturtlesim_interfaces__rosidl_typesupport_introspection_c.so[0m
[1.739s] [ 68%] [32mBuilding CXX object CMakeFiles/turtlesim_interfaces__rosidl_typesupport_fastrtps_c.dir/rosidl_typesupport_fastrtps_c/turtlesim_interfaces/srv/detail/catch_turtle__type_support_c.cpp.o[0m
[1.776s] [ 70%] [32m[1mLinking CXX shared library libturtlesim_interfaces__rosidl_typesupport_cpp.so[0m
[1.787s] [ 70%] Built target turtlesim_interfaces__rosidl_typesupport_introspection_c
[1.813s] [ 70%] Built target turtlesim_interfaces__rosidl_typesupport_cpp
[2.063s] [ 72%] [32m[1mLinking CXX shared library libturtlesim_interfaces__rosidl_typesupport_fastrtps_cpp.so[0m
[2.129s] [ 72%] Built target turtlesim_interfaces__rosidl_typesupport_fastrtps_cpp
[2.153s] [ 74%] [32m[1mLinking CXX shared library libturtlesim_interfaces__rosidl_typesupport_introspection_cpp.so[0m
[2.154s] [ 76%] [32m[1mLinking CXX shared library libturtlesim_interfaces__rosidl_typesupport_fastrtps_c.so[0m
[2.213s] [ 76%] Built target turtlesim_interfaces__rosidl_typesupport_introspection_cpp
[2.217s] [ 76%] Built target turtlesim_interfaces__rosidl_typesupport_fastrtps_c
[2.233s] [ 76%] Built target turtlesim_interfaces
[2.252s] [ 78%] [34m[1mGenerating Python code for ROS interfaces[0m
[2.551s] [ 78%] Built target turtlesim_interfaces__py
[2.562s] [35m[1mConsolidate compiler generated dependencies of target turtlesim_interfaces__rosidl_generator_py[0m
[2.575s] [ 85%] [32mBuilding C object CMakeFiles/turtlesim_interfaces__rosidl_generator_py.dir/rosidl_generator_py/turtlesim_interfaces/msg/_turtle_array_s.c.o[0m
[2.576s] [ 85%] [32mBuilding C object CMakeFiles/turtlesim_interfaces__rosidl_generator_py.dir/rosidl_generator_py/turtlesim_interfaces/srv/_catch_turtle_s.c.o[0m
[2.576s] [ 85%] [32mBuilding C object CMakeFiles/turtlesim_interfaces__rosidl_generator_py.dir/rosidl_generator_py/turtlesim_interfaces/msg/_turtle_s.c.o[0m
[2.694s] [ 87%] [32m[1mLinking C shared library rosidl_generator_py/turtlesim_interfaces/libturtlesim_interfaces__rosidl_generator_py.so[0m
[2.729s] [ 87%] Built target turtlesim_interfaces__rosidl_generator_py
[2.739s] [35m[1mConsolidate compiler generated dependencies of target turtlesim_interfaces__rosidl_typesupport_fastrtps_c__pyext[0m
[2.740s] [35m[1mConsolidate compiler generated dependencies of target turtlesim_interfaces__rosidl_typesupport_c__pyext[0m
[2.741s] [35m[1mConsolidate compiler generated dependencies of target turtlesim_interfaces__rosidl_typesupport_introspection_c__pyext[0m
[2.751s] [ 91%] [32mBuilding C object CMakeFiles/turtlesim_interfaces__rosidl_typesupport_c__pyext.dir/rosidl_generator_py/turtlesim_interfaces/_turtlesim_interfaces_s.ep.rosidl_typesupport_c.c.o[0m
[2.752s] [ 91%] [32mBuilding C object CMakeFiles/turtlesim_interfaces__rosidl_typesupport_fastrtps_c__pyext.dir/rosidl_generator_py/turtlesim_interfaces/_turtlesim_interfaces_s.ep.rosidl_typesupport_fastrtps_c.c.o[0m
[2.753s] [ 93%] [32mBuilding C object CMakeFiles/turtlesim_interfaces__rosidl_typesupport_introspection_c__pyext.dir/rosidl_generator_py/turtlesim_interfaces/_turtlesim_interfaces_s.ep.rosidl_typesupport_introspection_c.c.o[0m
[2.822s] [ 95%] [32m[1mLinking C shared library rosidl_generator_py/turtlesim_interfaces/turtlesim_interfaces_s__rosidl_typesupport_c.cpython-310-x86_64-linux-gnu.so[0m
[2.825s] [ 97%] [32m[1mLinking C shared library rosidl_generator_py/turtlesim_interfaces/turtlesim_interfaces_s__rosidl_typesupport_introspection_c.cpython-310-x86_64-linux-gnu.so[0m
[2.853s] [ 97%] Built target turtlesim_interfaces__rosidl_typesupport_c__pyext
[2.854s] [ 97%] Built target turtlesim_interfaces__rosidl_typesupport_introspection_c__pyext
[2.858s] [100%] [32m[1mLinking C shared library rosidl_generator_py/turtlesim_interfaces/turtlesim_interfaces_s__rosidl_typesupport_fastrtps_c.cpython-310-x86_64-linux-gnu.so[0m
[2.886s] [100%] Built target turtlesim_interfaces__rosidl_typesupport_fastrtps_c__pyext
[2.898s] Invoked command in '/home/abdullrahmman/turtlesim_ws/build/turtlesim_interfaces' returned '0': CMAKE_PREFIX_PATH=${CMAKE_PREFIX_PATH}:/home/abdullrahmman/ros2_ws/install/simple_py_pkg:/home/abdullrahmman/turtlesim_ws/install/turtlesim_py_pkg:/opt/ros/humble /usr/bin/cmake --build /home/abdullrahmman/turtlesim_ws/build/turtlesim_interfaces -- -j12 -l12
[2.908s] Invoking command in '/home/abdullrahmman/turtlesim_ws/build/turtlesim_interfaces': CMAKE_PREFIX_PATH=${CMAKE_PREFIX_PATH}:/home/abdullrahmman/ros2_ws/install/simple_py_pkg:/home/abdullrahmman/turtlesim_ws/install/turtlesim_py_pkg:/opt/ros/humble /usr/bin/cmake --install /home/abdullrahmman/turtlesim_ws/build/turtlesim_interfaces
[2.914s] -- Install configuration: ""
[2.914s] -- Installing: /home/abdullrahmman/turtlesim_ws/install/turtlesim_interfaces/share/ament_index/resource_index/rosidl_interfaces/turtlesim_interfaces
[2.914s] -- Up-to-date: /home/abdullrahmman/turtlesim_ws/install/turtlesim_interfaces/include/turtlesim_interfaces/turtlesim_interfaces
[2.914s] -- Installing: /home/abdullrahmman/turtlesim_ws/install/turtlesim_interfaces/include/turtlesim_interfaces/turtlesim_interfaces/srv
[2.914s] -- Installing: /home/abdullrahmman/turtlesim_ws/install/turtlesim_interfaces/include/turtlesim_interfaces/turtlesim_interfaces/srv/detail
[2.914s] -- Installing: /home/abdullrahmman/turtlesim_ws/install/turtlesim_interfaces/include/turtlesim_interfaces/turtlesim_interfaces/srv/detail/catch_turtle__functions.h
[2.914s] -- Installing: /home/abdullrahmman/turtlesim_ws/install/turtlesim_interfaces/include/turtlesim_interfaces/turtlesim_interfaces/srv/detail/catch_turtle__functions.c
[2.915s] -- Installing: /home/abdullrahmman/turtlesim_ws/install/turtlesim_interfaces/include/turtlesim_interfaces/turtlesim_interfaces/srv/detail/catch_turtle__struct.h
[2.915s] -- Installing: /home/abdullrahmman/turtlesim_ws/install/turtlesim_interfaces/include/turtlesim_interfaces/turtlesim_interfaces/srv/detail/catch_turtle__type_support.h
[2.915s] -- Installing: /home/abdullrahmman/turtlesim_ws/install/turtlesim_interfaces/include/turtlesim_interfaces/turtlesim_interfaces/srv/catch_turtle.h
[2.915s] -- Up-to-date: /home/abdullrahmman/turtlesim_ws/install/turtlesim_interfaces/include/turtlesim_interfaces/turtlesim_interfaces/msg
[2.915s] -- Installing: /home/abdullrahmman/turtlesim_ws/install/turtlesim_interfaces/include/turtlesim_interfaces/turtlesim_interfaces/msg/turtle.h
[2.915s] -- Installing: /home/abdullrahmman/turtlesim_ws/install/turtlesim_interfaces/include/turtlesim_interfaces/turtlesim_interfaces/msg/turtle_array.h
[2.915s] -- Up-to-date: /home/abdullrahmman/turtlesim_ws/install/turtlesim_interfaces/include/turtlesim_interfaces/turtlesim_interfaces/msg/detail
[2.915s] -- Installing: /home/abdullrahmman/turtlesim_ws/install/turtlesim_interfaces/include/turtlesim_interfaces/turtlesim_interfaces/msg/detail/turtle__functions.h
[2.915s] -- Installing: /home/abdullrahmman/turtlesim_ws/install/turtlesim_interfaces/include/turtlesim_interfaces/turtlesim_interfaces/msg/detail/turtle_array__struct.h
[2.915s] -- Installing: /home/abdullrahmman/turtlesim_ws/install/turtlesim_interfaces/include/turtlesim_interfaces/turtlesim_interfaces/msg/detail/turtle__struct.h
[2.915s] -- Installing: /home/abdullrahmman/turtlesim_ws/install/turtlesim_interfaces/include/turtlesim_interfaces/turtlesim_interfaces/msg/detail/turtle_array__functions.h
[2.915s] -- Installing: /home/abdullrahmman/turtlesim_ws/install/turtlesim_interfaces/include/turtlesim_interfaces/turtlesim_interfaces/msg/detail/turtle_array__type_support.h
[2.915s] -- Installing: /home/abdullrahmman/turtlesim_ws/install/turtlesim_interfaces/include/turtlesim_interfaces/turtlesim_interfaces/msg/detail/turtle__functions.c
[2.915s] -- Installing: /home/abdullrahmman/turtlesim_ws/install/turtlesim_interfaces/include/turtlesim_interfaces/turtlesim_interfaces/msg/detail/turtle__type_support.h
[2.915s] -- Installing: /home/abdullrahmman/turtlesim_ws/install/turtlesim_interfaces/include/turtlesim_interfaces/turtlesim_interfaces/msg/detail/turtle_array__functions.c
[2.916s] -- Up-to-date: /home/abdullrahmman/turtlesim_ws/install/turtlesim_interfaces/include/turtlesim_interfaces/turtlesim_interfaces/msg/rosidl_generator_c__visibility_control.h
[2.916s] -- Up-to-date: /home/abdullrahmman/turtlesim_ws/install/turtlesim_interfaces/share/turtlesim_interfaces/environment/library_path.sh
[2.916s] -- Installing: /home/abdullrahmman/turtlesim_ws/install/turtlesim_interfaces/share/turtlesim_interfaces/environment/library_path.dsv
[2.916s] -- Installing: /home/abdullrahmman/turtlesim_ws/install/turtlesim_interfaces/lib/libturtlesim_interfaces__rosidl_generator_c.so
[2.916s] -- Set runtime path of "/home/abdullrahmman/turtlesim_ws/install/turtlesim_interfaces/lib/libturtlesim_interfaces__rosidl_generator_c.so" to ""
[2.916s] -- Up-to-date: /home/abdullrahmman/turtlesim_ws/install/turtlesim_interfaces/include/turtlesim_interfaces/turtlesim_interfaces
[2.916s] -- Up-to-date: /home/abdullrahmman/turtlesim_ws/install/turtlesim_interfaces/include/turtlesim_interfaces/turtlesim_interfaces/srv
[2.916s] -- Up-to-date: /home/abdullrahmman/turtlesim_ws/install/turtlesim_interfaces/include/turtlesim_interfaces/turtlesim_interfaces/srv/detail
[2.916s] -- Installing: /home/abdullrahmman/turtlesim_ws/install/turtlesim_interfaces/include/turtlesim_interfaces/turtlesim_interfaces/srv/detail/catch_turtle__rosidl_typesupport_fastrtps_c.h
[2.916s] -- Up-to-date: /home/abdullrahmman/turtlesim_ws/install/turtlesim_interfaces/include/turtlesim_interfaces/turtlesim_interfaces/msg
[2.916s] -- Up-to-date: /home/abdullrahmman/turtlesim_ws/install/turtlesim_interfaces/include/turtlesim_interfaces/turtlesim_interfaces/msg/rosidl_typesupport_fastrtps_c__visibility_control.h
[2.916s] -- Up-to-date: /home/abdullrahmman/turtlesim_ws/install/turtlesim_interfaces/include/turtlesim_interfaces/turtlesim_interfaces/msg/detail
[2.916s] -- Installing: /home/abdullrahmman/turtlesim_ws/install/turtlesim_interfaces/include/turtlesim_interfaces/turtlesim_interfaces/msg/detail/turtle__rosidl_typesupport_fastrtps_c.h
[2.916s] -- Installing: /home/abdullrahmman/turtlesim_ws/install/turtlesim_interfaces/include/turtlesim_interfaces/turtlesim_interfaces/msg/detail/turtle_array__rosidl_typesupport_fastrtps_c.h
[2.916s] -- Installing: /home/abdullrahmman/turtlesim_ws/install/turtlesim_interfaces/lib/libturtlesim_interfaces__rosidl_typesupport_fastrtps_c.so
[2.917s] -- Set runtime path of "/home/abdullrahmman/turtlesim_ws/install/turtlesim_interfaces/lib/libturtlesim_interfaces__rosidl_typesupport_fastrtps_c.so" to ""
[2.917s] -- Up-to-date: /home/abdullrahmman/turtlesim_ws/install/turtlesim_interfaces/include/turtlesim_interfaces/turtlesim_interfaces
[2.917s] -- Up-to-date: /home/abdullrahmman/turtlesim_ws/install/turtlesim_interfaces/include/turtlesim_interfaces/turtlesim_interfaces/srv
[2.917s] -- Up-to-date: /home/abdullrahmman/turtlesim_ws/install/turtlesim_interfaces/include/turtlesim_interfaces/turtlesim_interfaces/srv/detail
[2.917s] -- Installing: /home/abdullrahmman/turtlesim_ws/install/turtlesim_interfaces/include/turtlesim_interfaces/turtlesim_interfaces/srv/detail/catch_turtle__rosidl_typesupport_introspection_c.h
[2.917s] -- Installing: /home/abdullrahmman/turtlesim_ws/install/turtlesim_interfaces/include/turtlesim_interfaces/turtlesim_interfaces/srv/detail/catch_turtle__type_support.c
[2.917s] -- Up-to-date: /home/abdullrahmman/turtlesim_ws/install/turtlesim_interfaces/include/turtlesim_interfaces/turtlesim_interfaces/msg
[2.917s] -- Up-to-date: /home/abdullrahmman/turtlesim_ws/install/turtlesim_interfaces/include/turtlesim_interfaces/turtlesim_interfaces/msg/detail
[2.917s] -- Installing: /home/abdullrahmman/turtlesim_ws/install/turtlesim_interfaces/include/turtlesim_interfaces/turtlesim_interfaces/msg/detail/turtle_array__rosidl_typesupport_introspection_c.h
[2.917s] -- Installing: /home/abdullrahmman/turtlesim_ws/install/turtlesim_interfaces/include/turtlesim_interfaces/turtlesim_interfaces/msg/detail/turtle__rosidl_typesupport_introspection_c.h
[2.918s] -- Installing: /home/abdullrahmman/turtlesim_ws/install/turtlesim_interfaces/include/turtlesim_interfaces/turtlesim_interfaces/msg/detail/turtle_array__type_support.c
[2.918s] -- Installing: /home/abdullrahmman/turtlesim_ws/install/turtlesim_interfaces/include/turtlesim_interfaces/turtlesim_interfaces/msg/detail/turtle__type_support.c
[2.918s] -- Up-to-date: /home/abdullrahmman/turtlesim_ws/install/turtlesim_interfaces/include/turtlesim_interfaces/turtlesim_interfaces/msg/rosidl_typesupport_introspection_c__visibility_control.h
[2.918s] -- Installing: /home/abdullrahmman/turtlesim_ws/install/turtlesim_interfaces/lib/libturtlesim_interfaces__rosidl_typesupport_introspection_c.so
[2.918s] -- Set runtime path of "/home/abdullrahmman/turtlesim_ws/install/turtlesim_interfaces/lib/libturtlesim_interfaces__rosidl_typesupport_introspection_c.so" to ""
[2.918s] -- Installing: /home/abdullrahmman/turtlesim_ws/install/turtlesim_interfaces/lib/libturtlesim_interfaces__rosidl_typesupport_c.so
[2.918s] -- Set runtime path of "/home/abdullrahmman/turtlesim_ws/install/turtlesim_interfaces/lib/libturtlesim_interfaces__rosidl_typesupport_c.so" to ""
[2.918s] -- Up-to-date: /home/abdullrahmman/turtlesim_ws/install/turtlesim_interfaces/include/turtlesim_interfaces/turtlesim_interfaces
[2.918s] -- Up-to-date: /home/abdullrahmman/turtlesim_ws/install/turtlesim_interfaces/include/turtlesim_interfaces/turtlesim_interfaces/srv
[2.918s] -- Installing: /home/abdullrahmman/turtlesim_ws/install/turtlesim_interfaces/include/turtlesim_interfaces/turtlesim_interfaces/srv/catch_turtle.hpp
[2.919s] -- Up-to-date: /home/abdullrahmman/turtlesim_ws/install/turtlesim_interfaces/include/turtlesim_interfaces/turtlesim_interfaces/srv/detail
[2.919s] -- Installing: /home/abdullrahmman/turtlesim_ws/install/turtlesim_interfaces/include/turtlesim_interfaces/turtlesim_interfaces/srv/detail/catch_turtle__type_support.hpp
[2.919s] -- Installing: /home/abdullrahmman/turtlesim_ws/install/turtlesim_interfaces/include/turtlesim_interfaces/turtlesim_interfaces/srv/detail/catch_turtle__builder.hpp
[2.919s] -- Installing: /home/abdullrahmman/turtlesim_ws/install/turtlesim_interfaces/include/turtlesim_interfaces/turtlesim_interfaces/srv/detail/catch_turtle__traits.hpp
[2.919s] -- Installing: /home/abdullrahmman/turtlesim_ws/install/turtlesim_interfaces/include/turtlesim_interfaces/turtlesim_interfaces/srv/detail/catch_turtle__struct.hpp
[2.919s] -- Up-to-date: /home/abdullrahmman/turtlesim_ws/install/turtlesim_interfaces/include/turtlesim_interfaces/turtlesim_interfaces/msg
[2.919s] -- Up-to-date: /home/abdullrahmman/turtlesim_ws/install/turtlesim_interfaces/include/turtlesim_interfaces/turtlesim_interfaces/msg/rosidl_generator_cpp__visibility_control.hpp
[2.919s] -- Up-to-date: /home/abdullrahmman/turtlesim_ws/install/turtlesim_interfaces/include/turtlesim_interfaces/turtlesim_interfaces/msg/detail
[2.919s] -- Installing: /home/abdullrahmman/turtlesim_ws/install/turtlesim_interfaces/include/turtlesim_interfaces/turtlesim_interfaces/msg/detail/turtle__type_support.hpp
[2.919s] -- Installing: /home/abdullrahmman/turtlesim_ws/install/turtlesim_interfaces/include/turtlesim_interfaces/turtlesim_interfaces/msg/detail/turtle_array__traits.hpp
[2.920s] -- Installing: /home/abdullrahmman/turtlesim_ws/install/turtlesim_interfaces/include/turtlesim_interfaces/turtlesim_interfaces/msg/detail/turtle_array__type_support.hpp
[2.920s] -- Installing: /home/abdullrahmman/turtlesim_ws/install/turtlesim_interfaces/include/turtlesim_interfaces/turtlesim_interfaces/msg/detail/turtle__builder.hpp
[2.920s] -- Installing: /home/abdullrahmman/turtlesim_ws/install/turtlesim_interfaces/include/turtlesim_interfaces/turtlesim_interfaces/msg/detail/turtle__struct.hpp
[2.920s] -- Installing: /home/abdullrahmman/turtlesim_ws/install/turtlesim_interfaces/include/turtlesim_interfaces/turtlesim_interfaces/msg/detail/turtle_array__struct.hpp
[2.920s] -- Installing: /home/abdullrahmman/turtlesim_ws/install/turtlesim_interfaces/include/turtlesim_interfaces/turtlesim_interfaces/msg/detail/turtle_array__builder.hpp
[2.920s] -- Installing: /home/abdullrahmman/turtlesim_ws/install/turtlesim_interfaces/include/turtlesim_interfaces/turtlesim_interfaces/msg/detail/turtle__traits.hpp
[2.920s] -- Installing: /home/abdullrahmman/turtlesim_ws/install/turtlesim_interfaces/include/turtlesim_interfaces/turtlesim_interfaces/msg/turtle.hpp
[2.920s] -- Installing: /home/abdullrahmman/turtlesim_ws/install/turtlesim_interfaces/include/turtlesim_interfaces/turtlesim_interfaces/msg/turtle_array.hpp
[2.920s] -- Up-to-date: /home/abdullrahmman/turtlesim_ws/install/turtlesim_interfaces/include/turtlesim_interfaces/turtlesim_interfaces
[2.920s] -- Up-to-date: /home/abdullrahmman/turtlesim_ws/install/turtlesim_interfaces/include/turtlesim_interfaces/turtlesim_interfaces/srv
[2.920s] -- Up-to-date: /home/abdullrahmman/turtlesim_ws/install/turtlesim_interfaces/include/turtlesim_interfaces/turtlesim_interfaces/srv/detail
[2.921s] -- Installing: /home/abdullrahmman/turtlesim_ws/install/turtlesim_interfaces/include/turtlesim_interfaces/turtlesim_interfaces/srv/detail/catch_turtle__rosidl_typesupport_fastrtps_cpp.hpp
[2.921s] -- Installing: /home/abdullrahmman/turtlesim_ws/install/turtlesim_interfaces/include/turtlesim_interfaces/turtlesim_interfaces/srv/detail/dds_fastrtps
[2.921s] -- Up-to-date: /home/abdullrahmman/turtlesim_ws/install/turtlesim_interfaces/include/turtlesim_interfaces/turtlesim_interfaces/msg
[2.921s] -- Up-to-date: /home/abdullrahmman/turtlesim_ws/install/turtlesim_interfaces/include/turtlesim_interfaces/turtlesim_interfaces/msg/rosidl_typesupport_fastrtps_cpp__visibility_control.h
[2.921s] -- Up-to-date: /home/abdullrahmman/turtlesim_ws/install/turtlesim_interfaces/include/turtlesim_interfaces/turtlesim_interfaces/msg/detail
[2.921s] -- Installing: /home/abdullrahmman/turtlesim_ws/install/turtlesim_interfaces/include/turtlesim_interfaces/turtlesim_interfaces/msg/detail/turtle_array__rosidl_typesupport_fastrtps_cpp.hpp
[2.921s] -- Installing: /home/abdullrahmman/turtlesim_ws/install/turtlesim_interfaces/include/turtlesim_interfaces/turtlesim_interfaces/msg/detail/turtle__rosidl_typesupport_fastrtps_cpp.hpp
[2.921s] -- Up-to-date: /home/abdullrahmman/turtlesim_ws/install/turtlesim_interfaces/include/turtlesim_interfaces/turtlesim_interfaces/msg/detail/dds_fastrtps
[2.921s] -- Installing: /home/abdullrahmman/turtlesim_ws/install/turtlesim_interfaces/lib/libturtlesim_interfaces__rosidl_typesupport_fastrtps_cpp.so
[2.921s] -- Set runtime path of "/home/abdullrahmman/turtlesim_ws/install/turtlesim_interfaces/lib/libturtlesim_interfaces__rosidl_typesupport_fastrtps_cpp.so" to ""
[2.921s] -- Up-to-date: /home/abdullrahmman/turtlesim_ws/install/turtlesim_interfaces/include/turtlesim_interfaces/turtlesim_interfaces
[2.921s] -- Up-to-date: /home/abdullrahmman/turtlesim_ws/install/turtlesim_interfaces/include/turtlesim_interfaces/turtlesim_interfaces/srv
[2.921s] -- Up-to-date: /home/abdullrahmman/turtlesim_ws/install/turtlesim_interfaces/include/turtlesim_interfaces/turtlesim_interfaces/srv/detail
[2.921s] -- Installing: /home/abdullrahmman/turtlesim_ws/install/turtlesim_interfaces/include/turtlesim_interfaces/turtlesim_interfaces/srv/detail/catch_turtle__type_support.cpp
[2.921s] -- Installing: /home/abdullrahmman/turtlesim_ws/install/turtlesim_interfaces/include/turtlesim_interfaces/turtlesim_interfaces/srv/detail/catch_turtle__rosidl_typesupport_introspection_cpp.hpp
[2.921s] -- Up-to-date: /home/abdullrahmman/turtlesim_ws/install/turtlesim_interfaces/include/turtlesim_interfaces/turtlesim_interfaces/msg
[2.921s] -- Up-to-date: /home/abdullrahmman/turtlesim_ws/install/turtlesim_interfaces/include/turtlesim_interfaces/turtlesim_interfaces/msg/detail
[2.921s] -- Installing: /home/abdullrahmman/turtlesim_ws/install/turtlesim_interfaces/include/turtlesim_interfaces/turtlesim_interfaces/msg/detail/turtle__rosidl_typesupport_introspection_cpp.hpp
[2.921s] -- Installing: /home/abdullrahmman/turtlesim_ws/install/turtlesim_interfaces/include/turtlesim_interfaces/turtlesim_interfaces/msg/detail/turtle_array__rosidl_typesupport_introspection_cpp.hpp
[2.921s] -- Installing: /home/abdullrahmman/turtlesim_ws/install/turtlesim_interfaces/include/turtlesim_interfaces/turtlesim_interfaces/msg/detail/turtle__type_support.cpp
[2.921s] -- Installing: /home/abdullrahmman/turtlesim_ws/install/turtlesim_interfaces/include/turtlesim_interfaces/turtlesim_interfaces/msg/detail/turtle_array__type_support.cpp
[2.922s] -- Installing: /home/abdullrahmman/turtlesim_ws/install/turtlesim_interfaces/lib/libturtlesim_interfaces__rosidl_typesupport_introspection_cpp.so
[2.922s] -- Set runtime path of "/home/abdullrahmman/turtlesim_ws/install/turtlesim_interfaces/lib/libturtlesim_interfaces__rosidl_typesupport_introspection_cpp.so" to ""
[2.922s] -- Installing: /home/abdullrahmman/turtlesim_ws/install/turtlesim_interfaces/lib/libturtlesim_interfaces__rosidl_typesupport_cpp.so
[2.922s] -- Set runtime path of "/home/abdullrahmman/turtlesim_ws/install/turtlesim_interfaces/lib/libturtlesim_interfaces__rosidl_typesupport_cpp.so" to ""
[2.922s] -- Up-to-date: /home/abdullrahmman/turtlesim_ws/install/turtlesim_interfaces/share/turtlesim_interfaces/environment/pythonpath.sh
[2.922s] -- Installing: /home/abdullrahmman/turtlesim_ws/install/turtlesim_interfaces/share/turtlesim_interfaces/environment/pythonpath.dsv
[2.922s] -- Up-to-date: /home/abdullrahmman/turtlesim_ws/install/turtlesim_interfaces/local/lib/python3.10/dist-packages/turtlesim_interfaces-0.0.0-py3.10.egg-info
[2.922s] -- Installing: /home/abdullrahmman/turtlesim_ws/install/turtlesim_interfaces/local/lib/python3.10/dist-packages/turtlesim_interfaces-0.0.0-py3.10.egg-info/top_level.txt
[2.922s] -- Installing: /home/abdullrahmman/turtlesim_ws/install/turtlesim_interfaces/local/lib/python3.10/dist-packages/turtlesim_interfaces-0.0.0-py3.10.egg-info/SOURCES.txt
[2.922s] -- Installing: /home/abdullrahmman/turtlesim_ws/install/turtlesim_interfaces/local/lib/python3.10/dist-packages/turtlesim_interfaces-0.0.0-py3.10.egg-info/PKG-INFO
[2.922s] -- Installing: /home/abdullrahmman/turtlesim_ws/install/turtlesim_interfaces/local/lib/python3.10/dist-packages/turtlesim_interfaces-0.0.0-py3.10.egg-info/dependency_links.txt
[2.922s] -- Up-to-date: /home/abdullrahmman/turtlesim_ws/install/turtlesim_interfaces/local/lib/python3.10/dist-packages/turtlesim_interfaces
[2.922s] -- Installing: /home/abdullrahmman/turtlesim_ws/install/turtlesim_interfaces/local/lib/python3.10/dist-packages/turtlesim_interfaces/srv
[2.922s] -- Installing: /home/abdullrahmman/turtlesim_ws/install/turtlesim_interfaces/local/lib/python3.10/dist-packages/turtlesim_interfaces/srv/__init__.py
[2.922s] -- Installing: /home/abdullrahmman/turtlesim_ws/install/turtlesim_interfaces/local/lib/python3.10/dist-packages/turtlesim_interfaces/srv/_catch_turtle_s.c
[2.922s] -- Installing: /home/abdullrahmman/turtlesim_ws/install/turtlesim_interfaces/local/lib/python3.10/dist-packages/turtlesim_interfaces/srv/_catch_turtle.py
[2.922s] -- Installing: /home/abdullrahmman/turtlesim_ws/install/turtlesim_interfaces/local/lib/python3.10/dist-packages/turtlesim_interfaces/__init__.py
[2.922s] -- Installing: /home/abdullrahmman/turtlesim_ws/install/turtlesim_interfaces/local/lib/python3.10/dist-packages/turtlesim_interfaces/turtlesim_interfaces_s__rosidl_typesupport_introspection_c.cpython-310-x86_64-linux-gnu.so
[2.922s] -- Installing: /home/abdullrahmman/turtlesim_ws/install/turtlesim_interfaces/local/lib/python3.10/dist-packages/turtlesim_interfaces/turtlesim_interfaces_s__rosidl_typesupport_fastrtps_c.cpython-310-x86_64-linux-gnu.so
[2.922s] -- Installing: /home/abdullrahmman/turtlesim_ws/install/turtlesim_interfaces/local/lib/python3.10/dist-packages/turtlesim_interfaces/turtlesim_interfaces_s__rosidl_typesupport_c.cpython-310-x86_64-linux-gnu.so
[2.922s] -- Installing: /home/abdullrahmman/turtlesim_ws/install/turtlesim_interfaces/local/lib/python3.10/dist-packages/turtlesim_interfaces/_turtlesim_interfaces_s.ep.rosidl_typesupport_c.c
[2.922s] -- Installing: /home/abdullrahmman/turtlesim_ws/install/turtlesim_interfaces/local/lib/python3.10/dist-packages/turtlesim_interfaces/_turtlesim_interfaces_s.ep.rosidl_typesupport_fastrtps_c.c
[2.922s] -- Up-to-date: /home/abdullrahmman/turtlesim_ws/install/turtlesim_interfaces/local/lib/python3.10/dist-packages/turtlesim_interfaces/msg
[2.922s] -- Installing: /home/abdullrahmman/turtlesim_ws/install/turtlesim_interfaces/local/lib/python3.10/dist-packages/turtlesim_interfaces/msg/__init__.py
[2.923s] -- Installing: /home/abdullrahmman/turtlesim_ws/install/turtlesim_interfaces/local/lib/python3.10/dist-packages/turtlesim_interfaces/msg/_turtle_array.py
[2.923s] -- Installing: /home/abdullrahmman/turtlesim_ws/install/turtlesim_interfaces/local/lib/python3.10/dist-packages/turtlesim_interfaces/msg/_turtle_array_s.c
[2.923s] -- Installing: /home/abdullrahmman/turtlesim_ws/install/turtlesim_interfaces/local/lib/python3.10/dist-packages/turtlesim_interfaces/msg/_turtle_s.c
[2.923s] -- Installing: /home/abdullrahmman/turtlesim_ws/install/turtlesim_interfaces/local/lib/python3.10/dist-packages/turtlesim_interfaces/msg/_turtle.py
[2.923s] -- Installing: /home/abdullrahmman/turtlesim_ws/install/turtlesim_interfaces/local/lib/python3.10/dist-packages/turtlesim_interfaces/libturtlesim_interfaces__rosidl_generator_py.so
[2.923s] -- Installing: /home/abdullrahmman/turtlesim_ws/install/turtlesim_interfaces/local/lib/python3.10/dist-packages/turtlesim_interfaces/_turtlesim_interfaces_s.ep.rosidl_typesupport_introspection_c.c
[2.949s] Listing '/home/abdullrahmman/turtlesim_ws/install/turtlesim_interfaces/local/lib/python3.10/dist-packages/turtlesim_interfaces'...
[2.949s] Compiling '/home/abdullrahmman/turtlesim_ws/install/turtlesim_interfaces/local/lib/python3.10/dist-packages/turtlesim_interfaces/__init__.py'...
[2.949s] Listing '/home/abdullrahmman/turtlesim_ws/install/turtlesim_interfaces/local/lib/python3.10/dist-packages/turtlesim_interfaces/msg'...
[2.949s] Compiling '/home/abdullrahmman/turtlesim_ws/install/turtlesim_interfaces/local/lib/python3.10/dist-packages/turtlesim_interfaces/msg/__init__.py'...
[2.949s] Compiling '/home/abdullrahmman/turtlesim_ws/install/turtlesim_interfaces/local/lib/python3.10/dist-packages/turtlesim_interfaces/msg/_turtle.py'...
[2.949s] Compiling '/home/abdullrahmman/turtlesim_ws/install/turtlesim_interfaces/local/lib/python3.10/dist-packages/turtlesim_interfaces/msg/_turtle_array.py'...
[2.949s] Listing '/home/abdullrahmman/turtlesim_ws/install/turtlesim_interfaces/local/lib/python3.10/dist-packages/turtlesim_interfaces/srv'...
[2.949s] Compiling '/home/abdullrahmman/turtlesim_ws/install/turtlesim_interfaces/local/lib/python3.10/dist-packages/turtlesim_interfaces/srv/__init__.py'...
[2.949s] Compiling '/home/abdullrahmman/turtlesim_ws/install/turtlesim_interfaces/local/lib/python3.10/dist-packages/turtlesim_interfaces/srv/_catch_turtle.py'...
[2.953s] -- Installing: /home/abdullrahmman/turtlesim_ws/install/turtlesim_interfaces/local/lib/python3.10/dist-packages/turtlesim_interfaces/turtlesim_interfaces_s__rosidl_typesupport_fastrtps_c.cpython-310-x86_64-linux-gnu.so
[2.953s] -- Set runtime path of "/home/abdullrahmman/turtlesim_ws/install/turtlesim_interfaces/local/lib/python3.10/dist-packages/turtlesim_interfaces/turtlesim_interfaces_s__rosidl_typesupport_fastrtps_c.cpython-310-x86_64-linux-gnu.so" to ""
[2.953s] -- Installing: /home/abdullrahmman/turtlesim_ws/install/turtlesim_interfaces/local/lib/python3.10/dist-packages/turtlesim_interfaces/turtlesim_interfaces_s__rosidl_typesupport_introspection_c.cpython-310-x86_64-linux-gnu.so
[2.953s] -- Set runtime path of "/home/abdullrahmman/turtlesim_ws/install/turtlesim_interfaces/local/lib/python3.10/dist-packages/turtlesim_interfaces/turtlesim_interfaces_s__rosidl_typesupport_introspection_c.cpython-310-x86_64-linux-gnu.so" to ""
[2.953s] -- Installing: /home/abdullrahmman/turtlesim_ws/install/turtlesim_interfaces/local/lib/python3.10/dist-packages/turtlesim_interfaces/turtlesim_interfaces_s__rosidl_typesupport_c.cpython-310-x86_64-linux-gnu.so
[2.954s] -- Set runtime path of "/home/abdullrahmman/turtlesim_ws/install/turtlesim_interfaces/local/lib/python3.10/dist-packages/turtlesim_interfaces/turtlesim_interfaces_s__rosidl_typesupport_c.cpython-310-x86_64-linux-gnu.so" to ""
[2.954s] -- Installing: /home/abdullrahmman/turtlesim_ws/install/turtlesim_interfaces/lib/libturtlesim_interfaces__rosidl_generator_py.so
[2.954s] -- Set runtime path of "/home/abdullrahmman/turtlesim_ws/install/turtlesim_interfaces/lib/libturtlesim_interfaces__rosidl_generator_py.so" to ""
[2.954s] -- Up-to-date: /home/abdullrahmman/turtlesim_ws/install/turtlesim_interfaces/share/turtlesim_interfaces/msg/Turtle.idl
[2.955s] -- Up-to-date: /home/abdullrahmman/turtlesim_ws/install/turtlesim_interfaces/share/turtlesim_interfaces/msg/TurtleArray.idl
[2.955s] -- Installing: /home/abdullrahmman/turtlesim_ws/install/turtlesim_interfaces/share/turtlesim_interfaces/srv/CatchTurtle.idl
[2.955s] -- Up-to-date: /home/abdullrahmman/turtlesim_ws/install/turtlesim_interfaces/share/turtlesim_interfaces/msg/Turtle.msg
[2.955s] -- Up-to-date: /home/abdullrahmman/turtlesim_ws/install/turtlesim_interfaces/share/turtlesim_interfaces/msg/TurtleArray.msg
[2.955s] -- Installing: /home/abdullrahmman/turtlesim_ws/install/turtlesim_interfaces/share/turtlesim_interfaces/srv/CatchTurtle.srv
[2.955s] -- Installing: /home/abdullrahmman/turtlesim_ws/install/turtlesim_interfaces/share/turtlesim_interfaces/srv/CatchTurtle_Request.msg
[2.955s] -- Installing: /home/abdullrahmman/turtlesim_ws/install/turtlesim_interfaces/share/turtlesim_interfaces/srv/CatchTurtle_Response.msg
[2.955s] -- Up-to-date: /home/abdullrahmman/turtlesim_ws/install/turtlesim_interfaces/share/ament_index/resource_index/package_run_dependencies/turtlesim_interfaces
[2.955s] -- Installing: /home/abdullrahmman/turtlesim_ws/install/turtlesim_interfaces/share/ament_index/resource_index/parent_prefix_path/turtlesim_interfaces
[2.955s] -- Up-to-date: /home/abdullrahmman/turtlesim_ws/install/turtlesim_interfaces/share/turtlesim_interfaces/environment/ament_prefix_path.sh
[2.955s] -- Installing: /home/abdullrahmman/turtlesim_ws/install/turtlesim_interfaces/share/turtlesim_interfaces/environment/ament_prefix_path.dsv
[2.956s] -- Up-to-date: /home/abdullrahmman/turtlesim_ws/install/turtlesim_interfaces/share/turtlesim_interfaces/environment/path.sh
[2.956s] -- Installing: /home/abdullrahmman/turtlesim_ws/install/turtlesim_interfaces/share/turtlesim_interfaces/environment/path.dsv
[2.956s] -- Up-to-date: /home/abdullrahmman/turtlesim_ws/install/turtlesim_interfaces/share/turtlesim_interfaces/local_setup.bash
[2.956s] -- Up-to-date: /home/abdullrahmman/turtlesim_ws/install/turtlesim_interfaces/share/turtlesim_interfaces/local_setup.sh
[2.956s] -- Up-to-date: /home/abdullrahmman/turtlesim_ws/install/turtlesim_interfaces/share/turtlesim_interfaces/local_setup.zsh
[2.956s] -- Installing: /home/abdullrahmman/turtlesim_ws/install/turtlesim_interfaces/share/turtlesim_interfaces/local_setup.dsv
[2.956s] -- Installing: /home/abdullrahmman/turtlesim_ws/install/turtlesim_interfaces/share/turtlesim_interfaces/package.dsv
[2.956s] -- Up-to-date: /home/abdullrahmman/turtlesim_ws/install/turtlesim_interfaces/share/ament_index/resource_index/packages/turtlesim_interfaces
[2.956s] -- Up-to-date: /home/abdullrahmman/turtlesim_ws/install/turtlesim_interfaces/share/turtlesim_interfaces/cmake/export_turtlesim_interfaces__rosidl_generator_cExport.cmake
[2.956s] -- Up-to-date: /home/abdullrahmman/turtlesim_ws/install/turtlesim_interfaces/share/turtlesim_interfaces/cmake/export_turtlesim_interfaces__rosidl_generator_cExport-noconfig.cmake
[2.956s] -- Up-to-date: /home/abdullrahmman/turtlesim_ws/install/turtlesim_interfaces/share/turtlesim_interfaces/cmake/export_turtlesim_interfaces__rosidl_typesupport_fastrtps_cExport.cmake
[2.957s] -- Up-to-date: /home/abdullrahmman/turtlesim_ws/install/turtlesim_interfaces/share/turtlesim_interfaces/cmake/export_turtlesim_interfaces__rosidl_typesupport_fastrtps_cExport-noconfig.cmake
[2.957s] -- Up-to-date: /home/abdullrahmman/turtlesim_ws/install/turtlesim_interfaces/share/turtlesim_interfaces/cmake/turtlesim_interfaces__rosidl_typesupport_introspection_cExport.cmake
[2.957s] -- Up-to-date: /home/abdullrahmman/turtlesim_ws/install/turtlesim_interfaces/share/turtlesim_interfaces/cmake/turtlesim_interfaces__rosidl_typesupport_introspection_cExport-noconfig.cmake
[2.957s] -- Up-to-date: /home/abdullrahmman/turtlesim_ws/install/turtlesim_interfaces/share/turtlesim_interfaces/cmake/turtlesim_interfaces__rosidl_typesupport_cExport.cmake
[2.957s] -- Up-to-date: /home/abdullrahmman/turtlesim_ws/install/turtlesim_interfaces/share/turtlesim_interfaces/cmake/turtlesim_interfaces__rosidl_typesupport_cExport-noconfig.cmake
[2.957s] -- Up-to-date: /home/abdullrahmman/turtlesim_ws/install/turtlesim_interfaces/share/turtlesim_interfaces/cmake/export_turtlesim_interfaces__rosidl_generator_cppExport.cmake
[2.957s] -- Up-to-date: /home/abdullrahmman/turtlesim_ws/install/turtlesim_interfaces/share/turtlesim_interfaces/cmake/export_turtlesim_interfaces__rosidl_typesupport_fastrtps_cppExport.cmake
[2.957s] -- Up-to-date: /home/abdullrahmman/turtlesim_ws/install/turtlesim_interfaces/share/turtlesim_interfaces/cmake/export_turtlesim_interfaces__rosidl_typesupport_fastrtps_cppExport-noconfig.cmake
[2.957s] -- Up-to-date: /home/abdullrahmman/turtlesim_ws/install/turtlesim_interfaces/share/turtlesim_interfaces/cmake/turtlesim_interfaces__rosidl_typesupport_introspection_cppExport.cmake
[2.958s] -- Up-to-date: /home/abdullrahmman/turtlesim_ws/install/turtlesim_interfaces/share/turtlesim_interfaces/cmake/turtlesim_interfaces__rosidl_typesupport_introspection_cppExport-noconfig.cmake
[2.958s] -- Up-to-date: /home/abdullrahmman/turtlesim_ws/install/turtlesim_interfaces/share/turtlesim_interfaces/cmake/turtlesim_interfaces__rosidl_typesupport_cppExport.cmake
[2.958s] -- Up-to-date: /home/abdullrahmman/turtlesim_ws/install/turtlesim_interfaces/share/turtlesim_interfaces/cmake/turtlesim_interfaces__rosidl_typesupport_cppExport-noconfig.cmake
[2.958s] -- Up-to-date: /home/abdullrahmman/turtlesim_ws/install/turtlesim_interfaces/share/turtlesim_interfaces/cmake/export_turtlesim_interfaces__rosidl_generator_pyExport.cmake
[2.958s] -- Up-to-date: /home/abdullrahmman/turtlesim_ws/install/turtlesim_interfaces/share/turtlesim_interfaces/cmake/export_turtlesim_interfaces__rosidl_generator_pyExport-noconfig.cmake
[2.958s] -- Installing: /home/abdullrahmman/turtlesim_ws/install/turtlesim_interfaces/share/turtlesim_interfaces/cmake/rosidl_cmake-extras.cmake
[2.958s] -- Up-to-date: /home/abdullrahmman/turtlesim_ws/install/turtlesim_interfaces/share/turtlesim_interfaces/cmake/ament_cmake_export_include_directories-extras.cmake
[2.958s] -- Up-to-date: /home/abdullrahmman/turtlesim_ws/install/turtlesim_interfaces/share/turtlesim_interfaces/cmake/ament_cmake_export_libraries-extras.cmake
[2.958s] -- Up-to-date: /home/abdullrahmman/turtlesim_ws/install/turtlesim_interfaces/share/turtlesim_interfaces/cmake/ament_cmake_export_targets-extras.cmake
[2.958s] -- Up-to-date: /home/abdullrahmman/turtlesim_ws/install/turtlesim_interfaces/share/turtlesim_interfaces/cmake/rosidl_cmake_export_typesupport_targets-extras.cmake
[2.959s] -- Installing: /home/abdullrahmman/turtlesim_ws/install/turtlesim_interfaces/share/turtlesim_interfaces/cmake/ament_cmake_export_dependencies-extras.cmake
[2.959s] -- Up-to-date: /home/abdullrahmman/turtlesim_ws/install/turtlesim_interfaces/share/turtlesim_interfaces/cmake/rosidl_cmake_export_typesupport_libraries-extras.cmake
[2.959s] -- Up-to-date: /home/abdullrahmman/turtlesim_ws/install/turtlesim_interfaces/share/turtlesim_interfaces/cmake/turtlesim_interfacesConfig.cmake
[2.959s] -- Up-to-date: /home/abdullrahmman/turtlesim_ws/install/turtlesim_interfaces/share/turtlesim_interfaces/cmake/turtlesim_interfacesConfig-version.cmake
[2.959s] -- Up-to-date: /home/abdullrahmman/turtlesim_ws/install/turtlesim_interfaces/share/turtlesim_interfaces/package.xml
[2.961s] Invoked command in '/home/abdullrahmman/turtlesim_ws/build/turtlesim_interfaces' returned '0': CMAKE_PREFIX_PATH=${CMAKE_PREFIX_PATH}:/home/abdullrahmman/ros2_ws/install/simple_py_pkg:/home/abdullrahmman/turtlesim_ws/install/turtlesim_py_pkg:/opt/ros/humble /usr/bin/cmake --install /home/abdullrahmman/turtlesim_ws/build/turtlesim_interfaces
