[0.078s] DEBUG:colcon:Command line arguments: ['/usr/bin/colcon', 'build']
[0.078s] DEBUG:colcon:Parsed command line arguments: Namespace(log_base=None, log_level=None, verb_name='build', build_base='build', install_base='install', merge_install=False, symlink_install=False, test_result_base=None, continue_on_error=False, executor='parallel', parallel_workers=12, event_handlers=None, ignore_user_meta=False, metas=['./colcon.meta'], base_paths=['.'], packages_ignore=None, packages_ignore_regex=None, paths=None, packages_up_to=None, packages_up_to_regex=None, packages_above=None, packages_above_and_dependencies=None, packages_above_depth=None, packages_select_by_dep=None, packages_skip_by_dep=None, packages_skip_up_to=None, packages_select_build_failed=False, packages_skip_build_finished=False, packages_select_test_failures=False, packages_skip_test_passed=False, packages_select=None, packages_skip=None, packages_select_regex=None, packages_skip_regex=None, packages_start=None, packages_end=None, allow_overriding=[], cmake_args=None, cmake_target=None, cmake_target_skip_unavailable=False, cmake_clean_cache=False, cmake_clean_first=False, cmake_force_configure=False, ament_cmake_args=None, catkin_cmake_args=None, catkin_skip_building_tests=False, verb_parser=<colcon_defaults.argument_parser.defaults.DefaultArgumentsDecorator object at 0x7200d9650730>, verb_extension=<colcon_core.verb.build.BuildVerb object at 0x7200d9650190>, main=<bound method BuildVerb.main of <colcon_core.verb.build.BuildVerb object at 0x7200d9650190>>)
[0.167s] Level 1:colcon.colcon_core.package_discovery:discover_packages(colcon_meta) check parameters
[0.167s] Level 1:colcon.colcon_core.package_discovery:discover_packages(recursive) check parameters
[0.167s] Level 1:colcon.colcon_core.package_discovery:discover_packages(ignore) check parameters
[0.167s] Level 1:colcon.colcon_core.package_discovery:discover_packages(path) check parameters
[0.167s] Level 1:colcon.colcon_core.package_discovery:discover_packages(colcon_meta) discover
[0.167s] Level 1:colcon.colcon_core.package_discovery:discover_packages(recursive) discover
[0.167s] INFO:colcon.colcon_core.package_discovery:Crawling recursively for packages in '/home/abdullrahmman/turtlesim_ws'
[0.167s] Level 1:colcon.colcon_core.package_identification:_identify(.) by extensions ['ignore', 'ignore_ament_install']
[0.167s] Level 1:colcon.colcon_core.package_identification:_identify(.) by extension 'ignore'
[0.167s] Level 1:colcon.colcon_core.package_identification:_identify(.) by extension 'ignore_ament_install'
[0.167s] Level 1:colcon.colcon_core.package_identification:_identify(.) by extensions ['colcon_pkg']
[0.167s] Level 1:colcon.colcon_core.package_identification:_identify(.) by extension 'colcon_pkg'
[0.167s] Level 1:colcon.colcon_core.package_identification:_identify(.) by extensions ['colcon_meta']
[0.167s] Level 1:colcon.colcon_core.package_identification:_identify(.) by extension 'colcon_meta'
[0.167s] Level 1:colcon.colcon_core.package_identification:_identify(.) by extensions ['ros']
[0.167s] Level 1:colcon.colcon_core.package_identification:_identify(.) by extension 'ros'
[0.174s] Level 1:colcon.colcon_core.package_identification:_identify(.) by extensions ['cmake', 'python']
[0.174s] Level 1:colcon.colcon_core.package_identification:_identify(.) by extension 'cmake'
[0.174s] Level 1:colcon.colcon_core.package_identification:_identify(.) by extension 'python'
[0.174s] Level 1:colcon.colcon_core.package_identification:_identify(.) by extensions ['python_setup_py']
[0.174s] Level 1:colcon.colcon_core.package_identification:_identify(.) by extension 'python_setup_py'
[0.174s] Level 1:colcon.colcon_core.package_identification:_identify(build) by extensions ['ignore', 'ignore_ament_install']
[0.174s] Level 1:colcon.colcon_core.package_identification:_identify(build) by extension 'ignore'
[0.174s] Level 1:colcon.colcon_core.package_identification:_identify(build) ignored
[0.175s] Level 1:colcon.colcon_core.package_identification:_identify(install) by extensions ['ignore', 'ignore_ament_install']
[0.175s] Level 1:colcon.colcon_core.package_identification:_identify(install) by extension 'ignore'
[0.175s] Level 1:colcon.colcon_core.package_identification:_identify(install) ignored
[0.175s] Level 1:colcon.colcon_core.package_identification:_identify(log) by extensions ['ignore', 'ignore_ament_install']
[0.175s] Level 1:colcon.colcon_core.package_identification:_identify(log) by extension 'ignore'
[0.175s] Level 1:colcon.colcon_core.package_identification:_identify(log) ignored
[0.175s] Level 1:colcon.colcon_core.package_identification:_identify(src) by extensions ['ignore', 'ignore_ament_install']
[0.175s] Level 1:colcon.colcon_core.package_identification:_identify(src) by extension 'ignore'
[0.175s] Level 1:colcon.colcon_core.package_identification:_identify(src) by extension 'ignore_ament_install'
[0.175s] Level 1:colcon.colcon_core.package_identification:_identify(src) by extensions ['colcon_pkg']
[0.175s] Level 1:colcon.colcon_core.package_identification:_identify(src) by extension 'colcon_pkg'
[0.175s] Level 1:colcon.colcon_core.package_identification:_identify(src) by extensions ['colcon_meta']
[0.175s] Level 1:colcon.colcon_core.package_identification:_identify(src) by extension 'colcon_meta'
[0.175s] Level 1:colcon.colcon_core.package_identification:_identify(src) by extensions ['ros']
[0.175s] Level 1:colcon.colcon_core.package_identification:_identify(src) by extension 'ros'
[0.175s] Level 1:colcon.colcon_core.package_identification:_identify(src) by extensions ['cmake', 'python']
[0.175s] Level 1:colcon.colcon_core.package_identification:_identify(src) by extension 'cmake'
[0.175s] Level 1:colcon.colcon_core.package_identification:_identify(src) by extension 'python'
[0.175s] Level 1:colcon.colcon_core.package_identification:_identify(src) by extensions ['python_setup_py']
[0.175s] Level 1:colcon.colcon_core.package_identification:_identify(src) by extension 'python_setup_py'
[0.175s] Level 1:colcon.colcon_core.package_identification:_identify(src/turtlesim_interfaces) by extensions ['ignore', 'ignore_ament_install']
[0.175s] Level 1:colcon.colcon_core.package_identification:_identify(src/turtlesim_interfaces) by extension 'ignore'
[0.175s] Level 1:colcon.colcon_core.package_identification:_identify(src/turtlesim_interfaces) by extension 'ignore_ament_install'
[0.175s] Level 1:colcon.colcon_core.package_identification:_identify(src/turtlesim_interfaces) by extensions ['colcon_pkg']
[0.175s] Level 1:colcon.colcon_core.package_identification:_identify(src/turtlesim_interfaces) by extension 'colcon_pkg'
[0.175s] Level 1:colcon.colcon_core.package_identification:_identify(src/turtlesim_interfaces) by extensions ['colcon_meta']
[0.175s] Level 1:colcon.colcon_core.package_identification:_identify(src/turtlesim_interfaces) by extension 'colcon_meta'
[0.175s] Level 1:colcon.colcon_core.package_identification:_identify(src/turtlesim_interfaces) by extensions ['ros']
[0.175s] Level 1:colcon.colcon_core.package_identification:_identify(src/turtlesim_interfaces) by extension 'ros'
[0.177s] DEBUG:colcon.colcon_core.package_identification:Package 'src/turtlesim_interfaces' with type 'ros.ament_cmake' and name 'turtlesim_interfaces'
[0.177s] Level 1:colcon.colcon_core.package_identification:_identify(src/turtlesim_py_pkg) by extensions ['ignore', 'ignore_ament_install']
[0.177s] Level 1:colcon.colcon_core.package_identification:_identify(src/turtlesim_py_pkg) by extension 'ignore'
[0.177s] Level 1:colcon.colcon_core.package_identification:_identify(src/turtlesim_py_pkg) by extension 'ignore_ament_install'
[0.177s] Level 1:colcon.colcon_core.package_identification:_identify(src/turtlesim_py_pkg) by extensions ['colcon_pkg']
[0.177s] Level 1:colcon.colcon_core.package_identification:_identify(src/turtlesim_py_pkg) by extension 'colcon_pkg'
[0.177s] Level 1:colcon.colcon_core.package_identification:_identify(src/turtlesim_py_pkg) by extensions ['colcon_meta']
[0.177s] Level 1:colcon.colcon_core.package_identification:_identify(src/turtlesim_py_pkg) by extension 'colcon_meta'
[0.177s] Level 1:colcon.colcon_core.package_identification:_identify(src/turtlesim_py_pkg) by extensions ['ros']
[0.177s] Level 1:colcon.colcon_core.package_identification:_identify(src/turtlesim_py_pkg) by extension 'ros'
[0.177s] DEBUG:colcon.colcon_core.package_identification:Package 'src/turtlesim_py_pkg' with type 'ros.ament_python' and name 'turtlesim_py_pkg'
[0.177s] Level 1:colcon.colcon_core.package_discovery:discover_packages(recursive) using defaults
[0.177s] Level 1:colcon.colcon_core.package_discovery:discover_packages(ignore) discover
[0.177s] Level 1:colcon.colcon_core.package_discovery:discover_packages(ignore) using defaults
[0.177s] Level 1:colcon.colcon_core.package_discovery:discover_packages(path) discover
[0.177s] Level 1:colcon.colcon_core.package_discovery:discover_packages(path) using defaults
[0.197s] Level 1:colcon.colcon_core.package_discovery:discover_packages(prefix_path) check parameters
[0.197s] Level 1:colcon.colcon_core.package_discovery:discover_packages(prefix_path) discover
[0.198s] DEBUG:colcon.colcon_installed_package_information.package_discovery:Found 2 installed packages in /home/abdullrahmman/turtlesim_ws/install
[0.198s] DEBUG:colcon.colcon_installed_package_information.package_discovery:Found 2 installed packages in /home/abdullrahmman/ros2_ws/install
[0.199s] DEBUG:colcon.colcon_installed_package_information.package_discovery:Found 271 installed packages in /opt/ros/humble
[0.199s] Level 1:colcon.colcon_core.package_discovery:discover_packages(prefix_path) using defaults
[0.218s] Level 5:colcon.colcon_core.verb:set package 'turtlesim_interfaces' build argument 'cmake_args' from command line to 'None'
[0.218s] Level 5:colcon.colcon_core.verb:set package 'turtlesim_interfaces' build argument 'cmake_target' from command line to 'None'
[0.218s] Level 5:colcon.colcon_core.verb:set package 'turtlesim_interfaces' build argument 'cmake_target_skip_unavailable' from command line to 'False'
[0.218s] Level 5:colcon.colcon_core.verb:set package 'turtlesim_interfaces' build argument 'cmake_clean_cache' from command line to 'False'
[0.218s] Level 5:colcon.colcon_core.verb:set package 'turtlesim_interfaces' build argument 'cmake_clean_first' from command line to 'False'
[0.218s] Level 5:colcon.colcon_core.verb:set package 'turtlesim_interfaces' build argument 'cmake_force_configure' from command line to 'False'
[0.218s] Level 5:colcon.colcon_core.verb:set package 'turtlesim_interfaces' build argument 'ament_cmake_args' from command line to 'None'
[0.218s] Level 5:colcon.colcon_core.verb:set package 'turtlesim_interfaces' build argument 'catkin_cmake_args' from command line to 'None'
[0.218s] Level 5:colcon.colcon_core.verb:set package 'turtlesim_interfaces' build argument 'catkin_skip_building_tests' from command line to 'False'
[0.218s] DEBUG:colcon.colcon_core.verb:Building package 'turtlesim_interfaces' with the following arguments: {'ament_cmake_args': None, 'build_base': '/home/abdullrahmman/turtlesim_ws/build/turtlesim_interfaces', 'catkin_cmake_args': None, 'catkin_skip_building_tests': False, 'cmake_args': None, 'cmake_clean_cache': False, 'cmake_clean_first': False, 'cmake_force_configure': False, 'cmake_target': None, 'cmake_target_skip_unavailable': False, 'install_base': '/home/abdullrahmman/turtlesim_ws/install/turtlesim_interfaces', 'merge_install': False, 'path': '/home/abdullrahmman/turtlesim_ws/src/turtlesim_interfaces', 'symlink_install': False, 'test_result_base': None}
[0.218s] Level 5:colcon.colcon_core.verb:set package 'turtlesim_py_pkg' build argument 'cmake_args' from command line to 'None'
[0.218s] Level 5:colcon.colcon_core.verb:set package 'turtlesim_py_pkg' build argument 'cmake_target' from command line to 'None'
[0.218s] Level 5:colcon.colcon_core.verb:set package 'turtlesim_py_pkg' build argument 'cmake_target_skip_unavailable' from command line to 'False'
[0.218s] Level 5:colcon.colcon_core.verb:set package 'turtlesim_py_pkg' build argument 'cmake_clean_cache' from command line to 'False'
[0.218s] Level 5:colcon.colcon_core.verb:set package 'turtlesim_py_pkg' build argument 'cmake_clean_first' from command line to 'False'
[0.218s] Level 5:colcon.colcon_core.verb:set package 'turtlesim_py_pkg' build argument 'cmake_force_configure' from command line to 'False'
[0.218s] Level 5:colcon.colcon_core.verb:set package 'turtlesim_py_pkg' build argument 'ament_cmake_args' from command line to 'None'
[0.218s] Level 5:colcon.colcon_core.verb:set package 'turtlesim_py_pkg' build argument 'catkin_cmake_args' from command line to 'None'
[0.218s] Level 5:colcon.colcon_core.verb:set package 'turtlesim_py_pkg' build argument 'catkin_skip_building_tests' from command line to 'False'
[0.218s] DEBUG:colcon.colcon_core.verb:Building package 'turtlesim_py_pkg' with the following arguments: {'ament_cmake_args': None, 'build_base': '/home/abdullrahmman/turtlesim_ws/build/turtlesim_py_pkg', 'catkin_cmake_args': None, 'catkin_skip_building_tests': False, 'cmake_args': None, 'cmake_clean_cache': False, 'cmake_clean_first': False, 'cmake_force_configure': False, 'cmake_target': None, 'cmake_target_skip_unavailable': False, 'install_base': '/home/abdullrahmman/turtlesim_ws/install/turtlesim_py_pkg', 'merge_install': False, 'path': '/home/abdullrahmman/turtlesim_ws/src/turtlesim_py_pkg', 'symlink_install': False, 'test_result_base': None}
[0.218s] INFO:colcon.colcon_core.executor:Executing jobs using 'parallel' executor
[0.219s] DEBUG:colcon.colcon_parallel_executor.executor.parallel:run_until_complete
[0.219s] INFO:colcon.colcon_ros.task.ament_cmake.build:Building ROS package in '/home/abdullrahmman/turtlesim_ws/src/turtlesim_interfaces' with build type 'ament_cmake'
[0.219s] INFO:colcon.colcon_cmake.task.cmake.build:Building CMake package in '/home/abdullrahmman/turtlesim_ws/src/turtlesim_interfaces'
[0.221s] INFO:colcon.colcon_core.plugin_system:Skipping extension 'colcon_core.shell.bat': Not used on non-Windows systems
[0.221s] INFO:colcon.colcon_core.shell:Skip shell extension 'powershell' for command environment: Not usable outside of PowerShell
[0.221s] DEBUG:colcon.colcon_core.shell:Skip shell extension 'dsv' for command environment
[0.229s] DEBUG:colcon.colcon_core.event_handler.log_command:Invoking command in '/home/abdullrahmman/turtlesim_ws/build/turtlesim_interfaces': CMAKE_PREFIX_PATH=${CMAKE_PREFIX_PATH}:/home/abdullrahmman/ros2_ws/install/simple_py_pkg:/home/abdullrahmman/turtlesim_ws/install/turtlesim_py_pkg:/opt/ros/humble /usr/bin/cmake --build /home/abdullrahmman/turtlesim_ws/build/turtlesim_interfaces -- -j12 -l12
[3.118s] DEBUG:colcon.colcon_core.event_handler.log_command:Invoked command in '/home/abdullrahmman/turtlesim_ws/build/turtlesim_interfaces' returned '0': CMAKE_PREFIX_PATH=${CMAKE_PREFIX_PATH}:/home/abdullrahmman/ros2_ws/install/simple_py_pkg:/home/abdullrahmman/turtlesim_ws/install/turtlesim_py_pkg:/opt/ros/humble /usr/bin/cmake --build /home/abdullrahmman/turtlesim_ws/build/turtlesim_interfaces -- -j12 -l12
[3.128s] DEBUG:colcon.colcon_core.event_handler.log_command:Invoking command in '/home/abdullrahmman/turtlesim_ws/build/turtlesim_interfaces': CMAKE_PREFIX_PATH=${CMAKE_PREFIX_PATH}:/home/abdullrahmman/ros2_ws/install/simple_py_pkg:/home/abdullrahmman/turtlesim_ws/install/turtlesim_py_pkg:/opt/ros/humble /usr/bin/cmake --install /home/abdullrahmman/turtlesim_ws/build/turtlesim_interfaces
[3.180s] Level 1:colcon.colcon_core.environment:create_environment_scripts_only(turtlesim_interfaces)
[3.181s] DEBUG:colcon.colcon_core.event_handler.log_command:Invoked command in '/home/abdullrahmman/turtlesim_ws/build/turtlesim_interfaces' returned '0': CMAKE_PREFIX_PATH=${CMAKE_PREFIX_PATH}:/home/abdullrahmman/ros2_ws/install/simple_py_pkg:/home/abdullrahmman/turtlesim_ws/install/turtlesim_py_pkg:/opt/ros/humble /usr/bin/cmake --install /home/abdullrahmman/turtlesim_ws/build/turtlesim_interfaces
[3.184s] Level 1:colcon.colcon_core.environment:checking '/home/abdullrahmman/turtlesim_ws/install/turtlesim_interfaces' for CMake module files
[3.184s] Level 1:colcon.colcon_core.environment:checking '/home/abdullrahmman/turtlesim_ws/install/turtlesim_interfaces' for CMake config files
[3.184s] Level 1:colcon.colcon_core.shell:create_environment_hook('turtlesim_interfaces', 'cmake_prefix_path')
[3.185s] INFO:colcon.colcon_core.shell:Creating environment hook '/home/abdullrahmman/turtlesim_ws/install/turtlesim_interfaces/share/turtlesim_interfaces/hook/cmake_prefix_path.ps1'
[3.185s] INFO:colcon.colcon_core.shell:Creating environment descriptor '/home/abdullrahmman/turtlesim_ws/install/turtlesim_interfaces/share/turtlesim_interfaces/hook/cmake_prefix_path.dsv'
[3.185s] INFO:colcon.colcon_core.shell:Creating environment hook '/home/abdullrahmman/turtlesim_ws/install/turtlesim_interfaces/share/turtlesim_interfaces/hook/cmake_prefix_path.sh'
[3.186s] Level 1:colcon.colcon_core.environment:checking '/home/abdullrahmman/turtlesim_ws/install/turtlesim_interfaces/lib'
[3.186s] Level 1:colcon.colcon_core.shell:create_environment_hook('turtlesim_interfaces', 'ld_library_path_lib')
[3.186s] INFO:colcon.colcon_core.shell:Creating environment hook '/home/abdullrahmman/turtlesim_ws/install/turtlesim_interfaces/share/turtlesim_interfaces/hook/ld_library_path_lib.ps1'
[3.187s] INFO:colcon.colcon_core.shell:Creating environment descriptor '/home/abdullrahmman/turtlesim_ws/install/turtlesim_interfaces/share/turtlesim_interfaces/hook/ld_library_path_lib.dsv'
[3.187s] INFO:colcon.colcon_core.shell:Creating environment hook '/home/abdullrahmman/turtlesim_ws/install/turtlesim_interfaces/share/turtlesim_interfaces/hook/ld_library_path_lib.sh'
[3.187s] Level 1:colcon.colcon_core.environment:checking '/home/abdullrahmman/turtlesim_ws/install/turtlesim_interfaces/bin'
[3.187s] Level 1:colcon.colcon_core.environment:checking '/home/abdullrahmman/turtlesim_ws/install/turtlesim_interfaces/lib/pkgconfig/turtlesim_interfaces.pc'
[3.187s] Level 1:colcon.colcon_core.environment:checking '/home/abdullrahmman/turtlesim_ws/install/turtlesim_interfaces/lib/python3.10/site-packages'
[3.188s] Level 1:colcon.colcon_core.environment:checking '/home/abdullrahmman/turtlesim_ws/install/turtlesim_interfaces/bin'
[3.188s] INFO:colcon.colcon_core.shell:Creating package script '/home/abdullrahmman/turtlesim_ws/install/turtlesim_interfaces/share/turtlesim_interfaces/package.ps1'
[3.188s] INFO:colcon.colcon_core.shell:Creating package descriptor '/home/abdullrahmman/turtlesim_ws/install/turtlesim_interfaces/share/turtlesim_interfaces/package.dsv'
[3.189s] INFO:colcon.colcon_core.shell:Creating package script '/home/abdullrahmman/turtlesim_ws/install/turtlesim_interfaces/share/turtlesim_interfaces/package.sh'
[3.189s] INFO:colcon.colcon_core.shell:Creating package script '/home/abdullrahmman/turtlesim_ws/install/turtlesim_interfaces/share/turtlesim_interfaces/package.bash'
[3.190s] INFO:colcon.colcon_core.shell:Creating package script '/home/abdullrahmman/turtlesim_ws/install/turtlesim_interfaces/share/turtlesim_interfaces/package.zsh'
[3.190s] Level 1:colcon.colcon_core.environment:create_file_with_runtime_dependencies(/home/abdullrahmman/turtlesim_ws/install/turtlesim_interfaces/share/colcon-core/packages/turtlesim_interfaces)
[3.190s] Level 1:colcon.colcon_core.environment:create_environment_scripts_only(turtlesim_interfaces)
[3.191s] Level 1:colcon.colcon_core.environment:checking '/home/abdullrahmman/turtlesim_ws/install/turtlesim_interfaces' for CMake module files
[3.191s] Level 1:colcon.colcon_core.environment:checking '/home/abdullrahmman/turtlesim_ws/install/turtlesim_interfaces' for CMake config files
[3.191s] Level 1:colcon.colcon_core.shell:create_environment_hook('turtlesim_interfaces', 'cmake_prefix_path')
[3.191s] INFO:colcon.colcon_core.shell:Creating environment hook '/home/abdullrahmman/turtlesim_ws/install/turtlesim_interfaces/share/turtlesim_interfaces/hook/cmake_prefix_path.ps1'
[3.191s] INFO:colcon.colcon_core.shell:Creating environment descriptor '/home/abdullrahmman/turtlesim_ws/install/turtlesim_interfaces/share/turtlesim_interfaces/hook/cmake_prefix_path.dsv'
[3.192s] INFO:colcon.colcon_core.shell:Creating environment hook '/home/abdullrahmman/turtlesim_ws/install/turtlesim_interfaces/share/turtlesim_interfaces/hook/cmake_prefix_path.sh'
[3.192s] Level 1:colcon.colcon_core.environment:checking '/home/abdullrahmman/turtlesim_ws/install/turtlesim_interfaces/lib'
[3.192s] Level 1:colcon.colcon_core.shell:create_environment_hook('turtlesim_interfaces', 'ld_library_path_lib')
[3.192s] INFO:colcon.colcon_core.shell:Creating environment hook '/home/abdullrahmman/turtlesim_ws/install/turtlesim_interfaces/share/turtlesim_interfaces/hook/ld_library_path_lib.ps1'
[3.192s] INFO:colcon.colcon_core.shell:Creating environment descriptor '/home/abdullrahmman/turtlesim_ws/install/turtlesim_interfaces/share/turtlesim_interfaces/hook/ld_library_path_lib.dsv'
[3.192s] INFO:colcon.colcon_core.shell:Creating environment hook '/home/abdullrahmman/turtlesim_ws/install/turtlesim_interfaces/share/turtlesim_interfaces/hook/ld_library_path_lib.sh'
[3.193s] Level 1:colcon.colcon_core.environment:checking '/home/abdullrahmman/turtlesim_ws/install/turtlesim_interfaces/bin'
[3.193s] Level 1:colcon.colcon_core.environment:checking '/home/abdullrahmman/turtlesim_ws/install/turtlesim_interfaces/lib/pkgconfig/turtlesim_interfaces.pc'
[3.193s] Level 1:colcon.colcon_core.environment:checking '/home/abdullrahmman/turtlesim_ws/install/turtlesim_interfaces/lib/python3.10/site-packages'
[3.193s] Level 1:colcon.colcon_core.environment:checking '/home/abdullrahmman/turtlesim_ws/install/turtlesim_interfaces/bin'
[3.193s] INFO:colcon.colcon_core.shell:Creating package script '/home/abdullrahmman/turtlesim_ws/install/turtlesim_interfaces/share/turtlesim_interfaces/package.ps1'
[3.194s] INFO:colcon.colcon_core.shell:Creating package descriptor '/home/abdullrahmman/turtlesim_ws/install/turtlesim_interfaces/share/turtlesim_interfaces/package.dsv'
[3.194s] INFO:colcon.colcon_core.shell:Creating package script '/home/abdullrahmman/turtlesim_ws/install/turtlesim_interfaces/share/turtlesim_interfaces/package.sh'
[3.194s] INFO:colcon.colcon_core.shell:Creating package script '/home/abdullrahmman/turtlesim_ws/install/turtlesim_interfaces/share/turtlesim_interfaces/package.bash'
[3.195s] INFO:colcon.colcon_core.shell:Creating package script '/home/abdullrahmman/turtlesim_ws/install/turtlesim_interfaces/share/turtlesim_interfaces/package.zsh'
[3.195s] Level 1:colcon.colcon_core.environment:create_file_with_runtime_dependencies(/home/abdullrahmman/turtlesim_ws/install/turtlesim_interfaces/share/colcon-core/packages/turtlesim_interfaces)
[3.195s] INFO:colcon.colcon_ros.task.ament_python.build:Building ROS package in '/home/abdullrahmman/turtlesim_ws/src/turtlesim_py_pkg' with build type 'ament_python'
[3.195s] Level 1:colcon.colcon_core.shell:create_environment_hook('turtlesim_py_pkg', 'ament_prefix_path')
[3.195s] INFO:colcon.colcon_core.shell:Creating environment hook '/home/abdullrahmman/turtlesim_ws/install/turtlesim_py_pkg/share/turtlesim_py_pkg/hook/ament_prefix_path.ps1'
[3.196s] INFO:colcon.colcon_core.shell:Creating environment descriptor '/home/abdullrahmman/turtlesim_ws/install/turtlesim_py_pkg/share/turtlesim_py_pkg/hook/ament_prefix_path.dsv'
[3.196s] INFO:colcon.colcon_core.shell:Creating environment hook '/home/abdullrahmman/turtlesim_ws/install/turtlesim_py_pkg/share/turtlesim_py_pkg/hook/ament_prefix_path.sh'
[3.197s] INFO:colcon.colcon_core.shell:Skip shell extension 'powershell' for command environment: Not usable outside of PowerShell
[3.197s] DEBUG:colcon.colcon_core.shell:Skip shell extension 'dsv' for command environment
[3.354s] INFO:colcon.colcon_core.task.python.build:Building Python package in '/home/abdullrahmman/turtlesim_ws/src/turtlesim_py_pkg'
[3.354s] INFO:colcon.colcon_core.shell:Skip shell extension 'powershell' for command environment: Not usable outside of PowerShell
[3.354s] DEBUG:colcon.colcon_core.shell:Skip shell extension 'dsv' for command environment
[3.557s] DEBUG:colcon.colcon_core.event_handler.log_command:Invoking command in '/home/abdullrahmman/turtlesim_ws/src/turtlesim_py_pkg': CMAKE_PREFIX_PATH=/home/abdullrahmman/turtlesim_ws/install/turtlesim_interfaces:/home/abdullrahmman/ros2_ws/install/simple_interfaces_pkg LD_LIBRARY_PATH=/home/abdullrahmman/turtlesim_ws/install/turtlesim_interfaces/lib:/home/abdullrahmman/ros2_ws/install/simple_interfaces_pkg/lib:/opt/ros/humble/opt/rviz_ogre_vendor/lib:/opt/ros/humble/lib/x86_64-linux-gnu:/opt/ros/humble/lib PYTHONPATH=/home/abdullrahmman/turtlesim_ws/build/turtlesim_py_pkg/prefix_override:/usr/lib/python3/dist-packages/colcon_core/task/python/colcon_distutils_commands:/home/abdullrahmman/turtlesim_ws/install/turtlesim_py_pkg/lib/python3.10/site-packages:${PYTHONPATH} /usr/bin/python3 -W ignore:setup.py install is deprecated -W ignore:easy_install command is deprecated setup.py egg_info --egg-base ../../build/turtlesim_py_pkg build --build-base /home/abdullrahmman/turtlesim_ws/build/turtlesim_py_pkg/build install --record /home/abdullrahmman/turtlesim_ws/build/turtlesim_py_pkg/install.log --single-version-externally-managed install_data
[3.728s] Level 1:colcon.colcon_core.environment:checking '/home/abdullrahmman/turtlesim_ws/install/turtlesim_py_pkg' for CMake module files
[3.728s] DEBUG:colcon.colcon_core.event_handler.log_command:Invoked command in '/home/abdullrahmman/turtlesim_ws/src/turtlesim_py_pkg' returned '0': CMAKE_PREFIX_PATH=/home/abdullrahmman/turtlesim_ws/install/turtlesim_interfaces:/home/abdullrahmman/ros2_ws/install/simple_interfaces_pkg LD_LIBRARY_PATH=/home/abdullrahmman/turtlesim_ws/install/turtlesim_interfaces/lib:/home/abdullrahmman/ros2_ws/install/simple_interfaces_pkg/lib:/opt/ros/humble/opt/rviz_ogre_vendor/lib:/opt/ros/humble/lib/x86_64-linux-gnu:/opt/ros/humble/lib PYTHONPATH=/home/abdullrahmman/turtlesim_ws/build/turtlesim_py_pkg/prefix_override:/usr/lib/python3/dist-packages/colcon_core/task/python/colcon_distutils_commands:/home/abdullrahmman/turtlesim_ws/install/turtlesim_py_pkg/lib/python3.10/site-packages:${PYTHONPATH} /usr/bin/python3 -W ignore:setup.py install is deprecated -W ignore:easy_install command is deprecated setup.py egg_info --egg-base ../../build/turtlesim_py_pkg build --build-base /home/abdullrahmman/turtlesim_ws/build/turtlesim_py_pkg/build install --record /home/abdullrahmman/turtlesim_ws/build/turtlesim_py_pkg/install.log --single-version-externally-managed install_data
[3.728s] Level 1:colcon.colcon_core.environment:checking '/home/abdullrahmman/turtlesim_ws/install/turtlesim_py_pkg' for CMake config files
[3.729s] Level 1:colcon.colcon_core.environment:checking '/home/abdullrahmman/turtlesim_ws/install/turtlesim_py_pkg/lib'
[3.729s] Level 1:colcon.colcon_core.environment:checking '/home/abdullrahmman/turtlesim_ws/install/turtlesim_py_pkg/bin'
[3.729s] Level 1:colcon.colcon_core.environment:checking '/home/abdullrahmman/turtlesim_ws/install/turtlesim_py_pkg/lib/pkgconfig/turtlesim_py_pkg.pc'
[3.729s] Level 1:colcon.colcon_core.environment:checking '/home/abdullrahmman/turtlesim_ws/install/turtlesim_py_pkg/lib/python3.10/site-packages'
[3.729s] Level 1:colcon.colcon_core.shell:create_environment_hook('turtlesim_py_pkg', 'pythonpath')
[3.729s] INFO:colcon.colcon_core.shell:Creating environment hook '/home/abdullrahmman/turtlesim_ws/install/turtlesim_py_pkg/share/turtlesim_py_pkg/hook/pythonpath.ps1'
[3.730s] INFO:colcon.colcon_core.shell:Creating environment descriptor '/home/abdullrahmman/turtlesim_ws/install/turtlesim_py_pkg/share/turtlesim_py_pkg/hook/pythonpath.dsv'
[3.730s] INFO:colcon.colcon_core.shell:Creating environment hook '/home/abdullrahmman/turtlesim_ws/install/turtlesim_py_pkg/share/turtlesim_py_pkg/hook/pythonpath.sh'
[3.730s] Level 1:colcon.colcon_core.environment:checking '/home/abdullrahmman/turtlesim_ws/install/turtlesim_py_pkg/bin'
[3.730s] Level 1:colcon.colcon_core.environment:create_environment_scripts_only(turtlesim_py_pkg)
[3.731s] INFO:colcon.colcon_core.shell:Creating package script '/home/abdullrahmman/turtlesim_ws/install/turtlesim_py_pkg/share/turtlesim_py_pkg/package.ps1'
[3.731s] INFO:colcon.colcon_core.shell:Creating package descriptor '/home/abdullrahmman/turtlesim_ws/install/turtlesim_py_pkg/share/turtlesim_py_pkg/package.dsv'
[3.731s] INFO:colcon.colcon_core.shell:Creating package script '/home/abdullrahmman/turtlesim_ws/install/turtlesim_py_pkg/share/turtlesim_py_pkg/package.sh'
[3.731s] INFO:colcon.colcon_core.shell:Creating package script '/home/abdullrahmman/turtlesim_ws/install/turtlesim_py_pkg/share/turtlesim_py_pkg/package.bash'
[3.732s] INFO:colcon.colcon_core.shell:Creating package script '/home/abdullrahmman/turtlesim_ws/install/turtlesim_py_pkg/share/turtlesim_py_pkg/package.zsh'
[3.732s] Level 1:colcon.colcon_core.environment:create_file_with_runtime_dependencies(/home/abdullrahmman/turtlesim_ws/install/turtlesim_py_pkg/share/colcon-core/packages/turtlesim_py_pkg)
[3.732s] DEBUG:colcon.colcon_parallel_executor.executor.parallel:closing loop
[3.732s] DEBUG:colcon.colcon_parallel_executor.executor.parallel:loop closed
[3.732s] DEBUG:colcon.colcon_parallel_executor.executor.parallel:run_until_complete finished with '0'
[3.732s] DEBUG:colcon.colcon_core.event_reactor:joining thread
[3.738s] INFO:colcon.colcon_core.plugin_system:Skipping extension 'colcon_notification.desktop_notification.terminal_notifier': Not used on non-Darwin systems
[3.738s] INFO:colcon.colcon_core.plugin_system:Skipping extension 'colcon_notification.desktop_notification.win32': Not used on non-Windows systems
[3.738s] INFO:colcon.colcon_notification.desktop_notification:Sending desktop notification using 'notify2'
[3.748s] DEBUG:colcon.colcon_core.event_reactor:joined thread
[3.748s] INFO:colcon.colcon_core.shell:Creating prefix script '/home/abdullrahmman/turtlesim_ws/install/local_setup.ps1'
[3.749s] INFO:colcon.colcon_core.shell:Creating prefix util module '/home/abdullrahmman/turtlesim_ws/install/_local_setup_util_ps1.py'
[3.750s] INFO:colcon.colcon_core.shell:Creating prefix chain script '/home/abdullrahmman/turtlesim_ws/install/setup.ps1'
[3.751s] INFO:colcon.colcon_core.shell:Creating prefix script '/home/abdullrahmman/turtlesim_ws/install/local_setup.sh'
[3.751s] INFO:colcon.colcon_core.shell:Creating prefix util module '/home/abdullrahmman/turtlesim_ws/install/_local_setup_util_sh.py'
[3.752s] INFO:colcon.colcon_core.shell:Creating prefix chain script '/home/abdullrahmman/turtlesim_ws/install/setup.sh'
[3.752s] INFO:colcon.colcon_core.shell:Creating prefix script '/home/abdullrahmman/turtlesim_ws/install/local_setup.bash'
[3.753s] INFO:colcon.colcon_core.shell:Creating prefix chain script '/home/abdullrahmman/turtlesim_ws/install/setup.bash'
[3.753s] INFO:colcon.colcon_core.shell:Creating prefix script '/home/abdullrahmman/turtlesim_ws/install/local_setup.zsh'
[3.754s] INFO:colcon.colcon_core.shell:Creating prefix chain script '/home/abdullrahmman/turtlesim_ws/install/setup.zsh'
