[0.059s] DEBUG:colcon:Command line arguments: ['/usr/bin/colcon', 'build', '--packages-select', 'turtlesim_interfaces']
[0.059s] DEBUG:colcon:Parsed command line arguments: Namespace(log_base=None, log_level=None, verb_name='build', build_base='build', install_base='install', merge_install=False, symlink_install=False, test_result_base=None, continue_on_error=False, executor='parallel', parallel_workers=12, event_handlers=None, ignore_user_meta=False, metas=['./colcon.meta'], base_paths=['.'], packages_ignore=None, packages_ignore_regex=None, paths=None, packages_up_to=None, packages_up_to_regex=None, packages_above=None, packages_above_and_dependencies=None, packages_above_depth=None, packages_select_by_dep=None, packages_skip_by_dep=None, packages_skip_up_to=None, packages_select_build_failed=False, packages_skip_build_finished=False, packages_select_test_failures=False, packages_skip_test_passed=False, packages_select=['turtlesim_interfaces'], packages_skip=None, packages_select_regex=None, packages_skip_regex=None, packages_start=None, packages_end=None, allow_overriding=[], cmake_args=None, cmake_target=None, cmake_target_skip_unavailable=False, cmake_clean_cache=False, cmake_clean_first=False, cmake_force_configure=False, ament_cmake_args=None, catkin_cmake_args=None, catkin_skip_building_tests=False, verb_parser=<colcon_defaults.argument_parser.defaults.DefaultArgumentsDecorator object at 0x7c325e254760>, verb_extension=<colcon_core.verb.build.BuildVerb object at 0x7c325e2541c0>, main=<bound method BuildVerb.main of <colcon_core.verb.build.BuildVerb object at 0x7c325e2541c0>>)
[0.147s] Level 1:colcon.colcon_core.package_discovery:discover_packages(colcon_meta) check parameters
[0.147s] Level 1:colcon.colcon_core.package_discovery:discover_packages(recursive) check parameters
[0.147s] Level 1:colcon.colcon_core.package_discovery:discover_packages(ignore) check parameters
[0.147s] Level 1:colcon.colcon_core.package_discovery:discover_packages(path) check parameters
[0.147s] Level 1:colcon.colcon_core.package_discovery:discover_packages(colcon_meta) discover
[0.147s] Level 1:colcon.colcon_core.package_discovery:discover_packages(recursive) discover
[0.147s] INFO:colcon.colcon_core.package_discovery:Crawling recursively for packages in '/home/abdullrahmman/turtlesim_ws'
[0.147s] Level 1:colcon.colcon_core.package_identification:_identify(.) by extensions ['ignore', 'ignore_ament_install']
[0.148s] Level 1:colcon.colcon_core.package_identification:_identify(.) by extension 'ignore'
[0.148s] Level 1:colcon.colcon_core.package_identification:_identify(.) by extension 'ignore_ament_install'
[0.148s] Level 1:colcon.colcon_core.package_identification:_identify(.) by extensions ['colcon_pkg']
[0.148s] Level 1:colcon.colcon_core.package_identification:_identify(.) by extension 'colcon_pkg'
[0.148s] Level 1:colcon.colcon_core.package_identification:_identify(.) by extensions ['colcon_meta']
[0.148s] Level 1:colcon.colcon_core.package_identification:_identify(.) by extension 'colcon_meta'
[0.148s] Level 1:colcon.colcon_core.package_identification:_identify(.) by extensions ['ros']
[0.148s] Level 1:colcon.colcon_core.package_identification:_identify(.) by extension 'ros'
[0.154s] Level 1:colcon.colcon_core.package_identification:_identify(.) by extensions ['cmake', 'python']
[0.154s] Level 1:colcon.colcon_core.package_identification:_identify(.) by extension 'cmake'
[0.154s] Level 1:colcon.colcon_core.package_identification:_identify(.) by extension 'python'
[0.154s] Level 1:colcon.colcon_core.package_identification:_identify(.) by extensions ['python_setup_py']
[0.154s] Level 1:colcon.colcon_core.package_identification:_identify(.) by extension 'python_setup_py'
[0.154s] Level 1:colcon.colcon_core.package_identification:_identify(build) by extensions ['ignore', 'ignore_ament_install']
[0.154s] Level 1:colcon.colcon_core.package_identification:_identify(build) by extension 'ignore'
[0.154s] Level 1:colcon.colcon_core.package_identification:_identify(build) ignored
[0.154s] Level 1:colcon.colcon_core.package_identification:_identify(install) by extensions ['ignore', 'ignore_ament_install']
[0.154s] Level 1:colcon.colcon_core.package_identification:_identify(install) by extension 'ignore'
[0.154s] Level 1:colcon.colcon_core.package_identification:_identify(install) ignored
[0.154s] Level 1:colcon.colcon_core.package_identification:_identify(log) by extensions ['ignore', 'ignore_ament_install']
[0.154s] Level 1:colcon.colcon_core.package_identification:_identify(log) by extension 'ignore'
[0.155s] Level 1:colcon.colcon_core.package_identification:_identify(log) ignored
[0.155s] Level 1:colcon.colcon_core.package_identification:_identify(src) by extensions ['ignore', 'ignore_ament_install']
[0.155s] Level 1:colcon.colcon_core.package_identification:_identify(src) by extension 'ignore'
[0.155s] Level 1:colcon.colcon_core.package_identification:_identify(src) by extension 'ignore_ament_install'
[0.155s] Level 1:colcon.colcon_core.package_identification:_identify(src) by extensions ['colcon_pkg']
[0.155s] Level 1:colcon.colcon_core.package_identification:_identify(src) by extension 'colcon_pkg'
[0.155s] Level 1:colcon.colcon_core.package_identification:_identify(src) by extensions ['colcon_meta']
[0.155s] Level 1:colcon.colcon_core.package_identification:_identify(src) by extension 'colcon_meta'
[0.155s] Level 1:colcon.colcon_core.package_identification:_identify(src) by extensions ['ros']
[0.155s] Level 1:colcon.colcon_core.package_identification:_identify(src) by extension 'ros'
[0.155s] Level 1:colcon.colcon_core.package_identification:_identify(src) by extensions ['cmake', 'python']
[0.155s] Level 1:colcon.colcon_core.package_identification:_identify(src) by extension 'cmake'
[0.155s] Level 1:colcon.colcon_core.package_identification:_identify(src) by extension 'python'
[0.155s] Level 1:colcon.colcon_core.package_identification:_identify(src) by extensions ['python_setup_py']
[0.155s] Level 1:colcon.colcon_core.package_identification:_identify(src) by extension 'python_setup_py'
[0.155s] Level 1:colcon.colcon_core.package_identification:_identify(src/turtlesim_interfaces) by extensions ['ignore', 'ignore_ament_install']
[0.155s] Level 1:colcon.colcon_core.package_identification:_identify(src/turtlesim_interfaces) by extension 'ignore'
[0.155s] Level 1:colcon.colcon_core.package_identification:_identify(src/turtlesim_interfaces) by extension 'ignore_ament_install'
[0.155s] Level 1:colcon.colcon_core.package_identification:_identify(src/turtlesim_interfaces) by extensions ['colcon_pkg']
[0.155s] Level 1:colcon.colcon_core.package_identification:_identify(src/turtlesim_interfaces) by extension 'colcon_pkg'
[0.155s] Level 1:colcon.colcon_core.package_identification:_identify(src/turtlesim_interfaces) by extensions ['colcon_meta']
[0.155s] Level 1:colcon.colcon_core.package_identification:_identify(src/turtlesim_interfaces) by extension 'colcon_meta'
[0.155s] Level 1:colcon.colcon_core.package_identification:_identify(src/turtlesim_interfaces) by extensions ['ros']
[0.155s] Level 1:colcon.colcon_core.package_identification:_identify(src/turtlesim_interfaces) by extension 'ros'
[0.157s] DEBUG:colcon.colcon_core.package_identification:Package 'src/turtlesim_interfaces' with type 'ros.ament_cmake' and name 'turtlesim_interfaces'
[0.157s] Level 1:colcon.colcon_core.package_identification:_identify(src/turtlesim_py_pkg) by extensions ['ignore', 'ignore_ament_install']
[0.157s] Level 1:colcon.colcon_core.package_identification:_identify(src/turtlesim_py_pkg) by extension 'ignore'
[0.157s] Level 1:colcon.colcon_core.package_identification:_identify(src/turtlesim_py_pkg) by extension 'ignore_ament_install'
[0.157s] Level 1:colcon.colcon_core.package_identification:_identify(src/turtlesim_py_pkg) by extensions ['colcon_pkg']
[0.157s] Level 1:colcon.colcon_core.package_identification:_identify(src/turtlesim_py_pkg) by extension 'colcon_pkg'
[0.157s] Level 1:colcon.colcon_core.package_identification:_identify(src/turtlesim_py_pkg) by extensions ['colcon_meta']
[0.157s] Level 1:colcon.colcon_core.package_identification:_identify(src/turtlesim_py_pkg) by extension 'colcon_meta'
[0.157s] Level 1:colcon.colcon_core.package_identification:_identify(src/turtlesim_py_pkg) by extensions ['ros']
[0.157s] Level 1:colcon.colcon_core.package_identification:_identify(src/turtlesim_py_pkg) by extension 'ros'
[0.157s] DEBUG:colcon.colcon_core.package_identification:Package 'src/turtlesim_py_pkg' with type 'ros.ament_python' and name 'turtlesim_py_pkg'
[0.157s] Level 1:colcon.colcon_core.package_discovery:discover_packages(recursive) using defaults
[0.157s] Level 1:colcon.colcon_core.package_discovery:discover_packages(ignore) discover
[0.157s] Level 1:colcon.colcon_core.package_discovery:discover_packages(ignore) using defaults
[0.157s] Level 1:colcon.colcon_core.package_discovery:discover_packages(path) discover
[0.157s] Level 1:colcon.colcon_core.package_discovery:discover_packages(path) using defaults
[0.174s] INFO:colcon.colcon_core.package_selection:Skipping not selected package 'turtlesim_py_pkg' in 'src/turtlesim_py_pkg'
[0.175s] Level 1:colcon.colcon_core.package_discovery:discover_packages(prefix_path) check parameters
[0.175s] Level 1:colcon.colcon_core.package_discovery:discover_packages(prefix_path) discover
[0.176s] DEBUG:colcon.colcon_installed_package_information.package_discovery:Found 2 installed packages in /home/abdullrahmman/turtlesim_ws/install
[0.176s] DEBUG:colcon.colcon_installed_package_information.package_discovery:Found 2 installed packages in /home/abdullrahmman/ros2_ws/install
[0.176s] DEBUG:colcon.colcon_installed_package_information.package_discovery:Found 271 installed packages in /opt/ros/humble
[0.177s] Level 1:colcon.colcon_core.package_discovery:discover_packages(prefix_path) using defaults
[0.196s] Level 5:colcon.colcon_core.verb:set package 'turtlesim_interfaces' build argument 'cmake_args' from command line to 'None'
[0.196s] Level 5:colcon.colcon_core.verb:set package 'turtlesim_interfaces' build argument 'cmake_target' from command line to 'None'
[0.196s] Level 5:colcon.colcon_core.verb:set package 'turtlesim_interfaces' build argument 'cmake_target_skip_unavailable' from command line to 'False'
[0.196s] Level 5:colcon.colcon_core.verb:set package 'turtlesim_interfaces' build argument 'cmake_clean_cache' from command line to 'False'
[0.196s] Level 5:colcon.colcon_core.verb:set package 'turtlesim_interfaces' build argument 'cmake_clean_first' from command line to 'False'
[0.196s] Level 5:colcon.colcon_core.verb:set package 'turtlesim_interfaces' build argument 'cmake_force_configure' from command line to 'False'
[0.196s] Level 5:colcon.colcon_core.verb:set package 'turtlesim_interfaces' build argument 'ament_cmake_args' from command line to 'None'
[0.196s] Level 5:colcon.colcon_core.verb:set package 'turtlesim_interfaces' build argument 'catkin_cmake_args' from command line to 'None'
[0.196s] Level 5:colcon.colcon_core.verb:set package 'turtlesim_interfaces' build argument 'catkin_skip_building_tests' from command line to 'False'
[0.196s] DEBUG:colcon.colcon_core.verb:Building package 'turtlesim_interfaces' with the following arguments: {'ament_cmake_args': None, 'build_base': '/home/abdullrahmman/turtlesim_ws/build/turtlesim_interfaces', 'catkin_cmake_args': None, 'catkin_skip_building_tests': False, 'cmake_args': None, 'cmake_clean_cache': False, 'cmake_clean_first': False, 'cmake_force_configure': False, 'cmake_target': None, 'cmake_target_skip_unavailable': False, 'install_base': '/home/abdullrahmman/turtlesim_ws/install/turtlesim_interfaces', 'merge_install': False, 'path': '/home/abdullrahmman/turtlesim_ws/src/turtlesim_interfaces', 'symlink_install': False, 'test_result_base': None}
[0.196s] INFO:colcon.colcon_core.executor:Executing jobs using 'parallel' executor
[0.197s] DEBUG:colcon.colcon_parallel_executor.executor.parallel:run_until_complete
[0.197s] INFO:colcon.colcon_ros.task.ament_cmake.build:Building ROS package in '/home/abdullrahmman/turtlesim_ws/src/turtlesim_interfaces' with build type 'ament_cmake'
[0.198s] INFO:colcon.colcon_cmake.task.cmake.build:Building CMake package in '/home/abdullrahmman/turtlesim_ws/src/turtlesim_interfaces'
[0.199s] INFO:colcon.colcon_core.plugin_system:Skipping extension 'colcon_core.shell.bat': Not used on non-Windows systems
[0.199s] INFO:colcon.colcon_core.shell:Skip shell extension 'powershell' for command environment: Not usable outside of PowerShell
[0.199s] DEBUG:colcon.colcon_core.shell:Skip shell extension 'dsv' for command environment
[0.206s] DEBUG:colcon.colcon_core.event_handler.log_command:Invoking command in '/home/abdullrahmman/turtlesim_ws/build/turtlesim_interfaces': CMAKE_PREFIX_PATH=${CMAKE_PREFIX_PATH}:/home/abdullrahmman/ros2_ws/install/simple_py_pkg:/home/abdullrahmman/turtlesim_ws/install/turtlesim_py_pkg:/opt/ros/humble /usr/bin/cmake /home/abdullrahmman/turtlesim_ws/src/turtlesim_interfaces -DCMAKE_INSTALL_PREFIX=/home/abdullrahmman/turtlesim_ws/install/turtlesim_interfaces
[0.960s] DEBUG:colcon.colcon_core.event_handler.log_command:Invoked command in '/home/abdullrahmman/turtlesim_ws/build/turtlesim_interfaces' returned '0': CMAKE_PREFIX_PATH=${CMAKE_PREFIX_PATH}:/home/abdullrahmman/ros2_ws/install/simple_py_pkg:/home/abdullrahmman/turtlesim_ws/install/turtlesim_py_pkg:/opt/ros/humble /usr/bin/cmake /home/abdullrahmman/turtlesim_ws/src/turtlesim_interfaces -DCMAKE_INSTALL_PREFIX=/home/abdullrahmman/turtlesim_ws/install/turtlesim_interfaces
[0.962s] DEBUG:colcon.colcon_core.event_handler.log_command:Invoking command in '/home/abdullrahmman/turtlesim_ws/build/turtlesim_interfaces': CMAKE_PREFIX_PATH=${CMAKE_PREFIX_PATH}:/home/abdullrahmman/ros2_ws/install/simple_py_pkg:/home/abdullrahmman/turtlesim_ws/install/turtlesim_py_pkg:/opt/ros/humble /usr/bin/cmake --build /home/abdullrahmman/turtlesim_ws/build/turtlesim_interfaces -- -j12 -l12
[2.745s] DEBUG:colcon.colcon_core.event_handler.log_command:Invoked command in '/home/abdullrahmman/turtlesim_ws/build/turtlesim_interfaces' returned '0': CMAKE_PREFIX_PATH=${CMAKE_PREFIX_PATH}:/home/abdullrahmman/ros2_ws/install/simple_py_pkg:/home/abdullrahmman/turtlesim_ws/install/turtlesim_py_pkg:/opt/ros/humble /usr/bin/cmake --build /home/abdullrahmman/turtlesim_ws/build/turtlesim_interfaces -- -j12 -l12
[2.754s] DEBUG:colcon.colcon_core.event_handler.log_command:Invoking command in '/home/abdullrahmman/turtlesim_ws/build/turtlesim_interfaces': CMAKE_PREFIX_PATH=${CMAKE_PREFIX_PATH}:/home/abdullrahmman/ros2_ws/install/simple_py_pkg:/home/abdullrahmman/turtlesim_ws/install/turtlesim_py_pkg:/opt/ros/humble /usr/bin/cmake --install /home/abdullrahmman/turtlesim_ws/build/turtlesim_interfaces
[2.800s] Level 1:colcon.colcon_core.environment:create_environment_scripts_only(turtlesim_interfaces)
[2.801s] DEBUG:colcon.colcon_core.event_handler.log_command:Invoked command in '/home/abdullrahmman/turtlesim_ws/build/turtlesim_interfaces' returned '0': CMAKE_PREFIX_PATH=${CMAKE_PREFIX_PATH}:/home/abdullrahmman/ros2_ws/install/simple_py_pkg:/home/abdullrahmman/turtlesim_ws/install/turtlesim_py_pkg:/opt/ros/humble /usr/bin/cmake --install /home/abdullrahmman/turtlesim_ws/build/turtlesim_interfaces
[2.803s] Level 1:colcon.colcon_core.environment:checking '/home/abdullrahmman/turtlesim_ws/install/turtlesim_interfaces' for CMake module files
[2.804s] Level 1:colcon.colcon_core.environment:checking '/home/abdullrahmman/turtlesim_ws/install/turtlesim_interfaces' for CMake config files
[2.804s] Level 1:colcon.colcon_core.shell:create_environment_hook('turtlesim_interfaces', 'cmake_prefix_path')
[2.804s] INFO:colcon.colcon_core.shell:Creating environment hook '/home/abdullrahmman/turtlesim_ws/install/turtlesim_interfaces/share/turtlesim_interfaces/hook/cmake_prefix_path.ps1'
[2.805s] INFO:colcon.colcon_core.shell:Creating environment descriptor '/home/abdullrahmman/turtlesim_ws/install/turtlesim_interfaces/share/turtlesim_interfaces/hook/cmake_prefix_path.dsv'
[2.805s] INFO:colcon.colcon_core.shell:Creating environment hook '/home/abdullrahmman/turtlesim_ws/install/turtlesim_interfaces/share/turtlesim_interfaces/hook/cmake_prefix_path.sh'
[2.806s] Level 1:colcon.colcon_core.environment:checking '/home/abdullrahmman/turtlesim_ws/install/turtlesim_interfaces/lib'
[2.806s] Level 1:colcon.colcon_core.shell:create_environment_hook('turtlesim_interfaces', 'ld_library_path_lib')
[2.806s] INFO:colcon.colcon_core.shell:Creating environment hook '/home/abdullrahmman/turtlesim_ws/install/turtlesim_interfaces/share/turtlesim_interfaces/hook/ld_library_path_lib.ps1'
[2.807s] INFO:colcon.colcon_core.shell:Creating environment descriptor '/home/abdullrahmman/turtlesim_ws/install/turtlesim_interfaces/share/turtlesim_interfaces/hook/ld_library_path_lib.dsv'
[2.807s] INFO:colcon.colcon_core.shell:Creating environment hook '/home/abdullrahmman/turtlesim_ws/install/turtlesim_interfaces/share/turtlesim_interfaces/hook/ld_library_path_lib.sh'
[2.807s] Level 1:colcon.colcon_core.environment:checking '/home/abdullrahmman/turtlesim_ws/install/turtlesim_interfaces/bin'
[2.808s] Level 1:colcon.colcon_core.environment:checking '/home/abdullrahmman/turtlesim_ws/install/turtlesim_interfaces/lib/pkgconfig/turtlesim_interfaces.pc'
[2.808s] Level 1:colcon.colcon_core.environment:checking '/home/abdullrahmman/turtlesim_ws/install/turtlesim_interfaces/lib/python3.10/site-packages'
[2.808s] Level 1:colcon.colcon_core.environment:checking '/home/abdullrahmman/turtlesim_ws/install/turtlesim_interfaces/bin'
[2.808s] INFO:colcon.colcon_core.shell:Creating package script '/home/abdullrahmman/turtlesim_ws/install/turtlesim_interfaces/share/turtlesim_interfaces/package.ps1'
[2.809s] INFO:colcon.colcon_core.shell:Creating package descriptor '/home/abdullrahmman/turtlesim_ws/install/turtlesim_interfaces/share/turtlesim_interfaces/package.dsv'
[2.810s] INFO:colcon.colcon_core.shell:Creating package script '/home/abdullrahmman/turtlesim_ws/install/turtlesim_interfaces/share/turtlesim_interfaces/package.sh'
[2.810s] INFO:colcon.colcon_core.shell:Creating package script '/home/abdullrahmman/turtlesim_ws/install/turtlesim_interfaces/share/turtlesim_interfaces/package.bash'
[2.811s] INFO:colcon.colcon_core.shell:Creating package script '/home/abdullrahmman/turtlesim_ws/install/turtlesim_interfaces/share/turtlesim_interfaces/package.zsh'
[2.812s] Level 1:colcon.colcon_core.environment:create_file_with_runtime_dependencies(/home/abdullrahmman/turtlesim_ws/install/turtlesim_interfaces/share/colcon-core/packages/turtlesim_interfaces)
[2.812s] Level 1:colcon.colcon_core.environment:create_environment_scripts_only(turtlesim_interfaces)
[2.813s] Level 1:colcon.colcon_core.environment:checking '/home/abdullrahmman/turtlesim_ws/install/turtlesim_interfaces' for CMake module files
[2.813s] Level 1:colcon.colcon_core.environment:checking '/home/abdullrahmman/turtlesim_ws/install/turtlesim_interfaces' for CMake config files
[2.813s] Level 1:colcon.colcon_core.shell:create_environment_hook('turtlesim_interfaces', 'cmake_prefix_path')
[2.814s] INFO:colcon.colcon_core.shell:Creating environment hook '/home/abdullrahmman/turtlesim_ws/install/turtlesim_interfaces/share/turtlesim_interfaces/hook/cmake_prefix_path.ps1'
[2.814s] INFO:colcon.colcon_core.shell:Creating environment descriptor '/home/abdullrahmman/turtlesim_ws/install/turtlesim_interfaces/share/turtlesim_interfaces/hook/cmake_prefix_path.dsv'
[2.814s] INFO:colcon.colcon_core.shell:Creating environment hook '/home/abdullrahmman/turtlesim_ws/install/turtlesim_interfaces/share/turtlesim_interfaces/hook/cmake_prefix_path.sh'
[2.815s] Level 1:colcon.colcon_core.environment:checking '/home/abdullrahmman/turtlesim_ws/install/turtlesim_interfaces/lib'
[2.815s] Level 1:colcon.colcon_core.shell:create_environment_hook('turtlesim_interfaces', 'ld_library_path_lib')
[2.815s] INFO:colcon.colcon_core.shell:Creating environment hook '/home/abdullrahmman/turtlesim_ws/install/turtlesim_interfaces/share/turtlesim_interfaces/hook/ld_library_path_lib.ps1'
[2.816s] INFO:colcon.colcon_core.shell:Creating environment descriptor '/home/abdullrahmman/turtlesim_ws/install/turtlesim_interfaces/share/turtlesim_interfaces/hook/ld_library_path_lib.dsv'
[2.816s] INFO:colcon.colcon_core.shell:Creating environment hook '/home/abdullrahmman/turtlesim_ws/install/turtlesim_interfaces/share/turtlesim_interfaces/hook/ld_library_path_lib.sh'
[2.816s] Level 1:colcon.colcon_core.environment:checking '/home/abdullrahmman/turtlesim_ws/install/turtlesim_interfaces/bin'
[2.816s] Level 1:colcon.colcon_core.environment:checking '/home/abdullrahmman/turtlesim_ws/install/turtlesim_interfaces/lib/pkgconfig/turtlesim_interfaces.pc'
[2.817s] Level 1:colcon.colcon_core.environment:checking '/home/abdullrahmman/turtlesim_ws/install/turtlesim_interfaces/lib/python3.10/site-packages'
[2.817s] Level 1:colcon.colcon_core.environment:checking '/home/abdullrahmman/turtlesim_ws/install/turtlesim_interfaces/bin'
[2.817s] INFO:colcon.colcon_core.shell:Creating package script '/home/abdullrahmman/turtlesim_ws/install/turtlesim_interfaces/share/turtlesim_interfaces/package.ps1'
[2.818s] INFO:colcon.colcon_core.shell:Creating package descriptor '/home/abdullrahmman/turtlesim_ws/install/turtlesim_interfaces/share/turtlesim_interfaces/package.dsv'
[2.818s] INFO:colcon.colcon_core.shell:Creating package script '/home/abdullrahmman/turtlesim_ws/install/turtlesim_interfaces/share/turtlesim_interfaces/package.sh'
[2.819s] INFO:colcon.colcon_core.shell:Creating package script '/home/abdullrahmman/turtlesim_ws/install/turtlesim_interfaces/share/turtlesim_interfaces/package.bash'
[2.819s] INFO:colcon.colcon_core.shell:Creating package script '/home/abdullrahmman/turtlesim_ws/install/turtlesim_interfaces/share/turtlesim_interfaces/package.zsh'
[2.819s] Level 1:colcon.colcon_core.environment:create_file_with_runtime_dependencies(/home/abdullrahmman/turtlesim_ws/install/turtlesim_interfaces/share/colcon-core/packages/turtlesim_interfaces)
[2.819s] DEBUG:colcon.colcon_parallel_executor.executor.parallel:closing loop
[2.820s] DEBUG:colcon.colcon_parallel_executor.executor.parallel:loop closed
[2.820s] DEBUG:colcon.colcon_parallel_executor.executor.parallel:run_until_complete finished with '0'
[2.820s] DEBUG:colcon.colcon_core.event_reactor:joining thread
[2.825s] INFO:colcon.colcon_core.plugin_system:Skipping extension 'colcon_notification.desktop_notification.terminal_notifier': Not used on non-Darwin systems
[2.825s] INFO:colcon.colcon_core.plugin_system:Skipping extension 'colcon_notification.desktop_notification.win32': Not used on non-Windows systems
[2.825s] INFO:colcon.colcon_notification.desktop_notification:Sending desktop notification using 'notify2'
[2.834s] DEBUG:colcon.colcon_core.event_reactor:joined thread
[2.834s] INFO:colcon.colcon_core.shell:Creating prefix script '/home/abdullrahmman/turtlesim_ws/install/local_setup.ps1'
[2.835s] INFO:colcon.colcon_core.shell:Creating prefix util module '/home/abdullrahmman/turtlesim_ws/install/_local_setup_util_ps1.py'
[2.836s] INFO:colcon.colcon_core.shell:Creating prefix chain script '/home/abdullrahmman/turtlesim_ws/install/setup.ps1'
[2.837s] INFO:colcon.colcon_core.shell:Creating prefix script '/home/abdullrahmman/turtlesim_ws/install/local_setup.sh'
[2.837s] INFO:colcon.colcon_core.shell:Creating prefix util module '/home/abdullrahmman/turtlesim_ws/install/_local_setup_util_sh.py'
[2.837s] INFO:colcon.colcon_core.shell:Creating prefix chain script '/home/abdullrahmman/turtlesim_ws/install/setup.sh'
[2.838s] INFO:colcon.colcon_core.shell:Creating prefix script '/home/abdullrahmman/turtlesim_ws/install/local_setup.bash'
[2.838s] INFO:colcon.colcon_core.shell:Creating prefix chain script '/home/abdullrahmman/turtlesim_ws/install/setup.bash'
[2.839s] INFO:colcon.colcon_core.shell:Creating prefix script '/home/abdullrahmman/turtlesim_ws/install/local_setup.zsh'
[2.839s] INFO:colcon.colcon_core.shell:Creating prefix chain script '/home/abdullrahmman/turtlesim_ws/install/setup.zsh'
