[0.010s] Invoking command in '/home/abdullrahmman/turtlesim_ws/build/turtlesim_interfaces': CMAKE_PREFIX_PATH=${CMAKE_PREFIX_PATH}:/home/abdullrahmman/ros2_ws/install/simple_py_pkg:/home/abdullrahmman/turtlesim_ws/install/turtlesim_py_pkg:/opt/ros/humble /usr/bin/cmake /home/abdullrahmman/turtlesim_ws/src/turtlesim_interfaces -DCMAKE_INSTALL_PREFIX=/home/abdullrahmman/turtlesim_ws/install/turtlesim_interfaces
[0.123s] -- The C compiler identification is GNU 11.4.0
[0.215s] -- The CXX compiler identification is GNU 11.4.0
[0.225s] -- Detecting C compiler ABI info
[0.300s] -- Detecting C compiler ABI info - done
[0.308s] -- Check for working C compiler: /usr/bin/cc - skipped
[0.309s] -- Detecting C compile features
[0.310s] -- Detecting C compile features - done
[0.314s] -- Detecting CXX compiler ABI info
[0.399s] -- Detecting CXX compiler ABI info - done
[0.408s] -- Check for working CXX compiler: /usr/bin/c++ - skipped
[0.408s] -- Detecting CXX compile features
[0.408s] -- Detecting CXX compile features - done
[0.414s] -- Found ament_cmake: 1.3.12 (/opt/ros/humble/share/ament_cmake/cmake)
[0.582s] -- Found Python3: /usr/bin/python3 (found version "3.10.12") found components: Interpreter 
[0.689s] [31mCMake Error at CMakeLists.txt:10 (find_package):
[0.689s]   By not providing "Findrosidl_defualt_generators.cmake" in CMAKE_MODULE_PATH
[0.689s]   this project has asked CMake to find a package configuration file provided
[0.689s]   by "rosidl_defualt_generators", but CMake did not find one.
[0.689s] 
[0.689s]   Could not find a package configuration file provided by
[0.689s]   "rosidl_defualt_generators" with any of the following names:
[0.689s] 
[0.689s]     rosidl_defualt_generatorsConfig.cmake
[0.689s]     rosidl_defualt_generators-config.cmake
[0.689s] 
[0.689s]   Add the installation prefix of "rosidl_defualt_generators" to
[0.689s]   CMAKE_PREFIX_PATH or set "rosidl_defualt_generators_DIR" to a directory
[0.690s]   containing one of the above files.  If "rosidl_defualt_generators" provides
[0.690s]   a separate development package or SDK, be sure it has been installed.
[0.690s] 
[0.690s] [0m
[0.690s] -- Configuring incomplete, errors occurred!
[0.690s] See also "/home/abdullrahmman/turtlesim_ws/build/turtlesim_interfaces/CMakeFiles/CMakeOutput.log".
[0.693s] Invoked command in '/home/abdullrahmman/turtlesim_ws/build/turtlesim_interfaces' returned '1': CMAKE_PREFIX_PATH=${CMAKE_PREFIX_PATH}:/home/abdullrahmman/ros2_ws/install/simple_py_pkg:/home/abdullrahmman/turtlesim_ws/install/turtlesim_py_pkg:/opt/ros/humble /usr/bin/cmake /home/abdullrahmman/turtlesim_ws/src/turtlesim_interfaces -DCMAKE_INSTALL_PREFIX=/home/abdullrahmman/turtlesim_ws/install/turtlesim_interfaces
