[0.193s] Invoking command in '/home/abdullrahmman/turtlesim_ws/build/~h': /usr/bin/cmake /home/abdullrahmman/turtlesim_ws/src/~h -DCMAKE_INSTALL_PREFIX=/home/abdullrahmman/turtlesim_ws/install/~h
[0.309s] -- The C compiler identification is GNU 11.4.0
[0.406s] -- The CXX compiler identification is GNU 11.4.0
[0.417s] -- Detecting C compiler ABI info
[0.493s] -- Detecting C compiler ABI info - done
[0.503s] -- Check for working C compiler: /usr/bin/cc - skipped
[0.503s] -- Detecting C compile features
[0.505s] -- Detecting C compile features - done
[0.507s] -- Detecting CXX compiler ABI info
[0.591s] -- Detecting CXX compiler ABI info - done
[0.599s] -- Check for working CXX compiler: /usr/bin/c++ - skipped
[0.599s] -- Detecting CXX compile features
[0.599s] -- Detecting CXX compile features - done
[0.603s] -- Found ament_cmake: 1.3.12 (/opt/ros/humble/share/ament_cmake/cmake)
[0.759s] -- Found Python3: /usr/bin/python3 (found version "3.10.12") found components: Interpreter 
[0.816s] [31mCMake Error at /opt/ros/humble/share/ament_cmake_core/cmake/ament_cmake_uninstall_target-extras.cmake:40 (add_custom_target):
[0.816s]   The target name "~h_uninstall" is reserved or not valid for certain CMake
[0.816s]   features, such as generator expressions, and may result in undefined
[0.816s]   behavior.
[0.816s] Call Stack (most recent call first):
[0.816s]   /opt/ros/humble/share/ament_cmake_core/cmake/ament_cmake_coreConfig.cmake:41 (include)
[0.816s]   /opt/ros/humble/share/ament_cmake/cmake/ament_cmake_export_dependencies-extras.cmake:15 (find_package)
[0.816s]   /opt/ros/humble/share/ament_cmake/cmake/ament_cmakeConfig.cmake:41 (include)
[0.816s]   CMakeLists.txt:9 (find_package)
[0.816s] 
[0.816s] [0m
[0.842s] -- Found ament_lint_auto: 0.12.14 (/opt/ros/humble/share/ament_lint_auto/cmake)
[0.886s] Error parsing '/home/abdullrahmman/turtlesim_ws/src/~h/package.xml':
[0.922s] Traceback (most recent call last):
[0.922s]   File "/opt/ros/humble/share/ament_cmake_core/cmake/core/package_xml_2_cmake.py", line 150, in <module>
[0.922s]     main()
[0.922s]   File "/opt/ros/humble/share/ament_cmake_core/cmake/core/package_xml_2_cmake.py", line 53, in main
[0.922s]     raise e
[0.922s]   File "/opt/ros/humble/share/ament_cmake_core/cmake/core/package_xml_2_cmake.py", line 49, in main
[0.922s]     package = parse_package_string(
[0.922s]   File "/usr/lib/python3/dist-packages/catkin_pkg/package.py", line 788, in parse_package_string
[0.923s]     pkg.validate(warnings=warnings)
[0.923s]   File "/usr/lib/python3/dist-packages/catkin_pkg/package.py", line 330, in validate
[0.923s]     raise InvalidPackage('\n'.join(errors), self.filename)
[0.923s] catkin_pkg.package.InvalidPackage: Error(s) in package '/home/abdullrahmman/turtlesim_ws/src/~h/package.xml':
[0.923s] Package name "~h" does not follow naming conventions
[0.936s] [31mCMake Error at /opt/ros/humble/share/ament_cmake_core/cmake/core/ament_package_xml.cmake:95 (message):
[0.936s]   execute_process(/usr/bin/python3
[0.936s]   /opt/ros/humble/share/ament_cmake_core/cmake/core/package_xml_2_cmake.py
[0.936s]   /home/abdullrahmman/turtlesim_ws/src/~h/package.xml
[0.936s]   /home/abdullrahmman/turtlesim_ws/build/~h/ament_cmake_core/package.cmake)
[0.936s]   returned error code 1
[0.936s] Call Stack (most recent call first):
[0.936s]   /opt/ros/humble/share/ament_cmake_core/cmake/core/ament_package_xml.cmake:49 (_ament_package_xml)
[0.937s]   /opt/ros/humble/share/ament_lint_auto/cmake/ament_lint_auto_find_test_dependencies.cmake:31 (ament_package_xml)
[0.937s]   CMakeLists.txt:23 (ament_lint_auto_find_test_dependencies)
[0.937s] 
[0.937s] [0m
[0.937s] -- Configuring incomplete, errors occurred!
[0.937s] See also "/home/abdullrahmman/turtlesim_ws/build/~h/CMakeFiles/CMakeOutput.log".
[0.940s] Invoked command in '/home/abdullrahmman/turtlesim_ws/build/~h' returned '1': /usr/bin/cmake /home/abdullrahmman/turtlesim_ws/src/~h -DCMAKE_INSTALL_PREFIX=/home/abdullrahmman/turtlesim_ws/install/~h
