[0.009s] Invoking command in '/home/abdullrahmman/turtlesim_ws/build/turtlesim_interfaces': CMAKE_PREFIX_PATH=${CMAKE_PREFIX_PATH}:/home/abdullrahmman/ros2_ws/install/simple_py_pkg:/home/abdullrahmman/turtlesim_ws/install/turtlesim_py_pkg:/opt/ros/humble /usr/bin/cmake /home/abdullrahmman/turtlesim_ws/src/turtlesim_interfaces -DCMAKE_INSTALL_PREFIX=/home/abdullrahmman/turtlesim_ws/install/turtlesim_interfaces
[0.021s] -- Found ament_cmake: 1.3.12 (/opt/ros/humble/share/ament_cmake/cmake)
[0.110s] -- Found rosidl_default_generators: 1.2.0 (/opt/ros/humble/share/rosidl_default_generators/cmake)
[0.111s] -- Using all available rosidl_typesupport_c: rosidl_typesupport_fastrtps_c;rosidl_typesupport_introspection_c
[0.113s] -- Found rosidl_adapter: 3.1.7 (/opt/ros/humble/share/rosidl_adapter/cmake)
[0.131s] -- Using all available rosidl_typesupport_cpp: rosidl_typesupport_fastrtps_cpp;rosidl_typesupport_introspection_cpp
[0.315s] -- Found ament_cmake_ros: 0.10.0 (/opt/ros/humble/share/ament_cmake_ros/cmake)
[0.463s] -- Using all available rosidl_typesupport_c: rosidl_typesupport_fastrtps_c;rosidl_typesupport_introspection_c
[0.646s] -- Using all available rosidl_typesupport_cpp: rosidl_typesupport_fastrtps_cpp;rosidl_typesupport_introspection_cpp
[0.667s] -- Found PythonInterp: /usr/bin/python3 (found suitable version "3.10.12", minimum required is "3.6") 
[0.668s] -- Found python_cmake_module: 0.10.0 (/opt/ros/humble/share/python_cmake_module/cmake)
[0.687s] -- Found PythonLibs: /usr/lib/x86_64-linux-gnu/libpython3.10.so (found suitable version "3.10.12", minimum required is "3.5") 
[0.687s] -- Using PYTHON_EXECUTABLE: /usr/bin/python3
[0.687s] -- Using PYTHON_INCLUDE_DIRS: /usr/include/python3.10
[0.687s] -- Using PYTHON_LIBRARIES: /usr/lib/x86_64-linux-gnu/libpython3.10.so
[0.703s] -- Found PythonExtra: .so  
[0.736s] -- Configuring done
[0.753s] -- Generating done
[0.760s] -- Build files have been written to: /home/abdullrahmman/turtlesim_ws/build/turtlesim_interfaces
[0.763s] Invoked command in '/home/abdullrahmman/turtlesim_ws/build/turtlesim_interfaces' returned '0': CMAKE_PREFIX_PATH=${CMAKE_PREFIX_PATH}:/home/abdullrahmman/ros2_ws/install/simple_py_pkg:/home/abdullrahmman/turtlesim_ws/install/turtlesim_py_pkg:/opt/ros/humble /usr/bin/cmake /home/abdullrahmman/turtlesim_ws/src/turtlesim_interfaces -DCMAKE_INSTALL_PREFIX=/home/abdullrahmman/turtlesim_ws/install/turtlesim_interfaces
[0.764s] Invoking command in '/home/abdullrahmman/turtlesim_ws/build/turtlesim_interfaces': CMAKE_PREFIX_PATH=${CMAKE_PREFIX_PATH}:/home/abdullrahmman/ros2_ws/install/simple_py_pkg:/home/abdullrahmman/turtlesim_ws/install/turtlesim_py_pkg:/opt/ros/humble /usr/bin/cmake --build /home/abdullrahmman/turtlesim_ws/build/turtlesim_interfaces -- -j12 -l12
[0.796s] [  2%] [34m[1mGenerating C code for ROS interfaces[0m
[0.803s] [  5%] [34m[1mGenerating C++ code for ROS interfaces[0m
[0.811s] [  5%] Built target ament_cmake_python_copy_turtlesim_interfaces
[0.986s] running egg_info
[0.987s] creating turtlesim_interfaces.egg-info
[0.987s] writing turtlesim_interfaces.egg-info/PKG-INFO
[0.987s] writing dependency_links to turtlesim_interfaces.egg-info/dependency_links.txt
[0.987s] writing top-level names to turtlesim_interfaces.egg-info/top_level.txt
[0.987s] writing manifest file 'turtlesim_interfaces.egg-info/SOURCES.txt'
[0.989s] reading manifest file 'turtlesim_interfaces.egg-info/SOURCES.txt'
[0.989s] writing manifest file 'turtlesim_interfaces.egg-info/SOURCES.txt'
[1.015s] [  5%] Built target ament_cmake_python_build_turtlesim_interfaces_egg
[1.016s] [  5%] Built target turtlesim_interfaces__cpp
[1.027s] [ 10%] [34m[1mGenerating C++ introspection for ROS interfaces[0m
[1.027s] [ 10%] [34m[1mGenerating C++ type support for eProsima Fast-RTPS[0m
[1.027s] [ 12%] [34m[1mGenerating C++ type support dispatch for ROS interfaces[0m
[1.129s] [ 17%] [32mBuilding C object CMakeFiles/turtlesim_interfaces__rosidl_generator_c.dir/rosidl_generator_c/turtlesim_interfaces/msg/detail/turtle__functions.c.o[0m
[1.129s] [ 17%] [32mBuilding C object CMakeFiles/turtlesim_interfaces__rosidl_generator_c.dir/rosidl_generator_c/turtlesim_interfaces/msg/detail/turtle_array__functions.c.o[0m
[1.196s] [ 20%] [32m[1mLinking C shared library libturtlesim_interfaces__rosidl_generator_c.so[0m
[1.235s] [ 20%] Built target turtlesim_interfaces__rosidl_generator_c
[1.244s] [ 23%] [34m[1mGenerating C type support for eProsima Fast-RTPS[0m
[1.244s] [ 25%] [34m[1mGenerating C type support dispatch for ROS interfaces[0m
[1.245s] [ 30%] [32mBuilding CXX object CMakeFiles/turtlesim_interfaces__rosidl_typesupport_introspection_cpp.dir/rosidl_typesupport_introspection_cpp/turtlesim_interfaces/msg/detail/turtle_array__type_support.cpp.o[0m
[1.245s] [ 30%] [32mBuilding CXX object CMakeFiles/turtlesim_interfaces__rosidl_typesupport_introspection_cpp.dir/rosidl_typesupport_introspection_cpp/turtlesim_interfaces/msg/detail/turtle__type_support.cpp.o[0m
[1.246s] [ 33%] [34m[1mGenerating C introspection for ROS interfaces[0m
[1.258s] [ 35%] [32mBuilding CXX object CMakeFiles/turtlesim_interfaces__rosidl_typesupport_cpp.dir/rosidl_typesupport_cpp/turtlesim_interfaces/msg/turtle_array__type_support.cpp.o[0m
[1.258s] [ 38%] [32mBuilding CXX object CMakeFiles/turtlesim_interfaces__rosidl_typesupport_cpp.dir/rosidl_typesupport_cpp/turtlesim_interfaces/msg/turtle__type_support.cpp.o[0m
[1.335s] [ 43%] [32mBuilding CXX object CMakeFiles/turtlesim_interfaces__rosidl_typesupport_fastrtps_cpp.dir/rosidl_typesupport_fastrtps_cpp/turtlesim_interfaces/msg/detail/dds_fastrtps/turtle_array__type_support.cpp.o[0m
[1.335s] [ 43%] [32mBuilding CXX object CMakeFiles/turtlesim_interfaces__rosidl_typesupport_fastrtps_cpp.dir/rosidl_typesupport_fastrtps_cpp/turtlesim_interfaces/msg/detail/dds_fastrtps/turtle__type_support.cpp.o[0m
[1.492s] [ 46%] [32mBuilding CXX object CMakeFiles/turtlesim_interfaces__rosidl_typesupport_c.dir/rosidl_typesupport_c/turtlesim_interfaces/msg/turtle__type_support.cpp.o[0m
[1.493s] [ 48%] [32mBuilding CXX object CMakeFiles/turtlesim_interfaces__rosidl_typesupport_c.dir/rosidl_typesupport_c/turtlesim_interfaces/msg/turtle_array__type_support.cpp.o[0m
[1.523s] [ 51%] [32mBuilding CXX object CMakeFiles/turtlesim_interfaces__rosidl_typesupport_fastrtps_c.dir/rosidl_typesupport_fastrtps_c/turtlesim_interfaces/msg/detail/turtle_array__type_support_c.cpp.o[0m
[1.523s] [ 53%] [32mBuilding CXX object CMakeFiles/turtlesim_interfaces__rosidl_typesupport_fastrtps_c.dir/rosidl_typesupport_fastrtps_c/turtlesim_interfaces/msg/detail/turtle__type_support_c.cpp.o[0m
[1.530s] [ 56%] [32m[1mLinking CXX shared library libturtlesim_interfaces__rosidl_typesupport_c.so[0m
[1.581s] [ 56%] Built target turtlesim_interfaces__rosidl_typesupport_c
[1.601s] [ 58%] [32mBuilding C object CMakeFiles/turtlesim_interfaces__rosidl_typesupport_introspection_c.dir/rosidl_typesupport_introspection_c/turtlesim_interfaces/msg/detail/turtle_array__type_support.c.o[0m
[1.603s] [ 61%] [32mBuilding C object CMakeFiles/turtlesim_interfaces__rosidl_typesupport_introspection_c.dir/rosidl_typesupport_introspection_c/turtlesim_interfaces/msg/detail/turtle__type_support.c.o[0m
[1.648s] [ 64%] [32m[1mLinking C shared library libturtlesim_interfaces__rosidl_typesupport_introspection_c.so[0m
[1.649s] [ 66%] [32m[1mLinking CXX shared library libturtlesim_interfaces__rosidl_typesupport_cpp.so[0m
[1.688s] [ 66%] Built target turtlesim_interfaces__rosidl_typesupport_introspection_c
[1.689s] [ 66%] Built target turtlesim_interfaces__rosidl_typesupport_cpp
[1.860s] [ 69%] [32m[1mLinking CXX shared library libturtlesim_interfaces__rosidl_typesupport_introspection_cpp.so[0m
[1.896s] [ 71%] [32m[1mLinking CXX shared library libturtlesim_interfaces__rosidl_typesupport_fastrtps_cpp.so[0m
[1.920s] [ 71%] Built target turtlesim_interfaces__rosidl_typesupport_introspection_cpp
[1.952s] [ 74%] [32m[1mLinking CXX shared library libturtlesim_interfaces__rosidl_typesupport_fastrtps_c.so[0m
[1.957s] [ 74%] Built target turtlesim_interfaces__rosidl_typesupport_fastrtps_cpp
[2.007s] [ 74%] Built target turtlesim_interfaces__rosidl_typesupport_fastrtps_c
[2.022s] [ 74%] Built target turtlesim_interfaces
[2.039s] [ 76%] [34m[1mGenerating Python code for ROS interfaces[0m
[2.253s] [ 76%] Built target turtlesim_interfaces__py
[2.269s] [ 79%] [32mBuilding C object CMakeFiles/turtlesim_interfaces__rosidl_generator_py.dir/rosidl_generator_py/turtlesim_interfaces/msg/_turtle_s.c.o[0m
[2.269s] [ 82%] [32mBuilding C object CMakeFiles/turtlesim_interfaces__rosidl_generator_py.dir/rosidl_generator_py/turtlesim_interfaces/msg/_turtle_array_s.c.o[0m
[2.362s] [ 84%] [32m[1mLinking C shared library rosidl_generator_py/turtlesim_interfaces/libturtlesim_interfaces__rosidl_generator_py.so[0m
[2.393s] [ 84%] Built target turtlesim_interfaces__rosidl_generator_py
[2.414s] [ 87%] [32mBuilding C object CMakeFiles/turtlesim_interfaces__rosidl_typesupport_fastrtps_c__pyext.dir/rosidl_generator_py/turtlesim_interfaces/_turtlesim_interfaces_s.ep.rosidl_typesupport_fastrtps_c.c.o[0m
[2.414s] [ 89%] [32mBuilding C object CMakeFiles/turtlesim_interfaces__rosidl_typesupport_c__pyext.dir/rosidl_generator_py/turtlesim_interfaces/_turtlesim_interfaces_s.ep.rosidl_typesupport_c.c.o[0m
[2.415s] [ 92%] [32mBuilding C object CMakeFiles/turtlesim_interfaces__rosidl_typesupport_introspection_c__pyext.dir/rosidl_generator_py/turtlesim_interfaces/_turtlesim_interfaces_s.ep.rosidl_typesupport_introspection_c.c.o[0m
[2.485s] [ 94%] [32m[1mLinking C shared library rosidl_generator_py/turtlesim_interfaces/turtlesim_interfaces_s__rosidl_typesupport_fastrtps_c.cpython-310-x86_64-linux-gnu.so[0m
[2.485s] [ 97%] [32m[1mLinking C shared library rosidl_generator_py/turtlesim_interfaces/turtlesim_interfaces_s__rosidl_typesupport_introspection_c.cpython-310-x86_64-linux-gnu.so[0m
[2.511s] [100%] [32m[1mLinking C shared library rosidl_generator_py/turtlesim_interfaces/turtlesim_interfaces_s__rosidl_typesupport_c.cpython-310-x86_64-linux-gnu.so[0m
[2.514s] [100%] Built target turtlesim_interfaces__rosidl_typesupport_introspection_c__pyext
[2.517s] [100%] Built target turtlesim_interfaces__rosidl_typesupport_fastrtps_c__pyext
[2.537s] [100%] Built target turtlesim_interfaces__rosidl_typesupport_c__pyext
[2.548s] Invoked command in '/home/abdullrahmman/turtlesim_ws/build/turtlesim_interfaces' returned '0': CMAKE_PREFIX_PATH=${CMAKE_PREFIX_PATH}:/home/abdullrahmman/ros2_ws/install/simple_py_pkg:/home/abdullrahmman/turtlesim_ws/install/turtlesim_py_pkg:/opt/ros/humble /usr/bin/cmake --build /home/abdullrahmman/turtlesim_ws/build/turtlesim_interfaces -- -j12 -l12
[2.556s] Invoking command in '/home/abdullrahmman/turtlesim_ws/build/turtlesim_interfaces': CMAKE_PREFIX_PATH=${CMAKE_PREFIX_PATH}:/home/abdullrahmman/ros2_ws/install/simple_py_pkg:/home/abdullrahmman/turtlesim_ws/install/turtlesim_py_pkg:/opt/ros/humble /usr/bin/cmake --install /home/abdullrahmman/turtlesim_ws/build/turtlesim_interfaces
[2.563s] -- Install configuration: ""
[2.564s] -- Installing: /home/abdullrahmman/turtlesim_ws/install/turtlesim_interfaces/share/ament_index/resource_index/rosidl_interfaces/turtlesim_interfaces
[2.564s] -- Installing: /home/abdullrahmman/turtlesim_ws/install/turtlesim_interfaces/include/turtlesim_interfaces/turtlesim_interfaces
[2.564s] -- Installing: /home/abdullrahmman/turtlesim_ws/install/turtlesim_interfaces/include/turtlesim_interfaces/turtlesim_interfaces/msg
[2.564s] -- Installing: /home/abdullrahmman/turtlesim_ws/install/turtlesim_interfaces/include/turtlesim_interfaces/turtlesim_interfaces/msg/turtle.h
[2.564s] -- Installing: /home/abdullrahmman/turtlesim_ws/install/turtlesim_interfaces/include/turtlesim_interfaces/turtlesim_interfaces/msg/turtle_array.h
[2.564s] -- Installing: /home/abdullrahmman/turtlesim_ws/install/turtlesim_interfaces/include/turtlesim_interfaces/turtlesim_interfaces/msg/detail
[2.564s] -- Installing: /home/abdullrahmman/turtlesim_ws/install/turtlesim_interfaces/include/turtlesim_interfaces/turtlesim_interfaces/msg/detail/turtle__functions.h
[2.565s] -- Installing: /home/abdullrahmman/turtlesim_ws/install/turtlesim_interfaces/include/turtlesim_interfaces/turtlesim_interfaces/msg/detail/turtle_array__struct.h
[2.565s] -- Installing: /home/abdullrahmman/turtlesim_ws/install/turtlesim_interfaces/include/turtlesim_interfaces/turtlesim_interfaces/msg/detail/turtle__struct.h
[2.565s] -- Installing: /home/abdullrahmman/turtlesim_ws/install/turtlesim_interfaces/include/turtlesim_interfaces/turtlesim_interfaces/msg/detail/turtle_array__functions.h
[2.565s] -- Installing: /home/abdullrahmman/turtlesim_ws/install/turtlesim_interfaces/include/turtlesim_interfaces/turtlesim_interfaces/msg/detail/turtle_array__type_support.h
[2.565s] -- Installing: /home/abdullrahmman/turtlesim_ws/install/turtlesim_interfaces/include/turtlesim_interfaces/turtlesim_interfaces/msg/detail/turtle__functions.c
[2.565s] -- Installing: /home/abdullrahmman/turtlesim_ws/install/turtlesim_interfaces/include/turtlesim_interfaces/turtlesim_interfaces/msg/detail/turtle__type_support.h
[2.565s] -- Installing: /home/abdullrahmman/turtlesim_ws/install/turtlesim_interfaces/include/turtlesim_interfaces/turtlesim_interfaces/msg/detail/turtle_array__functions.c
[2.565s] -- Installing: /home/abdullrahmman/turtlesim_ws/install/turtlesim_interfaces/include/turtlesim_interfaces/turtlesim_interfaces/msg/rosidl_generator_c__visibility_control.h
[2.566s] -- Installing: /home/abdullrahmman/turtlesim_ws/install/turtlesim_interfaces/share/turtlesim_interfaces/environment/library_path.sh
[2.566s] -- Installing: /home/abdullrahmman/turtlesim_ws/install/turtlesim_interfaces/share/turtlesim_interfaces/environment/library_path.dsv
[2.566s] -- Installing: /home/abdullrahmman/turtlesim_ws/install/turtlesim_interfaces/lib/libturtlesim_interfaces__rosidl_generator_c.so
[2.566s] -- Set runtime path of "/home/abdullrahmman/turtlesim_ws/install/turtlesim_interfaces/lib/libturtlesim_interfaces__rosidl_generator_c.so" to ""
[2.566s] -- Up-to-date: /home/abdullrahmman/turtlesim_ws/install/turtlesim_interfaces/include/turtlesim_interfaces/turtlesim_interfaces
[2.566s] -- Up-to-date: /home/abdullrahmman/turtlesim_ws/install/turtlesim_interfaces/include/turtlesim_interfaces/turtlesim_interfaces/msg
[2.566s] -- Installing: /home/abdullrahmman/turtlesim_ws/install/turtlesim_interfaces/include/turtlesim_interfaces/turtlesim_interfaces/msg/rosidl_typesupport_fastrtps_c__visibility_control.h
[2.566s] -- Up-to-date: /home/abdullrahmman/turtlesim_ws/install/turtlesim_interfaces/include/turtlesim_interfaces/turtlesim_interfaces/msg/detail
[2.566s] -- Installing: /home/abdullrahmman/turtlesim_ws/install/turtlesim_interfaces/include/turtlesim_interfaces/turtlesim_interfaces/msg/detail/turtle__rosidl_typesupport_fastrtps_c.h
[2.566s] -- Installing: /home/abdullrahmman/turtlesim_ws/install/turtlesim_interfaces/include/turtlesim_interfaces/turtlesim_interfaces/msg/detail/turtle_array__rosidl_typesupport_fastrtps_c.h
[2.566s] -- Installing: /home/abdullrahmman/turtlesim_ws/install/turtlesim_interfaces/lib/libturtlesim_interfaces__rosidl_typesupport_fastrtps_c.so
[2.567s] -- Set runtime path of "/home/abdullrahmman/turtlesim_ws/install/turtlesim_interfaces/lib/libturtlesim_interfaces__rosidl_typesupport_fastrtps_c.so" to ""
[2.567s] -- Up-to-date: /home/abdullrahmman/turtlesim_ws/install/turtlesim_interfaces/include/turtlesim_interfaces/turtlesim_interfaces
[2.567s] -- Up-to-date: /home/abdullrahmman/turtlesim_ws/install/turtlesim_interfaces/include/turtlesim_interfaces/turtlesim_interfaces/msg
[2.567s] -- Up-to-date: /home/abdullrahmman/turtlesim_ws/install/turtlesim_interfaces/include/turtlesim_interfaces/turtlesim_interfaces/msg/detail
[2.567s] -- Installing: /home/abdullrahmman/turtlesim_ws/install/turtlesim_interfaces/include/turtlesim_interfaces/turtlesim_interfaces/msg/detail/turtle_array__rosidl_typesupport_introspection_c.h
[2.567s] -- Installing: /home/abdullrahmman/turtlesim_ws/install/turtlesim_interfaces/include/turtlesim_interfaces/turtlesim_interfaces/msg/detail/turtle__rosidl_typesupport_introspection_c.h
[2.567s] -- Installing: /home/abdullrahmman/turtlesim_ws/install/turtlesim_interfaces/include/turtlesim_interfaces/turtlesim_interfaces/msg/detail/turtle_array__type_support.c
[2.567s] -- Installing: /home/abdullrahmman/turtlesim_ws/install/turtlesim_interfaces/include/turtlesim_interfaces/turtlesim_interfaces/msg/detail/turtle__type_support.c
[2.567s] -- Installing: /home/abdullrahmman/turtlesim_ws/install/turtlesim_interfaces/include/turtlesim_interfaces/turtlesim_interfaces/msg/rosidl_typesupport_introspection_c__visibility_control.h
[2.567s] -- Installing: /home/abdullrahmman/turtlesim_ws/install/turtlesim_interfaces/lib/libturtlesim_interfaces__rosidl_typesupport_introspection_c.so
[2.567s] -- Set runtime path of "/home/abdullrahmman/turtlesim_ws/install/turtlesim_interfaces/lib/libturtlesim_interfaces__rosidl_typesupport_introspection_c.so" to ""
[2.567s] -- Installing: /home/abdullrahmman/turtlesim_ws/install/turtlesim_interfaces/lib/libturtlesim_interfaces__rosidl_typesupport_c.so
[2.567s] -- Set runtime path of "/home/abdullrahmman/turtlesim_ws/install/turtlesim_interfaces/lib/libturtlesim_interfaces__rosidl_typesupport_c.so" to ""
[2.568s] -- Up-to-date: /home/abdullrahmman/turtlesim_ws/install/turtlesim_interfaces/include/turtlesim_interfaces/turtlesim_interfaces
[2.568s] -- Up-to-date: /home/abdullrahmman/turtlesim_ws/install/turtlesim_interfaces/include/turtlesim_interfaces/turtlesim_interfaces/msg
[2.568s] -- Installing: /home/abdullrahmman/turtlesim_ws/install/turtlesim_interfaces/include/turtlesim_interfaces/turtlesim_interfaces/msg/rosidl_generator_cpp__visibility_control.hpp
[2.568s] -- Up-to-date: /home/abdullrahmman/turtlesim_ws/install/turtlesim_interfaces/include/turtlesim_interfaces/turtlesim_interfaces/msg/detail
[2.568s] -- Installing: /home/abdullrahmman/turtlesim_ws/install/turtlesim_interfaces/include/turtlesim_interfaces/turtlesim_interfaces/msg/detail/turtle__type_support.hpp
[2.568s] -- Installing: /home/abdullrahmman/turtlesim_ws/install/turtlesim_interfaces/include/turtlesim_interfaces/turtlesim_interfaces/msg/detail/turtle_array__traits.hpp
[2.568s] -- Installing: /home/abdullrahmman/turtlesim_ws/install/turtlesim_interfaces/include/turtlesim_interfaces/turtlesim_interfaces/msg/detail/turtle_array__type_support.hpp
[2.568s] -- Installing: /home/abdullrahmman/turtlesim_ws/install/turtlesim_interfaces/include/turtlesim_interfaces/turtlesim_interfaces/msg/detail/turtle__builder.hpp
[2.568s] -- Installing: /home/abdullrahmman/turtlesim_ws/install/turtlesim_interfaces/include/turtlesim_interfaces/turtlesim_interfaces/msg/detail/turtle__struct.hpp
[2.568s] -- Installing: /home/abdullrahmman/turtlesim_ws/install/turtlesim_interfaces/include/turtlesim_interfaces/turtlesim_interfaces/msg/detail/turtle_array__struct.hpp
[2.568s] -- Installing: /home/abdullrahmman/turtlesim_ws/install/turtlesim_interfaces/include/turtlesim_interfaces/turtlesim_interfaces/msg/detail/turtle_array__builder.hpp
[2.569s] -- Installing: /home/abdullrahmman/turtlesim_ws/install/turtlesim_interfaces/include/turtlesim_interfaces/turtlesim_interfaces/msg/detail/turtle__traits.hpp
[2.569s] -- Installing: /home/abdullrahmman/turtlesim_ws/install/turtlesim_interfaces/include/turtlesim_interfaces/turtlesim_interfaces/msg/turtle.hpp
[2.569s] -- Installing: /home/abdullrahmman/turtlesim_ws/install/turtlesim_interfaces/include/turtlesim_interfaces/turtlesim_interfaces/msg/turtle_array.hpp
[2.569s] -- Up-to-date: /home/abdullrahmman/turtlesim_ws/install/turtlesim_interfaces/include/turtlesim_interfaces/turtlesim_interfaces
[2.569s] -- Up-to-date: /home/abdullrahmman/turtlesim_ws/install/turtlesim_interfaces/include/turtlesim_interfaces/turtlesim_interfaces/msg
[2.569s] -- Installing: /home/abdullrahmman/turtlesim_ws/install/turtlesim_interfaces/include/turtlesim_interfaces/turtlesim_interfaces/msg/rosidl_typesupport_fastrtps_cpp__visibility_control.h
[2.569s] -- Up-to-date: /home/abdullrahmman/turtlesim_ws/install/turtlesim_interfaces/include/turtlesim_interfaces/turtlesim_interfaces/msg/detail
[2.569s] -- Installing: /home/abdullrahmman/turtlesim_ws/install/turtlesim_interfaces/include/turtlesim_interfaces/turtlesim_interfaces/msg/detail/turtle_array__rosidl_typesupport_fastrtps_cpp.hpp
[2.569s] -- Installing: /home/abdullrahmman/turtlesim_ws/install/turtlesim_interfaces/include/turtlesim_interfaces/turtlesim_interfaces/msg/detail/turtle__rosidl_typesupport_fastrtps_cpp.hpp
[2.569s] -- Installing: /home/abdullrahmman/turtlesim_ws/install/turtlesim_interfaces/include/turtlesim_interfaces/turtlesim_interfaces/msg/detail/dds_fastrtps
[2.569s] -- Installing: /home/abdullrahmman/turtlesim_ws/install/turtlesim_interfaces/lib/libturtlesim_interfaces__rosidl_typesupport_fastrtps_cpp.so
[2.569s] -- Set runtime path of "/home/abdullrahmman/turtlesim_ws/install/turtlesim_interfaces/lib/libturtlesim_interfaces__rosidl_typesupport_fastrtps_cpp.so" to ""
[2.569s] -- Up-to-date: /home/abdullrahmman/turtlesim_ws/install/turtlesim_interfaces/include/turtlesim_interfaces/turtlesim_interfaces
[2.570s] -- Up-to-date: /home/abdullrahmman/turtlesim_ws/install/turtlesim_interfaces/include/turtlesim_interfaces/turtlesim_interfaces/msg
[2.570s] -- Up-to-date: /home/abdullrahmman/turtlesim_ws/install/turtlesim_interfaces/include/turtlesim_interfaces/turtlesim_interfaces/msg/detail
[2.570s] -- Installing: /home/abdullrahmman/turtlesim_ws/install/turtlesim_interfaces/include/turtlesim_interfaces/turtlesim_interfaces/msg/detail/turtle__rosidl_typesupport_introspection_cpp.hpp
[2.570s] -- Installing: /home/abdullrahmman/turtlesim_ws/install/turtlesim_interfaces/include/turtlesim_interfaces/turtlesim_interfaces/msg/detail/turtle_array__rosidl_typesupport_introspection_cpp.hpp
[2.570s] -- Installing: /home/abdullrahmman/turtlesim_ws/install/turtlesim_interfaces/include/turtlesim_interfaces/turtlesim_interfaces/msg/detail/turtle__type_support.cpp
[2.570s] -- Installing: /home/abdullrahmman/turtlesim_ws/install/turtlesim_interfaces/include/turtlesim_interfaces/turtlesim_interfaces/msg/detail/turtle_array__type_support.cpp
[2.570s] -- Installing: /home/abdullrahmman/turtlesim_ws/install/turtlesim_interfaces/lib/libturtlesim_interfaces__rosidl_typesupport_introspection_cpp.so
[2.570s] -- Set runtime path of "/home/abdullrahmman/turtlesim_ws/install/turtlesim_interfaces/lib/libturtlesim_interfaces__rosidl_typesupport_introspection_cpp.so" to ""
[2.570s] -- Installing: /home/abdullrahmman/turtlesim_ws/install/turtlesim_interfaces/lib/libturtlesim_interfaces__rosidl_typesupport_cpp.so
[2.570s] -- Set runtime path of "/home/abdullrahmman/turtlesim_ws/install/turtlesim_interfaces/lib/libturtlesim_interfaces__rosidl_typesupport_cpp.so" to ""
[2.570s] -- Installing: /home/abdullrahmman/turtlesim_ws/install/turtlesim_interfaces/share/turtlesim_interfaces/environment/pythonpath.sh
[2.570s] -- Installing: /home/abdullrahmman/turtlesim_ws/install/turtlesim_interfaces/share/turtlesim_interfaces/environment/pythonpath.dsv
[2.570s] -- Installing: /home/abdullrahmman/turtlesim_ws/install/turtlesim_interfaces/local/lib/python3.10/dist-packages/turtlesim_interfaces-0.0.0-py3.10.egg-info
[2.571s] -- Installing: /home/abdullrahmman/turtlesim_ws/install/turtlesim_interfaces/local/lib/python3.10/dist-packages/turtlesim_interfaces-0.0.0-py3.10.egg-info/top_level.txt
[2.571s] -- Installing: /home/abdullrahmman/turtlesim_ws/install/turtlesim_interfaces/local/lib/python3.10/dist-packages/turtlesim_interfaces-0.0.0-py3.10.egg-info/SOURCES.txt
[2.571s] -- Installing: /home/abdullrahmman/turtlesim_ws/install/turtlesim_interfaces/local/lib/python3.10/dist-packages/turtlesim_interfaces-0.0.0-py3.10.egg-info/PKG-INFO
[2.571s] -- Installing: /home/abdullrahmman/turtlesim_ws/install/turtlesim_interfaces/local/lib/python3.10/dist-packages/turtlesim_interfaces-0.0.0-py3.10.egg-info/dependency_links.txt
[2.571s] -- Installing: /home/abdullrahmman/turtlesim_ws/install/turtlesim_interfaces/local/lib/python3.10/dist-packages/turtlesim_interfaces
[2.571s] -- Installing: /home/abdullrahmman/turtlesim_ws/install/turtlesim_interfaces/local/lib/python3.10/dist-packages/turtlesim_interfaces/__init__.py
[2.571s] -- Installing: /home/abdullrahmman/turtlesim_ws/install/turtlesim_interfaces/local/lib/python3.10/dist-packages/turtlesim_interfaces/turtlesim_interfaces_s__rosidl_typesupport_introspection_c.cpython-310-x86_64-linux-gnu.so
[2.571s] -- Installing: /home/abdullrahmman/turtlesim_ws/install/turtlesim_interfaces/local/lib/python3.10/dist-packages/turtlesim_interfaces/turtlesim_interfaces_s__rosidl_typesupport_fastrtps_c.cpython-310-x86_64-linux-gnu.so
[2.571s] -- Installing: /home/abdullrahmman/turtlesim_ws/install/turtlesim_interfaces/local/lib/python3.10/dist-packages/turtlesim_interfaces/turtlesim_interfaces_s__rosidl_typesupport_c.cpython-310-x86_64-linux-gnu.so
[2.571s] -- Installing: /home/abdullrahmman/turtlesim_ws/install/turtlesim_interfaces/local/lib/python3.10/dist-packages/turtlesim_interfaces/_turtlesim_interfaces_s.ep.rosidl_typesupport_c.c
[2.571s] -- Installing: /home/abdullrahmman/turtlesim_ws/install/turtlesim_interfaces/local/lib/python3.10/dist-packages/turtlesim_interfaces/_turtlesim_interfaces_s.ep.rosidl_typesupport_fastrtps_c.c
[2.571s] -- Installing: /home/abdullrahmman/turtlesim_ws/install/turtlesim_interfaces/local/lib/python3.10/dist-packages/turtlesim_interfaces/msg
[2.571s] -- Installing: /home/abdullrahmman/turtlesim_ws/install/turtlesim_interfaces/local/lib/python3.10/dist-packages/turtlesim_interfaces/msg/__init__.py
[2.572s] -- Installing: /home/abdullrahmman/turtlesim_ws/install/turtlesim_interfaces/local/lib/python3.10/dist-packages/turtlesim_interfaces/msg/_turtle_array.py
[2.572s] -- Installing: /home/abdullrahmman/turtlesim_ws/install/turtlesim_interfaces/local/lib/python3.10/dist-packages/turtlesim_interfaces/msg/_turtle_array_s.c
[2.572s] -- Installing: /home/abdullrahmman/turtlesim_ws/install/turtlesim_interfaces/local/lib/python3.10/dist-packages/turtlesim_interfaces/msg/_turtle_s.c
[2.572s] -- Installing: /home/abdullrahmman/turtlesim_ws/install/turtlesim_interfaces/local/lib/python3.10/dist-packages/turtlesim_interfaces/msg/_turtle.py
[2.572s] -- Installing: /home/abdullrahmman/turtlesim_ws/install/turtlesim_interfaces/local/lib/python3.10/dist-packages/turtlesim_interfaces/libturtlesim_interfaces__rosidl_generator_py.so
[2.572s] -- Installing: /home/abdullrahmman/turtlesim_ws/install/turtlesim_interfaces/local/lib/python3.10/dist-packages/turtlesim_interfaces/_turtlesim_interfaces_s.ep.rosidl_typesupport_introspection_c.c
[2.594s] Listing '/home/abdullrahmman/turtlesim_ws/install/turtlesim_interfaces/local/lib/python3.10/dist-packages/turtlesim_interfaces'...
[2.594s] Compiling '/home/abdullrahmman/turtlesim_ws/install/turtlesim_interfaces/local/lib/python3.10/dist-packages/turtlesim_interfaces/__init__.py'...
[2.594s] Listing '/home/abdullrahmman/turtlesim_ws/install/turtlesim_interfaces/local/lib/python3.10/dist-packages/turtlesim_interfaces/msg'...
[2.595s] Compiling '/home/abdullrahmman/turtlesim_ws/install/turtlesim_interfaces/local/lib/python3.10/dist-packages/turtlesim_interfaces/msg/__init__.py'...
[2.595s] Compiling '/home/abdullrahmman/turtlesim_ws/install/turtlesim_interfaces/local/lib/python3.10/dist-packages/turtlesim_interfaces/msg/_turtle.py'...
[2.595s] Compiling '/home/abdullrahmman/turtlesim_ws/install/turtlesim_interfaces/local/lib/python3.10/dist-packages/turtlesim_interfaces/msg/_turtle_array.py'...
[2.598s] -- Installing: /home/abdullrahmman/turtlesim_ws/install/turtlesim_interfaces/local/lib/python3.10/dist-packages/turtlesim_interfaces/turtlesim_interfaces_s__rosidl_typesupport_fastrtps_c.cpython-310-x86_64-linux-gnu.so
[2.598s] -- Set runtime path of "/home/abdullrahmman/turtlesim_ws/install/turtlesim_interfaces/local/lib/python3.10/dist-packages/turtlesim_interfaces/turtlesim_interfaces_s__rosidl_typesupport_fastrtps_c.cpython-310-x86_64-linux-gnu.so" to ""
[2.598s] -- Installing: /home/abdullrahmman/turtlesim_ws/install/turtlesim_interfaces/local/lib/python3.10/dist-packages/turtlesim_interfaces/turtlesim_interfaces_s__rosidl_typesupport_introspection_c.cpython-310-x86_64-linux-gnu.so
[2.598s] -- Set runtime path of "/home/abdullrahmman/turtlesim_ws/install/turtlesim_interfaces/local/lib/python3.10/dist-packages/turtlesim_interfaces/turtlesim_interfaces_s__rosidl_typesupport_introspection_c.cpython-310-x86_64-linux-gnu.so" to ""
[2.598s] -- Installing: /home/abdullrahmman/turtlesim_ws/install/turtlesim_interfaces/local/lib/python3.10/dist-packages/turtlesim_interfaces/turtlesim_interfaces_s__rosidl_typesupport_c.cpython-310-x86_64-linux-gnu.so
[2.598s] -- Set runtime path of "/home/abdullrahmman/turtlesim_ws/install/turtlesim_interfaces/local/lib/python3.10/dist-packages/turtlesim_interfaces/turtlesim_interfaces_s__rosidl_typesupport_c.cpython-310-x86_64-linux-gnu.so" to ""
[2.599s] -- Installing: /home/abdullrahmman/turtlesim_ws/install/turtlesim_interfaces/lib/libturtlesim_interfaces__rosidl_generator_py.so
[2.599s] -- Set runtime path of "/home/abdullrahmman/turtlesim_ws/install/turtlesim_interfaces/lib/libturtlesim_interfaces__rosidl_generator_py.so" to ""
[2.599s] -- Installing: /home/abdullrahmman/turtlesim_ws/install/turtlesim_interfaces/share/turtlesim_interfaces/msg/Turtle.idl
[2.599s] -- Installing: /home/abdullrahmman/turtlesim_ws/install/turtlesim_interfaces/share/turtlesim_interfaces/msg/TurtleArray.idl
[2.599s] -- Installing: /home/abdullrahmman/turtlesim_ws/install/turtlesim_interfaces/share/turtlesim_interfaces/msg/Turtle.msg
[2.599s] -- Installing: /home/abdullrahmman/turtlesim_ws/install/turtlesim_interfaces/share/turtlesim_interfaces/msg/TurtleArray.msg
[2.599s] -- Installing: /home/abdullrahmman/turtlesim_ws/install/turtlesim_interfaces/share/ament_index/resource_index/package_run_dependencies/turtlesim_interfaces
[2.599s] -- Installing: /home/abdullrahmman/turtlesim_ws/install/turtlesim_interfaces/share/ament_index/resource_index/parent_prefix_path/turtlesim_interfaces
[2.599s] -- Installing: /home/abdullrahmman/turtlesim_ws/install/turtlesim_interfaces/share/turtlesim_interfaces/environment/ament_prefix_path.sh
[2.599s] -- Installing: /home/abdullrahmman/turtlesim_ws/install/turtlesim_interfaces/share/turtlesim_interfaces/environment/ament_prefix_path.dsv
[2.600s] -- Installing: /home/abdullrahmman/turtlesim_ws/install/turtlesim_interfaces/share/turtlesim_interfaces/environment/path.sh
[2.600s] -- Installing: /home/abdullrahmman/turtlesim_ws/install/turtlesim_interfaces/share/turtlesim_interfaces/environment/path.dsv
[2.600s] -- Installing: /home/abdullrahmman/turtlesim_ws/install/turtlesim_interfaces/share/turtlesim_interfaces/local_setup.bash
[2.600s] -- Installing: /home/abdullrahmman/turtlesim_ws/install/turtlesim_interfaces/share/turtlesim_interfaces/local_setup.sh
[2.600s] -- Installing: /home/abdullrahmman/turtlesim_ws/install/turtlesim_interfaces/share/turtlesim_interfaces/local_setup.zsh
[2.600s] -- Installing: /home/abdullrahmman/turtlesim_ws/install/turtlesim_interfaces/share/turtlesim_interfaces/local_setup.dsv
[2.600s] -- Installing: /home/abdullrahmman/turtlesim_ws/install/turtlesim_interfaces/share/turtlesim_interfaces/package.dsv
[2.600s] -- Installing: /home/abdullrahmman/turtlesim_ws/install/turtlesim_interfaces/share/ament_index/resource_index/packages/turtlesim_interfaces
[2.600s] -- Installing: /home/abdullrahmman/turtlesim_ws/install/turtlesim_interfaces/share/turtlesim_interfaces/cmake/export_turtlesim_interfaces__rosidl_generator_cExport.cmake
[2.600s] -- Installing: /home/abdullrahmman/turtlesim_ws/install/turtlesim_interfaces/share/turtlesim_interfaces/cmake/export_turtlesim_interfaces__rosidl_generator_cExport-noconfig.cmake
[2.600s] -- Installing: /home/abdullrahmman/turtlesim_ws/install/turtlesim_interfaces/share/turtlesim_interfaces/cmake/export_turtlesim_interfaces__rosidl_typesupport_fastrtps_cExport.cmake
[2.600s] -- Installing: /home/abdullrahmman/turtlesim_ws/install/turtlesim_interfaces/share/turtlesim_interfaces/cmake/export_turtlesim_interfaces__rosidl_typesupport_fastrtps_cExport-noconfig.cmake
[2.601s] -- Installing: /home/abdullrahmman/turtlesim_ws/install/turtlesim_interfaces/share/turtlesim_interfaces/cmake/turtlesim_interfaces__rosidl_typesupport_introspection_cExport.cmake
[2.601s] -- Installing: /home/abdullrahmman/turtlesim_ws/install/turtlesim_interfaces/share/turtlesim_interfaces/cmake/turtlesim_interfaces__rosidl_typesupport_introspection_cExport-noconfig.cmake
[2.601s] -- Installing: /home/abdullrahmman/turtlesim_ws/install/turtlesim_interfaces/share/turtlesim_interfaces/cmake/turtlesim_interfaces__rosidl_typesupport_cExport.cmake
[2.601s] -- Installing: /home/abdullrahmman/turtlesim_ws/install/turtlesim_interfaces/share/turtlesim_interfaces/cmake/turtlesim_interfaces__rosidl_typesupport_cExport-noconfig.cmake
[2.601s] -- Installing: /home/abdullrahmman/turtlesim_ws/install/turtlesim_interfaces/share/turtlesim_interfaces/cmake/export_turtlesim_interfaces__rosidl_generator_cppExport.cmake
[2.601s] -- Installing: /home/abdullrahmman/turtlesim_ws/install/turtlesim_interfaces/share/turtlesim_interfaces/cmake/export_turtlesim_interfaces__rosidl_typesupport_fastrtps_cppExport.cmake
[2.601s] -- Installing: /home/abdullrahmman/turtlesim_ws/install/turtlesim_interfaces/share/turtlesim_interfaces/cmake/export_turtlesim_interfaces__rosidl_typesupport_fastrtps_cppExport-noconfig.cmake
[2.601s] -- Installing: /home/abdullrahmman/turtlesim_ws/install/turtlesim_interfaces/share/turtlesim_interfaces/cmake/turtlesim_interfaces__rosidl_typesupport_introspection_cppExport.cmake
[2.601s] -- Installing: /home/abdullrahmman/turtlesim_ws/install/turtlesim_interfaces/share/turtlesim_interfaces/cmake/turtlesim_interfaces__rosidl_typesupport_introspection_cppExport-noconfig.cmake
[2.601s] -- Installing: /home/abdullrahmman/turtlesim_ws/install/turtlesim_interfaces/share/turtlesim_interfaces/cmake/turtlesim_interfaces__rosidl_typesupport_cppExport.cmake
[2.601s] -- Installing: /home/abdullrahmman/turtlesim_ws/install/turtlesim_interfaces/share/turtlesim_interfaces/cmake/turtlesim_interfaces__rosidl_typesupport_cppExport-noconfig.cmake
[2.602s] -- Installing: /home/abdullrahmman/turtlesim_ws/install/turtlesim_interfaces/share/turtlesim_interfaces/cmake/export_turtlesim_interfaces__rosidl_generator_pyExport.cmake
[2.602s] -- Installing: /home/abdullrahmman/turtlesim_ws/install/turtlesim_interfaces/share/turtlesim_interfaces/cmake/export_turtlesim_interfaces__rosidl_generator_pyExport-noconfig.cmake
[2.602s] -- Installing: /home/abdullrahmman/turtlesim_ws/install/turtlesim_interfaces/share/turtlesim_interfaces/cmake/rosidl_cmake-extras.cmake
[2.602s] -- Installing: /home/abdullrahmman/turtlesim_ws/install/turtlesim_interfaces/share/turtlesim_interfaces/cmake/ament_cmake_export_include_directories-extras.cmake
[2.602s] -- Installing: /home/abdullrahmman/turtlesim_ws/install/turtlesim_interfaces/share/turtlesim_interfaces/cmake/ament_cmake_export_libraries-extras.cmake
[2.602s] -- Installing: /home/abdullrahmman/turtlesim_ws/install/turtlesim_interfaces/share/turtlesim_interfaces/cmake/ament_cmake_export_targets-extras.cmake
[2.602s] -- Installing: /home/abdullrahmman/turtlesim_ws/install/turtlesim_interfaces/share/turtlesim_interfaces/cmake/rosidl_cmake_export_typesupport_targets-extras.cmake
[2.602s] -- Installing: /home/abdullrahmman/turtlesim_ws/install/turtlesim_interfaces/share/turtlesim_interfaces/cmake/ament_cmake_export_dependencies-extras.cmake
[2.602s] -- Installing: /home/abdullrahmman/turtlesim_ws/install/turtlesim_interfaces/share/turtlesim_interfaces/cmake/rosidl_cmake_export_typesupport_libraries-extras.cmake
[2.602s] -- Installing: /home/abdullrahmman/turtlesim_ws/install/turtlesim_interfaces/share/turtlesim_interfaces/cmake/turtlesim_interfacesConfig.cmake
[2.602s] -- Installing: /home/abdullrahmman/turtlesim_ws/install/turtlesim_interfaces/share/turtlesim_interfaces/cmake/turtlesim_interfacesConfig-version.cmake
[2.602s] -- Installing: /home/abdullrahmman/turtlesim_ws/install/turtlesim_interfaces/share/turtlesim_interfaces/package.xml
[2.603s] Invoked command in '/home/abdullrahmman/turtlesim_ws/build/turtlesim_interfaces' returned '0': CMAKE_PREFIX_PATH=${CMAKE_PREFIX_PATH}:/home/abdullrahmman/ros2_ws/install/simple_py_pkg:/home/abdullrahmman/turtlesim_ws/install/turtlesim_py_pkg:/opt/ros/humble /usr/bin/cmake --install /home/abdullrahmman/turtlesim_ws/build/turtlesim_interfaces
