[0.009s] Invoking command in '/home/abdullrahmman/turtlesim_ws/build/turtlesim_interfaces': CMAKE_PREFIX_PATH=${CMAKE_PREFIX_PATH}:/home/abdullrahmman/ros2_ws/install/simple_py_pkg:/home/abdullrahmman/turtlesim_ws/install/turtlesim_py_pkg:/opt/ros/humble /usr/bin/cmake --build /home/abdullrahmman/turtlesim_ws/build/turtlesim_interfaces -- -j12 -l12
[0.066s] -- Found ament_cmake: 1.3.12 (/opt/ros/humble/share/ament_cmake/cmake)
[0.170s] -- Found rosidl_default_generators: 1.2.0 (/opt/ros/humble/share/rosidl_default_generators/cmake)
[0.172s] -- Using all available rosidl_typesupport_c: rosidl_typesupport_fastrtps_c;rosidl_typesupport_introspection_c
[0.174s] -- Found rosidl_adapter: 3.1.7 (/opt/ros/humble/share/rosidl_adapter/cmake)
[0.198s] -- Using all available rosidl_typesupport_cpp: rosidl_typesupport_fastrtps_cpp;rosidl_typesupport_introspection_cpp
[0.414s] -- Found ament_cmake_ros: 0.10.0 (/opt/ros/humble/share/ament_cmake_ros/cmake)
[0.546s] -- Using all available rosidl_typesupport_c: rosidl_typesupport_fastrtps_c;rosidl_typesupport_introspection_c
[0.713s] -- Using all available rosidl_typesupport_cpp: rosidl_typesupport_fastrtps_cpp;rosidl_typesupport_introspection_cpp
[0.730s] -- Found python_cmake_module: 0.10.0 (/opt/ros/humble/share/python_cmake_module/cmake)
[0.748s] -- Using PYTHON_EXECUTABLE: /usr/bin/python3
[0.748s] -- Using PYTHON_INCLUDE_DIRS: /usr/include/python3.10
[0.748s] -- Using PYTHON_LIBRARIES: /usr/lib/x86_64-linux-gnu/libpython3.10.so
[0.761s] -- Configuring done
[0.790s] -- Generating done
[0.796s] -- Build files have been written to: /home/abdullrahmman/turtlesim_ws/build/turtlesim_interfaces
[0.818s] [35m[1mConsolidate compiler generated dependencies of target turtlesim_interfaces__rosidl_generator_c[0m
[0.825s] [  2%] Built target turtlesim_interfaces__cpp
[0.832s] [ 12%] Built target turtlesim_interfaces__rosidl_generator_c
[0.838s] [35m[1mConsolidate compiler generated dependencies of target turtlesim_interfaces__rosidl_typesupport_cpp[0m
[0.839s] [35m[1mConsolidate compiler generated dependencies of target turtlesim_interfaces__rosidl_typesupport_fastrtps_cpp[0m
[0.840s] [ 12%] Built target ament_cmake_python_copy_turtlesim_interfaces
[0.843s] [35m[1mConsolidate compiler generated dependencies of target turtlesim_interfaces__rosidl_typesupport_introspection_cpp[0m
[0.847s] [35m[1mConsolidate compiler generated dependencies of target turtlesim_interfaces__rosidl_typesupport_introspection_c[0m
[0.849s] [35m[1mConsolidate compiler generated dependencies of target turtlesim_interfaces__rosidl_typesupport_c[0m
[0.850s] [35m[1mConsolidate compiler generated dependencies of target turtlesim_interfaces__rosidl_typesupport_fastrtps_c[0m
[0.855s] [ 23%] Built target turtlesim_interfaces__rosidl_typesupport_cpp
[0.858s] [ 34%] Built target turtlesim_interfaces__rosidl_typesupport_introspection_c
[0.859s] [ 44%] Built target turtlesim_interfaces__rosidl_typesupport_introspection_cpp
[0.860s] [ 55%] Built target turtlesim_interfaces__rosidl_typesupport_fastrtps_cpp
[0.862s] [ 65%] Built target turtlesim_interfaces__rosidl_typesupport_c
[0.864s] [ 76%] Built target turtlesim_interfaces__rosidl_typesupport_fastrtps_c
[0.882s] [ 76%] Built target turtlesim_interfaces
[0.900s] [ 78%] Built target turtlesim_interfaces__py
[0.909s] [35m[1mConsolidate compiler generated dependencies of target turtlesim_interfaces__rosidl_generator_py[0m
[0.923s] [ 87%] Built target turtlesim_interfaces__rosidl_generator_py
[0.932s] [35m[1mConsolidate compiler generated dependencies of target turtlesim_interfaces__rosidl_typesupport_introspection_c__pyext[0m
[0.934s] [35m[1mConsolidate compiler generated dependencies of target turtlesim_interfaces__rosidl_typesupport_fastrtps_c__pyext[0m
[0.934s] [35m[1mConsolidate compiler generated dependencies of target turtlesim_interfaces__rosidl_typesupport_c__pyext[0m
[0.944s] [ 91%] Built target turtlesim_interfaces__rosidl_typesupport_introspection_c__pyext
[0.948s] [100%] Built target turtlesim_interfaces__rosidl_typesupport_fastrtps_c__pyext
[0.948s] [100%] Built target turtlesim_interfaces__rosidl_typesupport_c__pyext
[1.008s] running egg_info
[1.008s] writing turtlesim_interfaces.egg-info/PKG-INFO
[1.008s] writing dependency_links to turtlesim_interfaces.egg-info/dependency_links.txt
[1.008s] writing top-level names to turtlesim_interfaces.egg-info/top_level.txt
[1.010s] reading manifest file 'turtlesim_interfaces.egg-info/SOURCES.txt'
[1.010s] writing manifest file 'turtlesim_interfaces.egg-info/SOURCES.txt'
[1.027s] [100%] Built target ament_cmake_python_build_turtlesim_interfaces_egg
[1.037s] Invoked command in '/home/abdullrahmman/turtlesim_ws/build/turtlesim_interfaces' returned '0': CMAKE_PREFIX_PATH=${CMAKE_PREFIX_PATH}:/home/abdullrahmman/ros2_ws/install/simple_py_pkg:/home/abdullrahmman/turtlesim_ws/install/turtlesim_py_pkg:/opt/ros/humble /usr/bin/cmake --build /home/abdullrahmman/turtlesim_ws/build/turtlesim_interfaces -- -j12 -l12
[1.049s] Invoking command in '/home/abdullrahmman/turtlesim_ws/build/turtlesim_interfaces': CMAKE_PREFIX_PATH=${CMAKE_PREFIX_PATH}:/home/abdullrahmman/ros2_ws/install/simple_py_pkg:/home/abdullrahmman/turtlesim_ws/install/turtlesim_py_pkg:/opt/ros/humble /usr/bin/cmake --install /home/abdullrahmman/turtlesim_ws/build/turtlesim_interfaces
[1.055s] -- Install configuration: ""
[1.055s] -- Up-to-date: /home/abdullrahmman/turtlesim_ws/install/turtlesim_interfaces/share/ament_index/resource_index/rosidl_interfaces/turtlesim_interfaces
[1.056s] -- Up-to-date: /home/abdullrahmman/turtlesim_ws/install/turtlesim_interfaces/include/turtlesim_interfaces/turtlesim_interfaces
[1.056s] -- Up-to-date: /home/abdullrahmman/turtlesim_ws/install/turtlesim_interfaces/include/turtlesim_interfaces/turtlesim_interfaces/srv
[1.056s] -- Up-to-date: /home/abdullrahmman/turtlesim_ws/install/turtlesim_interfaces/include/turtlesim_interfaces/turtlesim_interfaces/srv/detail
[1.056s] -- Up-to-date: /home/abdullrahmman/turtlesim_ws/install/turtlesim_interfaces/include/turtlesim_interfaces/turtlesim_interfaces/srv/detail/catch_turtle__functions.h
[1.056s] -- Up-to-date: /home/abdullrahmman/turtlesim_ws/install/turtlesim_interfaces/include/turtlesim_interfaces/turtlesim_interfaces/srv/detail/catch_turtle__functions.c
[1.056s] -- Up-to-date: /home/abdullrahmman/turtlesim_ws/install/turtlesim_interfaces/include/turtlesim_interfaces/turtlesim_interfaces/srv/detail/catch_turtle__struct.h
[1.057s] -- Up-to-date: /home/abdullrahmman/turtlesim_ws/install/turtlesim_interfaces/include/turtlesim_interfaces/turtlesim_interfaces/srv/detail/catch_turtle__type_support.h
[1.057s] -- Up-to-date: /home/abdullrahmman/turtlesim_ws/install/turtlesim_interfaces/include/turtlesim_interfaces/turtlesim_interfaces/srv/catch_turtle.h
[1.057s] -- Up-to-date: /home/abdullrahmman/turtlesim_ws/install/turtlesim_interfaces/include/turtlesim_interfaces/turtlesim_interfaces/msg
[1.057s] -- Up-to-date: /home/abdullrahmman/turtlesim_ws/install/turtlesim_interfaces/include/turtlesim_interfaces/turtlesim_interfaces/msg/turtle.h
[1.057s] -- Up-to-date: /home/abdullrahmman/turtlesim_ws/install/turtlesim_interfaces/include/turtlesim_interfaces/turtlesim_interfaces/msg/turtle_array.h
[1.057s] -- Up-to-date: /home/abdullrahmman/turtlesim_ws/install/turtlesim_interfaces/include/turtlesim_interfaces/turtlesim_interfaces/msg/detail
[1.057s] -- Up-to-date: /home/abdullrahmman/turtlesim_ws/install/turtlesim_interfaces/include/turtlesim_interfaces/turtlesim_interfaces/msg/detail/turtle__functions.h
[1.057s] -- Up-to-date: /home/abdullrahmman/turtlesim_ws/install/turtlesim_interfaces/include/turtlesim_interfaces/turtlesim_interfaces/msg/detail/turtle_array__struct.h
[1.057s] -- Up-to-date: /home/abdullrahmman/turtlesim_ws/install/turtlesim_interfaces/include/turtlesim_interfaces/turtlesim_interfaces/msg/detail/turtle__struct.h
[1.058s] -- Up-to-date: /home/abdullrahmman/turtlesim_ws/install/turtlesim_interfaces/include/turtlesim_interfaces/turtlesim_interfaces/msg/detail/turtle_array__functions.h
[1.058s] -- Up-to-date: /home/abdullrahmman/turtlesim_ws/install/turtlesim_interfaces/include/turtlesim_interfaces/turtlesim_interfaces/msg/detail/turtle_array__type_support.h
[1.058s] -- Up-to-date: /home/abdullrahmman/turtlesim_ws/install/turtlesim_interfaces/include/turtlesim_interfaces/turtlesim_interfaces/msg/detail/turtle__functions.c
[1.058s] -- Up-to-date: /home/abdullrahmman/turtlesim_ws/install/turtlesim_interfaces/include/turtlesim_interfaces/turtlesim_interfaces/msg/detail/turtle__type_support.h
[1.058s] -- Up-to-date: /home/abdullrahmman/turtlesim_ws/install/turtlesim_interfaces/include/turtlesim_interfaces/turtlesim_interfaces/msg/detail/turtle_array__functions.c
[1.058s] -- Up-to-date: /home/abdullrahmman/turtlesim_ws/install/turtlesim_interfaces/include/turtlesim_interfaces/turtlesim_interfaces/msg/rosidl_generator_c__visibility_control.h
[1.058s] -- Up-to-date: /home/abdullrahmman/turtlesim_ws/install/turtlesim_interfaces/share/turtlesim_interfaces/environment/library_path.sh
[1.058s] -- Installing: /home/abdullrahmman/turtlesim_ws/install/turtlesim_interfaces/share/turtlesim_interfaces/environment/library_path.dsv
[1.058s] -- Up-to-date: /home/abdullrahmman/turtlesim_ws/install/turtlesim_interfaces/lib/libturtlesim_interfaces__rosidl_generator_c.so
[1.058s] -- Up-to-date: /home/abdullrahmman/turtlesim_ws/install/turtlesim_interfaces/include/turtlesim_interfaces/turtlesim_interfaces
[1.058s] -- Up-to-date: /home/abdullrahmman/turtlesim_ws/install/turtlesim_interfaces/include/turtlesim_interfaces/turtlesim_interfaces/srv
[1.058s] -- Up-to-date: /home/abdullrahmman/turtlesim_ws/install/turtlesim_interfaces/include/turtlesim_interfaces/turtlesim_interfaces/srv/detail
[1.058s] -- Up-to-date: /home/abdullrahmman/turtlesim_ws/install/turtlesim_interfaces/include/turtlesim_interfaces/turtlesim_interfaces/srv/detail/catch_turtle__rosidl_typesupport_fastrtps_c.h
[1.058s] -- Up-to-date: /home/abdullrahmman/turtlesim_ws/install/turtlesim_interfaces/include/turtlesim_interfaces/turtlesim_interfaces/msg
[1.058s] -- Up-to-date: /home/abdullrahmman/turtlesim_ws/install/turtlesim_interfaces/include/turtlesim_interfaces/turtlesim_interfaces/msg/rosidl_typesupport_fastrtps_c__visibility_control.h
[1.058s] -- Up-to-date: /home/abdullrahmman/turtlesim_ws/install/turtlesim_interfaces/include/turtlesim_interfaces/turtlesim_interfaces/msg/detail
[1.058s] -- Up-to-date: /home/abdullrahmman/turtlesim_ws/install/turtlesim_interfaces/include/turtlesim_interfaces/turtlesim_interfaces/msg/detail/turtle__rosidl_typesupport_fastrtps_c.h
[1.058s] -- Up-to-date: /home/abdullrahmman/turtlesim_ws/install/turtlesim_interfaces/include/turtlesim_interfaces/turtlesim_interfaces/msg/detail/turtle_array__rosidl_typesupport_fastrtps_c.h
[1.058s] -- Up-to-date: /home/abdullrahmman/turtlesim_ws/install/turtlesim_interfaces/lib/libturtlesim_interfaces__rosidl_typesupport_fastrtps_c.so
[1.058s] -- Up-to-date: /home/abdullrahmman/turtlesim_ws/install/turtlesim_interfaces/include/turtlesim_interfaces/turtlesim_interfaces
[1.059s] -- Up-to-date: /home/abdullrahmman/turtlesim_ws/install/turtlesim_interfaces/include/turtlesim_interfaces/turtlesim_interfaces/srv
[1.059s] -- Up-to-date: /home/abdullrahmman/turtlesim_ws/install/turtlesim_interfaces/include/turtlesim_interfaces/turtlesim_interfaces/srv/detail
[1.059s] -- Up-to-date: /home/abdullrahmman/turtlesim_ws/install/turtlesim_interfaces/include/turtlesim_interfaces/turtlesim_interfaces/srv/detail/catch_turtle__rosidl_typesupport_introspection_c.h
[1.059s] -- Up-to-date: /home/abdullrahmman/turtlesim_ws/install/turtlesim_interfaces/include/turtlesim_interfaces/turtlesim_interfaces/srv/detail/catch_turtle__type_support.c
[1.059s] -- Up-to-date: /home/abdullrahmman/turtlesim_ws/install/turtlesim_interfaces/include/turtlesim_interfaces/turtlesim_interfaces/msg
[1.059s] -- Up-to-date: /home/abdullrahmman/turtlesim_ws/install/turtlesim_interfaces/include/turtlesim_interfaces/turtlesim_interfaces/msg/detail
[1.059s] -- Up-to-date: /home/abdullrahmman/turtlesim_ws/install/turtlesim_interfaces/include/turtlesim_interfaces/turtlesim_interfaces/msg/detail/turtle_array__rosidl_typesupport_introspection_c.h
[1.059s] -- Up-to-date: /home/abdullrahmman/turtlesim_ws/install/turtlesim_interfaces/include/turtlesim_interfaces/turtlesim_interfaces/msg/detail/turtle__rosidl_typesupport_introspection_c.h
[1.059s] -- Up-to-date: /home/abdullrahmman/turtlesim_ws/install/turtlesim_interfaces/include/turtlesim_interfaces/turtlesim_interfaces/msg/detail/turtle_array__type_support.c
[1.059s] -- Up-to-date: /home/abdullrahmman/turtlesim_ws/install/turtlesim_interfaces/include/turtlesim_interfaces/turtlesim_interfaces/msg/detail/turtle__type_support.c
[1.059s] -- Up-to-date: /home/abdullrahmman/turtlesim_ws/install/turtlesim_interfaces/include/turtlesim_interfaces/turtlesim_interfaces/msg/rosidl_typesupport_introspection_c__visibility_control.h
[1.059s] -- Up-to-date: /home/abdullrahmman/turtlesim_ws/install/turtlesim_interfaces/lib/libturtlesim_interfaces__rosidl_typesupport_introspection_c.so
[1.060s] -- Up-to-date: /home/abdullrahmman/turtlesim_ws/install/turtlesim_interfaces/lib/libturtlesim_interfaces__rosidl_typesupport_c.so
[1.060s] -- Up-to-date: /home/abdullrahmman/turtlesim_ws/install/turtlesim_interfaces/include/turtlesim_interfaces/turtlesim_interfaces
[1.060s] -- Up-to-date: /home/abdullrahmman/turtlesim_ws/install/turtlesim_interfaces/include/turtlesim_interfaces/turtlesim_interfaces/srv
[1.060s] -- Up-to-date: /home/abdullrahmman/turtlesim_ws/install/turtlesim_interfaces/include/turtlesim_interfaces/turtlesim_interfaces/srv/catch_turtle.hpp
[1.060s] -- Up-to-date: /home/abdullrahmman/turtlesim_ws/install/turtlesim_interfaces/include/turtlesim_interfaces/turtlesim_interfaces/srv/detail
[1.060s] -- Up-to-date: /home/abdullrahmman/turtlesim_ws/install/turtlesim_interfaces/include/turtlesim_interfaces/turtlesim_interfaces/srv/detail/catch_turtle__type_support.hpp
[1.060s] -- Up-to-date: /home/abdullrahmman/turtlesim_ws/install/turtlesim_interfaces/include/turtlesim_interfaces/turtlesim_interfaces/srv/detail/catch_turtle__builder.hpp
[1.060s] -- Up-to-date: /home/abdullrahmman/turtlesim_ws/install/turtlesim_interfaces/include/turtlesim_interfaces/turtlesim_interfaces/srv/detail/catch_turtle__traits.hpp
[1.060s] -- Up-to-date: /home/abdullrahmman/turtlesim_ws/install/turtlesim_interfaces/include/turtlesim_interfaces/turtlesim_interfaces/srv/detail/catch_turtle__struct.hpp
[1.060s] -- Up-to-date: /home/abdullrahmman/turtlesim_ws/install/turtlesim_interfaces/include/turtlesim_interfaces/turtlesim_interfaces/msg
[1.060s] -- Up-to-date: /home/abdullrahmman/turtlesim_ws/install/turtlesim_interfaces/include/turtlesim_interfaces/turtlesim_interfaces/msg/rosidl_generator_cpp__visibility_control.hpp
[1.060s] -- Up-to-date: /home/abdullrahmman/turtlesim_ws/install/turtlesim_interfaces/include/turtlesim_interfaces/turtlesim_interfaces/msg/detail
[1.060s] -- Up-to-date: /home/abdullrahmman/turtlesim_ws/install/turtlesim_interfaces/include/turtlesim_interfaces/turtlesim_interfaces/msg/detail/turtle__type_support.hpp
[1.060s] -- Up-to-date: /home/abdullrahmman/turtlesim_ws/install/turtlesim_interfaces/include/turtlesim_interfaces/turtlesim_interfaces/msg/detail/turtle_array__traits.hpp
[1.060s] -- Up-to-date: /home/abdullrahmman/turtlesim_ws/install/turtlesim_interfaces/include/turtlesim_interfaces/turtlesim_interfaces/msg/detail/turtle_array__type_support.hpp
[1.060s] -- Up-to-date: /home/abdullrahmman/turtlesim_ws/install/turtlesim_interfaces/include/turtlesim_interfaces/turtlesim_interfaces/msg/detail/turtle__builder.hpp
[1.060s] -- Up-to-date: /home/abdullrahmman/turtlesim_ws/install/turtlesim_interfaces/include/turtlesim_interfaces/turtlesim_interfaces/msg/detail/turtle__struct.hpp
[1.060s] -- Up-to-date: /home/abdullrahmman/turtlesim_ws/install/turtlesim_interfaces/include/turtlesim_interfaces/turtlesim_interfaces/msg/detail/turtle_array__struct.hpp
[1.060s] -- Up-to-date: /home/abdullrahmman/turtlesim_ws/install/turtlesim_interfaces/include/turtlesim_interfaces/turtlesim_interfaces/msg/detail/turtle_array__builder.hpp
[1.061s] -- Up-to-date: /home/abdullrahmman/turtlesim_ws/install/turtlesim_interfaces/include/turtlesim_interfaces/turtlesim_interfaces/msg/detail/turtle__traits.hpp
[1.061s] -- Up-to-date: /home/abdullrahmman/turtlesim_ws/install/turtlesim_interfaces/include/turtlesim_interfaces/turtlesim_interfaces/msg/turtle.hpp
[1.061s] -- Up-to-date: /home/abdullrahmman/turtlesim_ws/install/turtlesim_interfaces/include/turtlesim_interfaces/turtlesim_interfaces/msg/turtle_array.hpp
[1.061s] -- Up-to-date: /home/abdullrahmman/turtlesim_ws/install/turtlesim_interfaces/include/turtlesim_interfaces/turtlesim_interfaces
[1.061s] -- Up-to-date: /home/abdullrahmman/turtlesim_ws/install/turtlesim_interfaces/include/turtlesim_interfaces/turtlesim_interfaces/srv
[1.061s] -- Up-to-date: /home/abdullrahmman/turtlesim_ws/install/turtlesim_interfaces/include/turtlesim_interfaces/turtlesim_interfaces/srv/detail
[1.061s] -- Up-to-date: /home/abdullrahmman/turtlesim_ws/install/turtlesim_interfaces/include/turtlesim_interfaces/turtlesim_interfaces/srv/detail/catch_turtle__rosidl_typesupport_fastrtps_cpp.hpp
[1.061s] -- Up-to-date: /home/abdullrahmman/turtlesim_ws/install/turtlesim_interfaces/include/turtlesim_interfaces/turtlesim_interfaces/srv/detail/dds_fastrtps
[1.061s] -- Up-to-date: /home/abdullrahmman/turtlesim_ws/install/turtlesim_interfaces/include/turtlesim_interfaces/turtlesim_interfaces/msg
[1.061s] -- Up-to-date: /home/abdullrahmman/turtlesim_ws/install/turtlesim_interfaces/include/turtlesim_interfaces/turtlesim_interfaces/msg/rosidl_typesupport_fastrtps_cpp__visibility_control.h
[1.061s] -- Up-to-date: /home/abdullrahmman/turtlesim_ws/install/turtlesim_interfaces/include/turtlesim_interfaces/turtlesim_interfaces/msg/detail
[1.061s] -- Up-to-date: /home/abdullrahmman/turtlesim_ws/install/turtlesim_interfaces/include/turtlesim_interfaces/turtlesim_interfaces/msg/detail/turtle_array__rosidl_typesupport_fastrtps_cpp.hpp
[1.061s] -- Up-to-date: /home/abdullrahmman/turtlesim_ws/install/turtlesim_interfaces/include/turtlesim_interfaces/turtlesim_interfaces/msg/detail/turtle__rosidl_typesupport_fastrtps_cpp.hpp
[1.061s] -- Up-to-date: /home/abdullrahmman/turtlesim_ws/install/turtlesim_interfaces/include/turtlesim_interfaces/turtlesim_interfaces/msg/detail/dds_fastrtps
[1.061s] -- Up-to-date: /home/abdullrahmman/turtlesim_ws/install/turtlesim_interfaces/lib/libturtlesim_interfaces__rosidl_typesupport_fastrtps_cpp.so
[1.061s] -- Up-to-date: /home/abdullrahmman/turtlesim_ws/install/turtlesim_interfaces/include/turtlesim_interfaces/turtlesim_interfaces
[1.062s] -- Up-to-date: /home/abdullrahmman/turtlesim_ws/install/turtlesim_interfaces/include/turtlesim_interfaces/turtlesim_interfaces/srv
[1.062s] -- Up-to-date: /home/abdullrahmman/turtlesim_ws/install/turtlesim_interfaces/include/turtlesim_interfaces/turtlesim_interfaces/srv/detail
[1.062s] -- Up-to-date: /home/abdullrahmman/turtlesim_ws/install/turtlesim_interfaces/include/turtlesim_interfaces/turtlesim_interfaces/srv/detail/catch_turtle__type_support.cpp
[1.062s] -- Up-to-date: /home/abdullrahmman/turtlesim_ws/install/turtlesim_interfaces/include/turtlesim_interfaces/turtlesim_interfaces/srv/detail/catch_turtle__rosidl_typesupport_introspection_cpp.hpp
[1.062s] -- Up-to-date: /home/abdullrahmman/turtlesim_ws/install/turtlesim_interfaces/include/turtlesim_interfaces/turtlesim_interfaces/msg
[1.062s] -- Up-to-date: /home/abdullrahmman/turtlesim_ws/install/turtlesim_interfaces/include/turtlesim_interfaces/turtlesim_interfaces/msg/detail
[1.062s] -- Up-to-date: /home/abdullrahmman/turtlesim_ws/install/turtlesim_interfaces/include/turtlesim_interfaces/turtlesim_interfaces/msg/detail/turtle__rosidl_typesupport_introspection_cpp.hpp
[1.062s] -- Up-to-date: /home/abdullrahmman/turtlesim_ws/install/turtlesim_interfaces/include/turtlesim_interfaces/turtlesim_interfaces/msg/detail/turtle_array__rosidl_typesupport_introspection_cpp.hpp
[1.062s] -- Up-to-date: /home/abdullrahmman/turtlesim_ws/install/turtlesim_interfaces/include/turtlesim_interfaces/turtlesim_interfaces/msg/detail/turtle__type_support.cpp
[1.062s] -- Up-to-date: /home/abdullrahmman/turtlesim_ws/install/turtlesim_interfaces/include/turtlesim_interfaces/turtlesim_interfaces/msg/detail/turtle_array__type_support.cpp
[1.062s] -- Up-to-date: /home/abdullrahmman/turtlesim_ws/install/turtlesim_interfaces/lib/libturtlesim_interfaces__rosidl_typesupport_introspection_cpp.so
[1.063s] -- Up-to-date: /home/abdullrahmman/turtlesim_ws/install/turtlesim_interfaces/lib/libturtlesim_interfaces__rosidl_typesupport_cpp.so
[1.063s] -- Up-to-date: /home/abdullrahmman/turtlesim_ws/install/turtlesim_interfaces/share/turtlesim_interfaces/environment/pythonpath.sh
[1.063s] -- Installing: /home/abdullrahmman/turtlesim_ws/install/turtlesim_interfaces/share/turtlesim_interfaces/environment/pythonpath.dsv
[1.063s] -- Up-to-date: /home/abdullrahmman/turtlesim_ws/install/turtlesim_interfaces/local/lib/python3.10/dist-packages/turtlesim_interfaces-0.0.0-py3.10.egg-info
[1.063s] -- Installing: /home/abdullrahmman/turtlesim_ws/install/turtlesim_interfaces/local/lib/python3.10/dist-packages/turtlesim_interfaces-0.0.0-py3.10.egg-info/top_level.txt
[1.063s] -- Installing: /home/abdullrahmman/turtlesim_ws/install/turtlesim_interfaces/local/lib/python3.10/dist-packages/turtlesim_interfaces-0.0.0-py3.10.egg-info/SOURCES.txt
[1.063s] -- Installing: /home/abdullrahmman/turtlesim_ws/install/turtlesim_interfaces/local/lib/python3.10/dist-packages/turtlesim_interfaces-0.0.0-py3.10.egg-info/PKG-INFO
[1.063s] -- Installing: /home/abdullrahmman/turtlesim_ws/install/turtlesim_interfaces/local/lib/python3.10/dist-packages/turtlesim_interfaces-0.0.0-py3.10.egg-info/dependency_links.txt
[1.063s] -- Up-to-date: /home/abdullrahmman/turtlesim_ws/install/turtlesim_interfaces/local/lib/python3.10/dist-packages/turtlesim_interfaces
[1.063s] -- Up-to-date: /home/abdullrahmman/turtlesim_ws/install/turtlesim_interfaces/local/lib/python3.10/dist-packages/turtlesim_interfaces/srv
[1.063s] -- Up-to-date: /home/abdullrahmman/turtlesim_ws/install/turtlesim_interfaces/local/lib/python3.10/dist-packages/turtlesim_interfaces/srv/__init__.py
[1.063s] -- Up-to-date: /home/abdullrahmman/turtlesim_ws/install/turtlesim_interfaces/local/lib/python3.10/dist-packages/turtlesim_interfaces/srv/_catch_turtle_s.c
[1.063s] -- Up-to-date: /home/abdullrahmman/turtlesim_ws/install/turtlesim_interfaces/local/lib/python3.10/dist-packages/turtlesim_interfaces/srv/_catch_turtle.py
[1.063s] -- Installing: /home/abdullrahmman/turtlesim_ws/install/turtlesim_interfaces/local/lib/python3.10/dist-packages/turtlesim_interfaces/__init__.py
[1.063s] -- Up-to-date: /home/abdullrahmman/turtlesim_ws/install/turtlesim_interfaces/local/lib/python3.10/dist-packages/turtlesim_interfaces/turtlesim_interfaces_s__rosidl_typesupport_introspection_c.cpython-310-x86_64-linux-gnu.so
[1.063s] -- Up-to-date: /home/abdullrahmman/turtlesim_ws/install/turtlesim_interfaces/local/lib/python3.10/dist-packages/turtlesim_interfaces/turtlesim_interfaces_s__rosidl_typesupport_fastrtps_c.cpython-310-x86_64-linux-gnu.so
[1.063s] -- Up-to-date: /home/abdullrahmman/turtlesim_ws/install/turtlesim_interfaces/local/lib/python3.10/dist-packages/turtlesim_interfaces/turtlesim_interfaces_s__rosidl_typesupport_c.cpython-310-x86_64-linux-gnu.so
[1.063s] -- Up-to-date: /home/abdullrahmman/turtlesim_ws/install/turtlesim_interfaces/local/lib/python3.10/dist-packages/turtlesim_interfaces/_turtlesim_interfaces_s.ep.rosidl_typesupport_c.c
[1.064s] -- Up-to-date: /home/abdullrahmman/turtlesim_ws/install/turtlesim_interfaces/local/lib/python3.10/dist-packages/turtlesim_interfaces/_turtlesim_interfaces_s.ep.rosidl_typesupport_fastrtps_c.c
[1.064s] -- Up-to-date: /home/abdullrahmman/turtlesim_ws/install/turtlesim_interfaces/local/lib/python3.10/dist-packages/turtlesim_interfaces/msg
[1.064s] -- Up-to-date: /home/abdullrahmman/turtlesim_ws/install/turtlesim_interfaces/local/lib/python3.10/dist-packages/turtlesim_interfaces/msg/__init__.py
[1.064s] -- Up-to-date: /home/abdullrahmman/turtlesim_ws/install/turtlesim_interfaces/local/lib/python3.10/dist-packages/turtlesim_interfaces/msg/_turtle_array.py
[1.064s] -- Up-to-date: /home/abdullrahmman/turtlesim_ws/install/turtlesim_interfaces/local/lib/python3.10/dist-packages/turtlesim_interfaces/msg/_turtle_array_s.c
[1.064s] -- Up-to-date: /home/abdullrahmman/turtlesim_ws/install/turtlesim_interfaces/local/lib/python3.10/dist-packages/turtlesim_interfaces/msg/_turtle_s.c
[1.064s] -- Up-to-date: /home/abdullrahmman/turtlesim_ws/install/turtlesim_interfaces/local/lib/python3.10/dist-packages/turtlesim_interfaces/msg/_turtle.py
[1.064s] -- Up-to-date: /home/abdullrahmman/turtlesim_ws/install/turtlesim_interfaces/local/lib/python3.10/dist-packages/turtlesim_interfaces/libturtlesim_interfaces__rosidl_generator_py.so
[1.064s] -- Up-to-date: /home/abdullrahmman/turtlesim_ws/install/turtlesim_interfaces/local/lib/python3.10/dist-packages/turtlesim_interfaces/_turtlesim_interfaces_s.ep.rosidl_typesupport_introspection_c.c
[1.087s] Listing '/home/abdullrahmman/turtlesim_ws/install/turtlesim_interfaces/local/lib/python3.10/dist-packages/turtlesim_interfaces'...
[1.087s] Compiling '/home/abdullrahmman/turtlesim_ws/install/turtlesim_interfaces/local/lib/python3.10/dist-packages/turtlesim_interfaces/__init__.py'...
[1.087s] Listing '/home/abdullrahmman/turtlesim_ws/install/turtlesim_interfaces/local/lib/python3.10/dist-packages/turtlesim_interfaces/msg'...
[1.088s] Listing '/home/abdullrahmman/turtlesim_ws/install/turtlesim_interfaces/local/lib/python3.10/dist-packages/turtlesim_interfaces/srv'...
[1.091s] -- Up-to-date: /home/abdullrahmman/turtlesim_ws/install/turtlesim_interfaces/local/lib/python3.10/dist-packages/turtlesim_interfaces/turtlesim_interfaces_s__rosidl_typesupport_fastrtps_c.cpython-310-x86_64-linux-gnu.so
[1.091s] -- Up-to-date: /home/abdullrahmman/turtlesim_ws/install/turtlesim_interfaces/local/lib/python3.10/dist-packages/turtlesim_interfaces/turtlesim_interfaces_s__rosidl_typesupport_introspection_c.cpython-310-x86_64-linux-gnu.so
[1.091s] -- Up-to-date: /home/abdullrahmman/turtlesim_ws/install/turtlesim_interfaces/local/lib/python3.10/dist-packages/turtlesim_interfaces/turtlesim_interfaces_s__rosidl_typesupport_c.cpython-310-x86_64-linux-gnu.so
[1.091s] -- Up-to-date: /home/abdullrahmman/turtlesim_ws/install/turtlesim_interfaces/lib/libturtlesim_interfaces__rosidl_generator_py.so
[1.091s] -- Up-to-date: /home/abdullrahmman/turtlesim_ws/install/turtlesim_interfaces/share/turtlesim_interfaces/msg/Turtle.idl
[1.091s] -- Up-to-date: /home/abdullrahmman/turtlesim_ws/install/turtlesim_interfaces/share/turtlesim_interfaces/msg/TurtleArray.idl
[1.092s] -- Up-to-date: /home/abdullrahmman/turtlesim_ws/install/turtlesim_interfaces/share/turtlesim_interfaces/srv/CatchTurtle.idl
[1.092s] -- Installing: /home/abdullrahmman/turtlesim_ws/install/turtlesim_interfaces/share/turtlesim_interfaces/msg/Turtle.msg
[1.092s] -- Up-to-date: /home/abdullrahmman/turtlesim_ws/install/turtlesim_interfaces/share/turtlesim_interfaces/msg/TurtleArray.msg
[1.092s] -- Installing: /home/abdullrahmman/turtlesim_ws/install/turtlesim_interfaces/share/turtlesim_interfaces/srv/CatchTurtle.srv
[1.092s] -- Up-to-date: /home/abdullrahmman/turtlesim_ws/install/turtlesim_interfaces/share/turtlesim_interfaces/srv/CatchTurtle_Request.msg
[1.092s] -- Up-to-date: /home/abdullrahmman/turtlesim_ws/install/turtlesim_interfaces/share/turtlesim_interfaces/srv/CatchTurtle_Response.msg
[1.092s] -- Up-to-date: /home/abdullrahmman/turtlesim_ws/install/turtlesim_interfaces/share/ament_index/resource_index/package_run_dependencies/turtlesim_interfaces
[1.092s] -- Up-to-date: /home/abdullrahmman/turtlesim_ws/install/turtlesim_interfaces/share/ament_index/resource_index/parent_prefix_path/turtlesim_interfaces
[1.092s] -- Up-to-date: /home/abdullrahmman/turtlesim_ws/install/turtlesim_interfaces/share/turtlesim_interfaces/environment/ament_prefix_path.sh
[1.092s] -- Installing: /home/abdullrahmman/turtlesim_ws/install/turtlesim_interfaces/share/turtlesim_interfaces/environment/ament_prefix_path.dsv
[1.092s] -- Up-to-date: /home/abdullrahmman/turtlesim_ws/install/turtlesim_interfaces/share/turtlesim_interfaces/environment/path.sh
[1.092s] -- Installing: /home/abdullrahmman/turtlesim_ws/install/turtlesim_interfaces/share/turtlesim_interfaces/environment/path.dsv
[1.092s] -- Up-to-date: /home/abdullrahmman/turtlesim_ws/install/turtlesim_interfaces/share/turtlesim_interfaces/local_setup.bash
[1.093s] -- Up-to-date: /home/abdullrahmman/turtlesim_ws/install/turtlesim_interfaces/share/turtlesim_interfaces/local_setup.sh
[1.093s] -- Up-to-date: /home/abdullrahmman/turtlesim_ws/install/turtlesim_interfaces/share/turtlesim_interfaces/local_setup.zsh
[1.093s] -- Installing: /home/abdullrahmman/turtlesim_ws/install/turtlesim_interfaces/share/turtlesim_interfaces/local_setup.dsv
[1.093s] -- Installing: /home/abdullrahmman/turtlesim_ws/install/turtlesim_interfaces/share/turtlesim_interfaces/package.dsv
[1.093s] -- Up-to-date: /home/abdullrahmman/turtlesim_ws/install/turtlesim_interfaces/share/ament_index/resource_index/packages/turtlesim_interfaces
[1.093s] -- Up-to-date: /home/abdullrahmman/turtlesim_ws/install/turtlesim_interfaces/share/turtlesim_interfaces/cmake/export_turtlesim_interfaces__rosidl_generator_cExport.cmake
[1.093s] -- Up-to-date: /home/abdullrahmman/turtlesim_ws/install/turtlesim_interfaces/share/turtlesim_interfaces/cmake/export_turtlesim_interfaces__rosidl_generator_cExport-noconfig.cmake
[1.093s] -- Up-to-date: /home/abdullrahmman/turtlesim_ws/install/turtlesim_interfaces/share/turtlesim_interfaces/cmake/export_turtlesim_interfaces__rosidl_typesupport_fastrtps_cExport.cmake
[1.093s] -- Up-to-date: /home/abdullrahmman/turtlesim_ws/install/turtlesim_interfaces/share/turtlesim_interfaces/cmake/export_turtlesim_interfaces__rosidl_typesupport_fastrtps_cExport-noconfig.cmake
[1.093s] -- Up-to-date: /home/abdullrahmman/turtlesim_ws/install/turtlesim_interfaces/share/turtlesim_interfaces/cmake/turtlesim_interfaces__rosidl_typesupport_introspection_cExport.cmake
[1.093s] -- Up-to-date: /home/abdullrahmman/turtlesim_ws/install/turtlesim_interfaces/share/turtlesim_interfaces/cmake/turtlesim_interfaces__rosidl_typesupport_introspection_cExport-noconfig.cmake
[1.093s] -- Up-to-date: /home/abdullrahmman/turtlesim_ws/install/turtlesim_interfaces/share/turtlesim_interfaces/cmake/turtlesim_interfaces__rosidl_typesupport_cExport.cmake
[1.093s] -- Up-to-date: /home/abdullrahmman/turtlesim_ws/install/turtlesim_interfaces/share/turtlesim_interfaces/cmake/turtlesim_interfaces__rosidl_typesupport_cExport-noconfig.cmake
[1.094s] -- Up-to-date: /home/abdullrahmman/turtlesim_ws/install/turtlesim_interfaces/share/turtlesim_interfaces/cmake/export_turtlesim_interfaces__rosidl_generator_cppExport.cmake
[1.094s] -- Up-to-date: /home/abdullrahmman/turtlesim_ws/install/turtlesim_interfaces/share/turtlesim_interfaces/cmake/export_turtlesim_interfaces__rosidl_typesupport_fastrtps_cppExport.cmake
[1.094s] -- Up-to-date: /home/abdullrahmman/turtlesim_ws/install/turtlesim_interfaces/share/turtlesim_interfaces/cmake/export_turtlesim_interfaces__rosidl_typesupport_fastrtps_cppExport-noconfig.cmake
[1.094s] -- Up-to-date: /home/abdullrahmman/turtlesim_ws/install/turtlesim_interfaces/share/turtlesim_interfaces/cmake/turtlesim_interfaces__rosidl_typesupport_introspection_cppExport.cmake
[1.094s] -- Up-to-date: /home/abdullrahmman/turtlesim_ws/install/turtlesim_interfaces/share/turtlesim_interfaces/cmake/turtlesim_interfaces__rosidl_typesupport_introspection_cppExport-noconfig.cmake
[1.094s] -- Up-to-date: /home/abdullrahmman/turtlesim_ws/install/turtlesim_interfaces/share/turtlesim_interfaces/cmake/turtlesim_interfaces__rosidl_typesupport_cppExport.cmake
[1.094s] -- Up-to-date: /home/abdullrahmman/turtlesim_ws/install/turtlesim_interfaces/share/turtlesim_interfaces/cmake/turtlesim_interfaces__rosidl_typesupport_cppExport-noconfig.cmake
[1.094s] -- Up-to-date: /home/abdullrahmman/turtlesim_ws/install/turtlesim_interfaces/share/turtlesim_interfaces/cmake/export_turtlesim_interfaces__rosidl_generator_pyExport.cmake
[1.094s] -- Up-to-date: /home/abdullrahmman/turtlesim_ws/install/turtlesim_interfaces/share/turtlesim_interfaces/cmake/export_turtlesim_interfaces__rosidl_generator_pyExport-noconfig.cmake
[1.094s] -- Up-to-date: /home/abdullrahmman/turtlesim_ws/install/turtlesim_interfaces/share/turtlesim_interfaces/cmake/rosidl_cmake-extras.cmake
[1.094s] -- Up-to-date: /home/abdullrahmman/turtlesim_ws/install/turtlesim_interfaces/share/turtlesim_interfaces/cmake/ament_cmake_export_include_directories-extras.cmake
[1.094s] -- Up-to-date: /home/abdullrahmman/turtlesim_ws/install/turtlesim_interfaces/share/turtlesim_interfaces/cmake/ament_cmake_export_libraries-extras.cmake
[1.094s] -- Up-to-date: /home/abdullrahmman/turtlesim_ws/install/turtlesim_interfaces/share/turtlesim_interfaces/cmake/ament_cmake_export_targets-extras.cmake
[1.094s] -- Up-to-date: /home/abdullrahmman/turtlesim_ws/install/turtlesim_interfaces/share/turtlesim_interfaces/cmake/rosidl_cmake_export_typesupport_targets-extras.cmake
[1.095s] -- Up-to-date: /home/abdullrahmman/turtlesim_ws/install/turtlesim_interfaces/share/turtlesim_interfaces/cmake/ament_cmake_export_dependencies-extras.cmake
[1.095s] -- Up-to-date: /home/abdullrahmman/turtlesim_ws/install/turtlesim_interfaces/share/turtlesim_interfaces/cmake/rosidl_cmake_export_typesupport_libraries-extras.cmake
[1.095s] -- Up-to-date: /home/abdullrahmman/turtlesim_ws/install/turtlesim_interfaces/share/turtlesim_interfaces/cmake/turtlesim_interfacesConfig.cmake
[1.095s] -- Up-to-date: /home/abdullrahmman/turtlesim_ws/install/turtlesim_interfaces/share/turtlesim_interfaces/cmake/turtlesim_interfacesConfig-version.cmake
[1.095s] -- Installing: /home/abdullrahmman/turtlesim_ws/install/turtlesim_interfaces/share/turtlesim_interfaces/package.xml
[1.096s] Invoked command in '/home/abdullrahmman/turtlesim_ws/build/turtlesim_interfaces' returned '0': CMAKE_PREFIX_PATH=${CMAKE_PREFIX_PATH}:/home/abdullrahmman/ros2_ws/install/simple_py_pkg:/home/abdullrahmman/turtlesim_ws/install/turtlesim_py_pkg:/opt/ros/humble /usr/bin/cmake --install /home/abdullrahmman/turtlesim_ws/build/turtlesim_interfaces
