/home/abdullrahmman/turtlesim_ws/install/turtlesim_py_pkg/lib/python3.10/site-packages/turtlesim_py_pkg/__init__.py
/home/abdullrahmman/turtlesim_ws/install/turtlesim_py_pkg/lib/python3.10/site-packages/turtlesim_py_pkg/go_to_loc.py
/home/abdullrahmman/turtlesim_ws/install/turtlesim_py_pkg/lib/python3.10/site-packages/turtlesim_py_pkg/spawn_turtle.py
/home/abdullrahmman/turtlesim_ws/install/turtlesim_py_pkg/lib/python3.10/site-packages/turtlesim_py_pkg/vel_controller.py
/home/abdullrahmman/turtlesim_ws/install/turtlesim_py_pkg/lib/python3.10/site-packages/turtlesim_py_pkg/__pycache__/__init__.cpython-310.pyc
/home/abdullrahmman/turtlesim_ws/install/turtlesim_py_pkg/lib/python3.10/site-packages/turtlesim_py_pkg/__pycache__/go_to_loc.cpython-310.pyc
/home/abdullrahmman/turtlesim_ws/install/turtlesim_py_pkg/lib/python3.10/site-packages/turtlesim_py_pkg/__pycache__/spawn_turtle.cpython-310.pyc
/home/abdullrahmman/turtlesim_ws/install/turtlesim_py_pkg/lib/python3.10/site-packages/turtlesim_py_pkg/__pycache__/vel_controller.cpython-310.pyc
/home/abdullrahmman/turtlesim_ws/install/turtlesim_py_pkg/share/ament_index/resource_index/packages/turtlesim_py_pkg
/home/abdullrahmman/turtlesim_ws/install/turtlesim_py_pkg/share/turtlesim_py_pkg/package.xml
/home/abdullrahmman/turtlesim_ws/install/turtlesim_py_pkg/lib/python3.10/site-packages/turtlesim_py_pkg-0.0.0-py3.10.egg-info/entry_points.txt
/home/abdullrahmman/turtlesim_ws/install/turtlesim_py_pkg/lib/python3.10/site-packages/turtlesim_py_pkg-0.0.0-py3.10.egg-info/requires.txt
/home/abdullrahmman/turtlesim_ws/install/turtlesim_py_pkg/lib/python3.10/site-packages/turtlesim_py_pkg-0.0.0-py3.10.egg-info/top_level.txt
/home/abdullrahmman/turtlesim_ws/install/turtlesim_py_pkg/lib/python3.10/site-packages/turtlesim_py_pkg-0.0.0-py3.10.egg-info/SOURCES.txt
/home/abdullrahmman/turtlesim_ws/install/turtlesim_py_pkg/lib/python3.10/site-packages/turtlesim_py_pkg-0.0.0-py3.10.egg-info/zip-safe
/home/abdullrahmman/turtlesim_ws/install/turtlesim_py_pkg/lib/python3.10/site-packages/turtlesim_py_pkg-0.0.0-py3.10.egg-info/PKG-INFO
/home/abdullrahmman/turtlesim_ws/install/turtlesim_py_pkg/lib/python3.10/site-packages/turtlesim_py_pkg-0.0.0-py3.10.egg-info/dependency_links.txt
/home/abdullrahmman/turtlesim_ws/install/turtlesim_py_pkg/lib/turtlesim_py_pkg/go_to_loc
/home/abdullrahmman/turtlesim_ws/install/turtlesim_py_pkg/lib/turtlesim_py_pkg/spawn_turtle
/home/abdullrahmman/turtlesim_ws/install/turtlesim_py_pkg/lib/turtlesim_py_pkg/vel_controller
