[0.565s] Invoking command in '/home/abdullrahmman/turtlesim_ws/build/turtlesim_py_pkg': PYTHONPATH=/home/abdullrahmman/turtlesim_ws/build/turtlesim_py_pkg/prefix_override:/usr/lib/python3/dist-packages/colcon_core/task/python/colcon_distutils_commands:/home/abdullrahmman/turtlesim_ws/install/turtlesim_py_pkg/lib/python3.10/site-packages:${PYTHONPATH} /usr/bin/python3 -W ignore:setup.py install is deprecated -W ignore:easy_install command is deprecated setup.py develop --uninstall --editable --build-directory /home/abdullrahmman/turtlesim_ws/build/turtlesim_py_pkg/build
[0.812s] running develop
[0.896s] Removing /home/abdullrahmman/turtlesim_ws/install/turtlesim_py_pkg/lib/python3.10/site-packages/turtlesim-py-pkg.egg-link (link to .)
[0.917s] Invoked command in '/home/abdullrahmman/turtlesim_ws/build/turtlesim_py_pkg' returned '0': PYTHONPATH=/home/abdullrahmman/turtlesim_ws/build/turtlesim_py_pkg/prefix_override:/usr/lib/python3/dist-packages/colcon_core/task/python/colcon_distutils_commands:/home/abdullrahmman/turtlesim_ws/install/turtlesim_py_pkg/lib/python3.10/site-packages:${PYTHONPATH} /usr/bin/python3 -W ignore:setup.py install is deprecated -W ignore:easy_install command is deprecated setup.py develop --uninstall --editable --build-directory /home/abdullrahmman/turtlesim_ws/build/turtlesim_py_pkg/build
[0.919s] Invoking command in '/home/abdullrahmman/turtlesim_ws/src/turtlesim_py_pkg': PYTHONPATH=/home/abdullrahmman/turtlesim_ws/build/turtlesim_py_pkg/prefix_override:/usr/lib/python3/dist-packages/colcon_core/task/python/colcon_distutils_commands:/home/abdullrahmman/turtlesim_ws/install/turtlesim_py_pkg/lib/python3.10/site-packages:${PYTHONPATH} /usr/bin/python3 -W ignore:setup.py install is deprecated -W ignore:easy_install command is deprecated setup.py egg_info --egg-base ../../build/turtlesim_py_pkg build --build-base /home/abdullrahmman/turtlesim_ws/build/turtlesim_py_pkg/build install --record /home/abdullrahmman/turtlesim_ws/build/turtlesim_py_pkg/install.log --single-version-externally-managed install_data --force
[1.078s] running egg_info
[1.078s] writing ../../build/turtlesim_py_pkg/turtlesim_py_pkg.egg-info/PKG-INFO
[1.078s] writing dependency_links to ../../build/turtlesim_py_pkg/turtlesim_py_pkg.egg-info/dependency_links.txt
[1.079s] writing entry points to ../../build/turtlesim_py_pkg/turtlesim_py_pkg.egg-info/entry_points.txt
[1.079s] writing requirements to ../../build/turtlesim_py_pkg/turtlesim_py_pkg.egg-info/requires.txt
[1.079s] writing top-level names to ../../build/turtlesim_py_pkg/turtlesim_py_pkg.egg-info/top_level.txt
[1.080s] reading manifest file '../../build/turtlesim_py_pkg/turtlesim_py_pkg.egg-info/SOURCES.txt'
[1.080s] writing manifest file '../../build/turtlesim_py_pkg/turtlesim_py_pkg.egg-info/SOURCES.txt'
[1.080s] running build
[1.080s] running build_py
[1.080s] copying turtlesim_py_pkg/go_to_loc.py -> /home/abdullrahmman/turtlesim_ws/build/turtlesim_py_pkg/build/lib/turtlesim_py_pkg
[1.080s] copying turtlesim_py_pkg/spawn_turtle.py -> /home/abdullrahmman/turtlesim_ws/build/turtlesim_py_pkg/build/lib/turtlesim_py_pkg
[1.080s] copying turtlesim_py_pkg/vel_controller.py -> /home/abdullrahmman/turtlesim_ws/build/turtlesim_py_pkg/build/lib/turtlesim_py_pkg
[1.080s] running install
[1.081s] running install_lib
[1.081s] creating /home/abdullrahmman/turtlesim_ws/install/turtlesim_py_pkg/lib/python3.10/site-packages/turtlesim_py_pkg
[1.081s] copying /home/abdullrahmman/turtlesim_ws/build/turtlesim_py_pkg/build/lib/turtlesim_py_pkg/__init__.py -> /home/abdullrahmman/turtlesim_ws/install/turtlesim_py_pkg/lib/python3.10/site-packages/turtlesim_py_pkg
[1.081s] copying /home/abdullrahmman/turtlesim_ws/build/turtlesim_py_pkg/build/lib/turtlesim_py_pkg/go_to_loc.py -> /home/abdullrahmman/turtlesim_ws/install/turtlesim_py_pkg/lib/python3.10/site-packages/turtlesim_py_pkg
[1.081s] copying /home/abdullrahmman/turtlesim_ws/build/turtlesim_py_pkg/build/lib/turtlesim_py_pkg/spawn_turtle.py -> /home/abdullrahmman/turtlesim_ws/install/turtlesim_py_pkg/lib/python3.10/site-packages/turtlesim_py_pkg
[1.081s] copying /home/abdullrahmman/turtlesim_ws/build/turtlesim_py_pkg/build/lib/turtlesim_py_pkg/vel_controller.py -> /home/abdullrahmman/turtlesim_ws/install/turtlesim_py_pkg/lib/python3.10/site-packages/turtlesim_py_pkg
[1.081s] byte-compiling /home/abdullrahmman/turtlesim_ws/install/turtlesim_py_pkg/lib/python3.10/site-packages/turtlesim_py_pkg/__init__.py to __init__.cpython-310.pyc
[1.082s] byte-compiling /home/abdullrahmman/turtlesim_ws/install/turtlesim_py_pkg/lib/python3.10/site-packages/turtlesim_py_pkg/go_to_loc.py to go_to_loc.cpython-310.pyc
[1.082s] byte-compiling /home/abdullrahmman/turtlesim_ws/install/turtlesim_py_pkg/lib/python3.10/site-packages/turtlesim_py_pkg/spawn_turtle.py to spawn_turtle.cpython-310.pyc
[1.082s] byte-compiling /home/abdullrahmman/turtlesim_ws/install/turtlesim_py_pkg/lib/python3.10/site-packages/turtlesim_py_pkg/vel_controller.py to vel_controller.cpython-310.pyc
[1.083s] running install_data
[1.083s] copying resource/turtlesim_py_pkg -> /home/abdullrahmman/turtlesim_ws/install/turtlesim_py_pkg/share/ament_index/resource_index/packages
[1.083s] copying package.xml -> /home/abdullrahmman/turtlesim_ws/install/turtlesim_py_pkg/share/turtlesim_py_pkg
[1.083s] running install_egg_info
[1.084s] Copying ../../build/turtlesim_py_pkg/turtlesim_py_pkg.egg-info to /home/abdullrahmman/turtlesim_ws/install/turtlesim_py_pkg/lib/python3.10/site-packages/turtlesim_py_pkg-0.0.0-py3.10.egg-info
[1.085s] running install_scripts
[1.100s] Installing go_to_loc script to /home/abdullrahmman/turtlesim_ws/install/turtlesim_py_pkg/lib/turtlesim_py_pkg
[1.100s] Installing spawn_turtle script to /home/abdullrahmman/turtlesim_ws/install/turtlesim_py_pkg/lib/turtlesim_py_pkg
[1.100s] Installing vel_controller script to /home/abdullrahmman/turtlesim_ws/install/turtlesim_py_pkg/lib/turtlesim_py_pkg
[1.100s] writing list of installed files to '/home/abdullrahmman/turtlesim_ws/build/turtlesim_py_pkg/install.log'
[1.120s] Invoked command in '/home/abdullrahmman/turtlesim_ws/src/turtlesim_py_pkg' returned '0': PYTHONPATH=/home/abdullrahmman/turtlesim_ws/build/turtlesim_py_pkg/prefix_override:/usr/lib/python3/dist-packages/colcon_core/task/python/colcon_distutils_commands:/home/abdullrahmman/turtlesim_ws/install/turtlesim_py_pkg/lib/python3.10/site-packages:${PYTHONPATH} /usr/bin/python3 -W ignore:setup.py install is deprecated -W ignore:easy_install command is deprecated setup.py egg_info --egg-base ../../build/turtlesim_py_pkg build --build-base /home/abdullrahmman/turtlesim_ws/build/turtlesim_py_pkg/build install --record /home/abdullrahmman/turtlesim_ws/build/turtlesim_py_pkg/install.log --single-version-externally-managed install_data --force
